ARM GAS  C:\Users\ncer\AppData\Local\Temp\ccZZfUAe.s 			page 1


   1              		.cpu cortex-m4
   2              		.eabi_attribute 27, 1
   3              		.eabi_attribute 28, 1
   4              		.eabi_attribute 20, 1
   5              		.eabi_attribute 21, 1
   6              		.eabi_attribute 23, 3
   7              		.eabi_attribute 24, 1
   8              		.eabi_attribute 25, 1
   9              		.eabi_attribute 26, 1
  10              		.eabi_attribute 30, 1
  11              		.eabi_attribute 34, 1
  12              		.eabi_attribute 18, 4
  13              		.file	"adc.c"
  14              		.text
  15              	.Ltext0:
  16              		.cfi_sections	.debug_frame
  17              		.section	.text.MX_ADC1_Init,"ax",%progbits
  18              		.align	1
  19              		.global	MX_ADC1_Init
  20              		.arch armv7e-m
  21              		.syntax unified
  22              		.thumb
  23              		.thumb_func
  24              		.fpu fpv4-sp-d16
  26              	MX_ADC1_Init:
  27              	.LFB130:
  28              		.file 1 "Src/adc.c"
   1:Src/adc.c     **** /**
   2:Src/adc.c     ****   ******************************************************************************
   3:Src/adc.c     ****   * File Name          : ADC.c
   4:Src/adc.c     ****   * Description        : This file provides code for the configuration
   5:Src/adc.c     ****   *                      of the ADC instances.
   6:Src/adc.c     ****   ******************************************************************************
   7:Src/adc.c     ****   * @attention
   8:Src/adc.c     ****   *
   9:Src/adc.c     ****   * <h2><center>&copy; Copyright (c) 2019 STMicroelectronics.
  10:Src/adc.c     ****   * All rights reserved.</center></h2>
  11:Src/adc.c     ****   *
  12:Src/adc.c     ****   * This software component is licensed by ST under BSD 3-Clause license,
  13:Src/adc.c     ****   * the "License"; You may not use this file except in compliance with the
  14:Src/adc.c     ****   * License. You may obtain a copy of the License at:
  15:Src/adc.c     ****   *                        opensource.org/licenses/BSD-3-Clause
  16:Src/adc.c     ****   *
  17:Src/adc.c     ****   ******************************************************************************
  18:Src/adc.c     ****   */
  19:Src/adc.c     **** 
  20:Src/adc.c     **** /* Includes ------------------------------------------------------------------*/
  21:Src/adc.c     **** #include "adc.h"
  22:Src/adc.c     **** 
  23:Src/adc.c     **** /* USER CODE BEGIN 0 */
  24:Src/adc.c     **** 
  25:Src/adc.c     **** /* USER CODE END 0 */
  26:Src/adc.c     **** 
  27:Src/adc.c     **** ADC_HandleTypeDef hadc1;
  28:Src/adc.c     **** ADC_HandleTypeDef hadc2;
  29:Src/adc.c     **** DMA_HandleTypeDef hdma_adc1;
  30:Src/adc.c     **** DMA_HandleTypeDef hdma_adc2;
ARM GAS  C:\Users\ncer\AppData\Local\Temp\ccZZfUAe.s 			page 2


  31:Src/adc.c     **** 
  32:Src/adc.c     **** /* ADC1 init function */
  33:Src/adc.c     **** void MX_ADC1_Init(void)
  34:Src/adc.c     **** {
  29              		.loc 1 34 1 view -0
  30              		.cfi_startproc
  31              		@ args = 0, pretend = 0, frame = 16
  32              		@ frame_needed = 0, uses_anonymous_args = 0
  33 0000 00B5     		push	{lr}
  34              	.LCFI0:
  35              		.cfi_def_cfa_offset 4
  36              		.cfi_offset 14, -4
  37 0002 85B0     		sub	sp, sp, #20
  38              	.LCFI1:
  39              		.cfi_def_cfa_offset 24
  35:Src/adc.c     ****   ADC_ChannelConfTypeDef sConfig = {0};
  40              		.loc 1 35 3 view .LVU1
  41              		.loc 1 35 26 is_stmt 0 view .LVU2
  42 0004 0023     		movs	r3, #0
  43 0006 0093     		str	r3, [sp]
  44 0008 0193     		str	r3, [sp, #4]
  45 000a 0293     		str	r3, [sp, #8]
  46 000c 0393     		str	r3, [sp, #12]
  36:Src/adc.c     **** 
  37:Src/adc.c     ****   /** Configure the global features of the ADC (Clock, Resolution, Data Alignment and number of con
  38:Src/adc.c     ****   */
  39:Src/adc.c     ****   hadc1.Instance = ADC1;
  47              		.loc 1 39 3 is_stmt 1 view .LVU3
  48              		.loc 1 39 18 is_stmt 0 view .LVU4
  49 000e 1D48     		ldr	r0, .L9
  50 0010 1D4A     		ldr	r2, .L9+4
  51 0012 0260     		str	r2, [r0]
  40:Src/adc.c     ****   hadc1.Init.ClockPrescaler = ADC_CLOCK_SYNC_PCLK_DIV4;
  52              		.loc 1 40 3 is_stmt 1 view .LVU5
  53              		.loc 1 40 29 is_stmt 0 view .LVU6
  54 0014 4FF48032 		mov	r2, #65536
  55 0018 4260     		str	r2, [r0, #4]
  41:Src/adc.c     ****   hadc1.Init.Resolution = ADC_RESOLUTION_12B;
  56              		.loc 1 41 3 is_stmt 1 view .LVU7
  57              		.loc 1 41 25 is_stmt 0 view .LVU8
  58 001a 8360     		str	r3, [r0, #8]
  42:Src/adc.c     ****   hadc1.Init.ScanConvMode = ENABLE;
  59              		.loc 1 42 3 is_stmt 1 view .LVU9
  60              		.loc 1 42 27 is_stmt 0 view .LVU10
  61 001c 0122     		movs	r2, #1
  62 001e 0261     		str	r2, [r0, #16]
  43:Src/adc.c     ****   hadc1.Init.ContinuousConvMode = DISABLE;
  63              		.loc 1 43 3 is_stmt 1 view .LVU11
  64              		.loc 1 43 33 is_stmt 0 view .LVU12
  65 0020 0376     		strb	r3, [r0, #24]
  44:Src/adc.c     ****   hadc1.Init.DiscontinuousConvMode = DISABLE;
  66              		.loc 1 44 3 is_stmt 1 view .LVU13
  67              		.loc 1 44 36 is_stmt 0 view .LVU14
  68 0022 80F82030 		strb	r3, [r0, #32]
  45:Src/adc.c     ****   hadc1.Init.ExternalTrigConvEdge = ADC_EXTERNALTRIGCONVEDGE_RISING;
  69              		.loc 1 45 3 is_stmt 1 view .LVU15
  70              		.loc 1 45 35 is_stmt 0 view .LVU16
ARM GAS  C:\Users\ncer\AppData\Local\Temp\ccZZfUAe.s 			page 3


  71 0026 4FF08051 		mov	r1, #268435456
  72 002a C162     		str	r1, [r0, #44]
  46:Src/adc.c     ****   hadc1.Init.ExternalTrigConv = ADC_EXTERNALTRIGCONV_T8_TRGO;
  73              		.loc 1 46 3 is_stmt 1 view .LVU17
  74              		.loc 1 46 31 is_stmt 0 view .LVU18
  75 002c 4FF06061 		mov	r1, #234881024
  76 0030 8162     		str	r1, [r0, #40]
  47:Src/adc.c     ****   hadc1.Init.DataAlign = ADC_DATAALIGN_RIGHT;
  77              		.loc 1 47 3 is_stmt 1 view .LVU19
  78              		.loc 1 47 24 is_stmt 0 view .LVU20
  79 0032 C360     		str	r3, [r0, #12]
  48:Src/adc.c     ****   hadc1.Init.NbrOfConversion = 2;
  80              		.loc 1 48 3 is_stmt 1 view .LVU21
  81              		.loc 1 48 30 is_stmt 0 view .LVU22
  82 0034 0221     		movs	r1, #2
  83 0036 C161     		str	r1, [r0, #28]
  49:Src/adc.c     ****   hadc1.Init.DMAContinuousRequests = ENABLE;
  84              		.loc 1 49 3 is_stmt 1 view .LVU23
  85              		.loc 1 49 36 is_stmt 0 view .LVU24
  86 0038 80F83020 		strb	r2, [r0, #48]
  50:Src/adc.c     ****   hadc1.Init.EOCSelection = ADC_EOC_SEQ_CONV;
  87              		.loc 1 50 3 is_stmt 1 view .LVU25
  88              		.loc 1 50 27 is_stmt 0 view .LVU26
  89 003c 4361     		str	r3, [r0, #20]
  51:Src/adc.c     ****   if (HAL_ADC_Init(&hadc1) != HAL_OK)
  90              		.loc 1 51 3 is_stmt 1 view .LVU27
  91              		.loc 1 51 7 is_stmt 0 view .LVU28
  92 003e FFF7FEFF 		bl	HAL_ADC_Init
  93              	.LVL0:
  94              		.loc 1 51 6 view .LVU29
  95 0042 A8B9     		cbnz	r0, .L6
  96              	.L2:
  52:Src/adc.c     ****   {
  53:Src/adc.c     ****     Error_Handler();
  54:Src/adc.c     ****   }
  55:Src/adc.c     ****   /** Configure for the selected ADC regular channel its corresponding rank in the sequencer and it
  56:Src/adc.c     ****   */
  57:Src/adc.c     ****   sConfig.Channel = ADC_CHANNEL_11;
  97              		.loc 1 57 3 is_stmt 1 view .LVU30
  98              		.loc 1 57 19 is_stmt 0 view .LVU31
  99 0044 0B23     		movs	r3, #11
 100 0046 0093     		str	r3, [sp]
  58:Src/adc.c     ****   sConfig.Rank = 1;
 101              		.loc 1 58 3 is_stmt 1 view .LVU32
 102              		.loc 1 58 16 is_stmt 0 view .LVU33
 103 0048 0123     		movs	r3, #1
 104 004a 0193     		str	r3, [sp, #4]
  59:Src/adc.c     ****   sConfig.SamplingTime = ADC_SAMPLETIME_15CYCLES;
 105              		.loc 1 59 3 is_stmt 1 view .LVU34
 106              		.loc 1 59 24 is_stmt 0 view .LVU35
 107 004c 0293     		str	r3, [sp, #8]
  60:Src/adc.c     ****   if (HAL_ADC_ConfigChannel(&hadc1, &sConfig) != HAL_OK)
 108              		.loc 1 60 3 is_stmt 1 view .LVU36
 109              		.loc 1 60 7 is_stmt 0 view .LVU37
 110 004e 6946     		mov	r1, sp
 111 0050 0C48     		ldr	r0, .L9
 112 0052 FFF7FEFF 		bl	HAL_ADC_ConfigChannel
ARM GAS  C:\Users\ncer\AppData\Local\Temp\ccZZfUAe.s 			page 4


 113              	.LVL1:
 114              		.loc 1 60 6 view .LVU38
 115 0056 70B9     		cbnz	r0, .L7
 116              	.L3:
  61:Src/adc.c     ****   {
  62:Src/adc.c     ****     Error_Handler();
  63:Src/adc.c     ****   }
  64:Src/adc.c     ****   /** Configure for the selected ADC regular channel its corresponding rank in the sequencer and it
  65:Src/adc.c     ****   */
  66:Src/adc.c     ****   sConfig.Channel = ADC_CHANNEL_3;
 117              		.loc 1 66 3 is_stmt 1 view .LVU39
 118              		.loc 1 66 19 is_stmt 0 view .LVU40
 119 0058 0323     		movs	r3, #3
 120 005a 0093     		str	r3, [sp]
  67:Src/adc.c     ****   sConfig.Rank = 2;
 121              		.loc 1 67 3 is_stmt 1 view .LVU41
 122              		.loc 1 67 16 is_stmt 0 view .LVU42
 123 005c 0223     		movs	r3, #2
 124 005e 0193     		str	r3, [sp, #4]
  68:Src/adc.c     ****   if (HAL_ADC_ConfigChannel(&hadc1, &sConfig) != HAL_OK)
 125              		.loc 1 68 3 is_stmt 1 view .LVU43
 126              		.loc 1 68 7 is_stmt 0 view .LVU44
 127 0060 6946     		mov	r1, sp
 128 0062 0848     		ldr	r0, .L9
 129 0064 FFF7FEFF 		bl	HAL_ADC_ConfigChannel
 130              	.LVL2:
 131              		.loc 1 68 6 view .LVU45
 132 0068 40B9     		cbnz	r0, .L8
 133              	.L1:
  69:Src/adc.c     ****   {
  70:Src/adc.c     ****     Error_Handler();
  71:Src/adc.c     ****   }
  72:Src/adc.c     **** 
  73:Src/adc.c     **** }
 134              		.loc 1 73 1 view .LVU46
 135 006a 05B0     		add	sp, sp, #20
 136              	.LCFI2:
 137              		.cfi_remember_state
 138              		.cfi_def_cfa_offset 4
 139              		@ sp needed
 140 006c 5DF804FB 		ldr	pc, [sp], #4
 141              	.L6:
 142              	.LCFI3:
 143              		.cfi_restore_state
  53:Src/adc.c     ****   }
 144              		.loc 1 53 5 is_stmt 1 view .LVU47
 145 0070 FFF7FEFF 		bl	Error_Handler
 146              	.LVL3:
 147 0074 E6E7     		b	.L2
 148              	.L7:
  62:Src/adc.c     ****   }
 149              		.loc 1 62 5 view .LVU48
 150 0076 FFF7FEFF 		bl	Error_Handler
 151              	.LVL4:
 152 007a EDE7     		b	.L3
 153              	.L8:
  70:Src/adc.c     ****   }
ARM GAS  C:\Users\ncer\AppData\Local\Temp\ccZZfUAe.s 			page 5


 154              		.loc 1 70 5 view .LVU49
 155 007c FFF7FEFF 		bl	Error_Handler
 156              	.LVL5:
 157              		.loc 1 73 1 is_stmt 0 view .LVU50
 158 0080 F3E7     		b	.L1
 159              	.L10:
 160 0082 00BF     		.align	2
 161              	.L9:
 162 0084 00000000 		.word	hadc1
 163 0088 00200140 		.word	1073815552
 164              		.cfi_endproc
 165              	.LFE130:
 167              		.section	.text.MX_ADC2_Init,"ax",%progbits
 168              		.align	1
 169              		.global	MX_ADC2_Init
 170              		.syntax unified
 171              		.thumb
 172              		.thumb_func
 173              		.fpu fpv4-sp-d16
 175              	MX_ADC2_Init:
 176              	.LFB131:
  74:Src/adc.c     **** /* ADC2 init function */
  75:Src/adc.c     **** void MX_ADC2_Init(void)
  76:Src/adc.c     **** {
 177              		.loc 1 76 1 is_stmt 1 view -0
 178              		.cfi_startproc
 179              		@ args = 0, pretend = 0, frame = 16
 180              		@ frame_needed = 0, uses_anonymous_args = 0
 181 0000 00B5     		push	{lr}
 182              	.LCFI4:
 183              		.cfi_def_cfa_offset 4
 184              		.cfi_offset 14, -4
 185 0002 85B0     		sub	sp, sp, #20
 186              	.LCFI5:
 187              		.cfi_def_cfa_offset 24
  77:Src/adc.c     ****   ADC_ChannelConfTypeDef sConfig = {0};
 188              		.loc 1 77 3 view .LVU52
 189              		.loc 1 77 26 is_stmt 0 view .LVU53
 190 0004 0023     		movs	r3, #0
 191 0006 0093     		str	r3, [sp]
 192 0008 0193     		str	r3, [sp, #4]
 193 000a 0293     		str	r3, [sp, #8]
 194 000c 0393     		str	r3, [sp, #12]
  78:Src/adc.c     **** 
  79:Src/adc.c     ****   /** Configure the global features of the ADC (Clock, Resolution, Data Alignment and number of con
  80:Src/adc.c     ****   */
  81:Src/adc.c     ****   hadc2.Instance = ADC2;
 195              		.loc 1 81 3 is_stmt 1 view .LVU54
 196              		.loc 1 81 18 is_stmt 0 view .LVU55
 197 000e 2348     		ldr	r0, .L21
 198 0010 234A     		ldr	r2, .L21+4
 199 0012 0260     		str	r2, [r0]
  82:Src/adc.c     ****   hadc2.Init.ClockPrescaler = ADC_CLOCK_SYNC_PCLK_DIV4;
 200              		.loc 1 82 3 is_stmt 1 view .LVU56
 201              		.loc 1 82 29 is_stmt 0 view .LVU57
 202 0014 4FF48032 		mov	r2, #65536
 203 0018 4260     		str	r2, [r0, #4]
ARM GAS  C:\Users\ncer\AppData\Local\Temp\ccZZfUAe.s 			page 6


  83:Src/adc.c     ****   hadc2.Init.Resolution = ADC_RESOLUTION_12B;
 204              		.loc 1 83 3 is_stmt 1 view .LVU58
 205              		.loc 1 83 25 is_stmt 0 view .LVU59
 206 001a 8360     		str	r3, [r0, #8]
  84:Src/adc.c     ****   hadc2.Init.ScanConvMode = ENABLE;
 207              		.loc 1 84 3 is_stmt 1 view .LVU60
 208              		.loc 1 84 27 is_stmt 0 view .LVU61
 209 001c 0122     		movs	r2, #1
 210 001e 0261     		str	r2, [r0, #16]
  85:Src/adc.c     ****   hadc2.Init.ContinuousConvMode = DISABLE;
 211              		.loc 1 85 3 is_stmt 1 view .LVU62
 212              		.loc 1 85 33 is_stmt 0 view .LVU63
 213 0020 0376     		strb	r3, [r0, #24]
  86:Src/adc.c     ****   hadc2.Init.DiscontinuousConvMode = DISABLE;
 214              		.loc 1 86 3 is_stmt 1 view .LVU64
 215              		.loc 1 86 36 is_stmt 0 view .LVU65
 216 0022 80F82030 		strb	r3, [r0, #32]
  87:Src/adc.c     ****   hadc2.Init.ExternalTrigConvEdge = ADC_EXTERNALTRIGCONVEDGE_RISING;
 217              		.loc 1 87 3 is_stmt 1 view .LVU66
 218              		.loc 1 87 35 is_stmt 0 view .LVU67
 219 0026 4FF08051 		mov	r1, #268435456
 220 002a C162     		str	r1, [r0, #44]
  88:Src/adc.c     ****   hadc2.Init.ExternalTrigConv = ADC_EXTERNALTRIGCONV_T8_TRGO;
 221              		.loc 1 88 3 is_stmt 1 view .LVU68
 222              		.loc 1 88 31 is_stmt 0 view .LVU69
 223 002c 4FF06061 		mov	r1, #234881024
 224 0030 8162     		str	r1, [r0, #40]
  89:Src/adc.c     ****   hadc2.Init.DataAlign = ADC_DATAALIGN_RIGHT;
 225              		.loc 1 89 3 is_stmt 1 view .LVU70
 226              		.loc 1 89 24 is_stmt 0 view .LVU71
 227 0032 C360     		str	r3, [r0, #12]
  90:Src/adc.c     ****   hadc2.Init.NbrOfConversion = 3;
 228              		.loc 1 90 3 is_stmt 1 view .LVU72
 229              		.loc 1 90 30 is_stmt 0 view .LVU73
 230 0034 0321     		movs	r1, #3
 231 0036 C161     		str	r1, [r0, #28]
  91:Src/adc.c     ****   hadc2.Init.DMAContinuousRequests = ENABLE;
 232              		.loc 1 91 3 is_stmt 1 view .LVU74
 233              		.loc 1 91 36 is_stmt 0 view .LVU75
 234 0038 80F83020 		strb	r2, [r0, #48]
  92:Src/adc.c     ****   hadc2.Init.EOCSelection = ADC_EOC_SEQ_CONV;
 235              		.loc 1 92 3 is_stmt 1 view .LVU76
 236              		.loc 1 92 27 is_stmt 0 view .LVU77
 237 003c 4361     		str	r3, [r0, #20]
  93:Src/adc.c     ****   if (HAL_ADC_Init(&hadc2) != HAL_OK)
 238              		.loc 1 93 3 is_stmt 1 view .LVU78
 239              		.loc 1 93 7 is_stmt 0 view .LVU79
 240 003e FFF7FEFF 		bl	HAL_ADC_Init
 241              	.LVL6:
 242              		.loc 1 93 6 view .LVU80
 243 0042 F0B9     		cbnz	r0, .L17
 244              	.L12:
  94:Src/adc.c     ****   {
  95:Src/adc.c     ****     Error_Handler();
  96:Src/adc.c     ****   }
  97:Src/adc.c     ****   /** Configure for the selected ADC regular channel its corresponding rank in the sequencer and it
  98:Src/adc.c     ****   */
ARM GAS  C:\Users\ncer\AppData\Local\Temp\ccZZfUAe.s 			page 7


  99:Src/adc.c     ****   sConfig.Channel = ADC_CHANNEL_12;
 245              		.loc 1 99 3 is_stmt 1 view .LVU81
 246              		.loc 1 99 19 is_stmt 0 view .LVU82
 247 0044 0C23     		movs	r3, #12
 248 0046 0093     		str	r3, [sp]
 100:Src/adc.c     ****   sConfig.Rank = 1;
 249              		.loc 1 100 3 is_stmt 1 view .LVU83
 250              		.loc 1 100 16 is_stmt 0 view .LVU84
 251 0048 0123     		movs	r3, #1
 252 004a 0193     		str	r3, [sp, #4]
 101:Src/adc.c     ****   sConfig.SamplingTime = ADC_SAMPLETIME_15CYCLES;
 253              		.loc 1 101 3 is_stmt 1 view .LVU85
 254              		.loc 1 101 24 is_stmt 0 view .LVU86
 255 004c 0293     		str	r3, [sp, #8]
 102:Src/adc.c     ****   if (HAL_ADC_ConfigChannel(&hadc2, &sConfig) != HAL_OK)
 256              		.loc 1 102 3 is_stmt 1 view .LVU87
 257              		.loc 1 102 7 is_stmt 0 view .LVU88
 258 004e 6946     		mov	r1, sp
 259 0050 1248     		ldr	r0, .L21
 260 0052 FFF7FEFF 		bl	HAL_ADC_ConfigChannel
 261              	.LVL7:
 262              		.loc 1 102 6 view .LVU89
 263 0056 B8B9     		cbnz	r0, .L18
 264              	.L13:
 103:Src/adc.c     ****   {
 104:Src/adc.c     ****     Error_Handler();
 105:Src/adc.c     ****   }
 106:Src/adc.c     ****   /** Configure for the selected ADC regular channel its corresponding rank in the sequencer and it
 107:Src/adc.c     ****   */
 108:Src/adc.c     ****   sConfig.Channel = ADC_CHANNEL_4;
 265              		.loc 1 108 3 is_stmt 1 view .LVU90
 266              		.loc 1 108 19 is_stmt 0 view .LVU91
 267 0058 0423     		movs	r3, #4
 268 005a 0093     		str	r3, [sp]
 109:Src/adc.c     ****   sConfig.Rank = 2;
 269              		.loc 1 109 3 is_stmt 1 view .LVU92
 270              		.loc 1 109 16 is_stmt 0 view .LVU93
 271 005c 0223     		movs	r3, #2
 272 005e 0193     		str	r3, [sp, #4]
 110:Src/adc.c     ****   if (HAL_ADC_ConfigChannel(&hadc2, &sConfig) != HAL_OK)
 273              		.loc 1 110 3 is_stmt 1 view .LVU94
 274              		.loc 1 110 7 is_stmt 0 view .LVU95
 275 0060 6946     		mov	r1, sp
 276 0062 0E48     		ldr	r0, .L21
 277 0064 FFF7FEFF 		bl	HAL_ADC_ConfigChannel
 278              	.LVL8:
 279              		.loc 1 110 6 view .LVU96
 280 0068 88B9     		cbnz	r0, .L19
 281              	.L14:
 111:Src/adc.c     ****   {
 112:Src/adc.c     ****     Error_Handler();
 113:Src/adc.c     ****   }
 114:Src/adc.c     ****   /** Configure for the selected ADC regular channel its corresponding rank in the sequencer and it
 115:Src/adc.c     ****   */
 116:Src/adc.c     ****   sConfig.Channel = ADC_CHANNEL_5;
 282              		.loc 1 116 3 is_stmt 1 view .LVU97
 283              		.loc 1 116 19 is_stmt 0 view .LVU98
ARM GAS  C:\Users\ncer\AppData\Local\Temp\ccZZfUAe.s 			page 8


 284 006a 0523     		movs	r3, #5
 285 006c 0093     		str	r3, [sp]
 117:Src/adc.c     ****   sConfig.Rank = 3;
 286              		.loc 1 117 3 is_stmt 1 view .LVU99
 287              		.loc 1 117 16 is_stmt 0 view .LVU100
 288 006e 0323     		movs	r3, #3
 289 0070 0193     		str	r3, [sp, #4]
 118:Src/adc.c     ****   if (HAL_ADC_ConfigChannel(&hadc2, &sConfig) != HAL_OK)
 290              		.loc 1 118 3 is_stmt 1 view .LVU101
 291              		.loc 1 118 7 is_stmt 0 view .LVU102
 292 0072 6946     		mov	r1, sp
 293 0074 0948     		ldr	r0, .L21
 294 0076 FFF7FEFF 		bl	HAL_ADC_ConfigChannel
 295              	.LVL9:
 296              		.loc 1 118 6 view .LVU103
 297 007a 58B9     		cbnz	r0, .L20
 298              	.L11:
 119:Src/adc.c     ****   {
 120:Src/adc.c     ****     Error_Handler();
 121:Src/adc.c     ****   }
 122:Src/adc.c     **** 
 123:Src/adc.c     **** }
 299              		.loc 1 123 1 view .LVU104
 300 007c 05B0     		add	sp, sp, #20
 301              	.LCFI6:
 302              		.cfi_remember_state
 303              		.cfi_def_cfa_offset 4
 304              		@ sp needed
 305 007e 5DF804FB 		ldr	pc, [sp], #4
 306              	.L17:
 307              	.LCFI7:
 308              		.cfi_restore_state
  95:Src/adc.c     ****   }
 309              		.loc 1 95 5 is_stmt 1 view .LVU105
 310 0082 FFF7FEFF 		bl	Error_Handler
 311              	.LVL10:
 312 0086 DDE7     		b	.L12
 313              	.L18:
 104:Src/adc.c     ****   }
 314              		.loc 1 104 5 view .LVU106
 315 0088 FFF7FEFF 		bl	Error_Handler
 316              	.LVL11:
 317 008c E4E7     		b	.L13
 318              	.L19:
 112:Src/adc.c     ****   }
 319              		.loc 1 112 5 view .LVU107
 320 008e FFF7FEFF 		bl	Error_Handler
 321              	.LVL12:
 322 0092 EAE7     		b	.L14
 323              	.L20:
 120:Src/adc.c     ****   }
 324              		.loc 1 120 5 view .LVU108
 325 0094 FFF7FEFF 		bl	Error_Handler
 326              	.LVL13:
 327              		.loc 1 123 1 is_stmt 0 view .LVU109
 328 0098 F0E7     		b	.L11
 329              	.L22:
ARM GAS  C:\Users\ncer\AppData\Local\Temp\ccZZfUAe.s 			page 9


 330 009a 00BF     		.align	2
 331              	.L21:
 332 009c 00000000 		.word	hadc2
 333 00a0 00210140 		.word	1073815808
 334              		.cfi_endproc
 335              	.LFE131:
 337              		.section	.text.HAL_ADC_MspInit,"ax",%progbits
 338              		.align	1
 339              		.global	HAL_ADC_MspInit
 340              		.syntax unified
 341              		.thumb
 342              		.thumb_func
 343              		.fpu fpv4-sp-d16
 345              	HAL_ADC_MspInit:
 346              	.LVL14:
 347              	.LFB132:
 124:Src/adc.c     **** 
 125:Src/adc.c     **** void HAL_ADC_MspInit(ADC_HandleTypeDef* adcHandle)
 126:Src/adc.c     **** {
 348              		.loc 1 126 1 is_stmt 1 view -0
 349              		.cfi_startproc
 350              		@ args = 0, pretend = 0, frame = 48
 351              		@ frame_needed = 0, uses_anonymous_args = 0
 352              		.loc 1 126 1 is_stmt 0 view .LVU111
 353 0000 70B5     		push	{r4, r5, r6, lr}
 354              	.LCFI8:
 355              		.cfi_def_cfa_offset 16
 356              		.cfi_offset 4, -16
 357              		.cfi_offset 5, -12
 358              		.cfi_offset 6, -8
 359              		.cfi_offset 14, -4
 360 0002 8CB0     		sub	sp, sp, #48
 361              	.LCFI9:
 362              		.cfi_def_cfa_offset 64
 363 0004 0446     		mov	r4, r0
 127:Src/adc.c     **** 
 128:Src/adc.c     ****   GPIO_InitTypeDef GPIO_InitStruct = {0};
 364              		.loc 1 128 3 is_stmt 1 view .LVU112
 365              		.loc 1 128 20 is_stmt 0 view .LVU113
 366 0006 0023     		movs	r3, #0
 367 0008 0793     		str	r3, [sp, #28]
 368 000a 0893     		str	r3, [sp, #32]
 369 000c 0993     		str	r3, [sp, #36]
 370 000e 0A93     		str	r3, [sp, #40]
 371 0010 0B93     		str	r3, [sp, #44]
 129:Src/adc.c     ****   if(adcHandle->Instance==ADC1)
 372              		.loc 1 129 3 is_stmt 1 view .LVU114
 373              		.loc 1 129 15 is_stmt 0 view .LVU115
 374 0012 0368     		ldr	r3, [r0]
 375              		.loc 1 129 5 view .LVU116
 376 0014 554A     		ldr	r2, .L33
 377 0016 9342     		cmp	r3, r2
 378 0018 04D0     		beq	.L29
 130:Src/adc.c     ****   {
 131:Src/adc.c     ****   /* USER CODE BEGIN ADC1_MspInit 0 */
 132:Src/adc.c     **** 
 133:Src/adc.c     ****   /* USER CODE END ADC1_MspInit 0 */
ARM GAS  C:\Users\ncer\AppData\Local\Temp\ccZZfUAe.s 			page 10


 134:Src/adc.c     ****     /* ADC1 clock enable */
 135:Src/adc.c     ****     __HAL_RCC_ADC1_CLK_ENABLE();
 136:Src/adc.c     ****   
 137:Src/adc.c     ****     __HAL_RCC_GPIOC_CLK_ENABLE();
 138:Src/adc.c     ****     __HAL_RCC_GPIOA_CLK_ENABLE();
 139:Src/adc.c     ****     /**ADC1 GPIO Configuration    
 140:Src/adc.c     ****     PC1     ------> ADC1_IN11
 141:Src/adc.c     ****     PA3     ------> ADC1_IN3 
 142:Src/adc.c     ****     */
 143:Src/adc.c     ****     GPIO_InitStruct.Pin = GPIO_PIN_1;
 144:Src/adc.c     ****     GPIO_InitStruct.Mode = GPIO_MODE_ANALOG;
 145:Src/adc.c     ****     GPIO_InitStruct.Pull = GPIO_NOPULL;
 146:Src/adc.c     ****     HAL_GPIO_Init(GPIOC, &GPIO_InitStruct);
 147:Src/adc.c     **** 
 148:Src/adc.c     ****     GPIO_InitStruct.Pin = GPIO_PIN_3;
 149:Src/adc.c     ****     GPIO_InitStruct.Mode = GPIO_MODE_ANALOG;
 150:Src/adc.c     ****     GPIO_InitStruct.Pull = GPIO_NOPULL;
 151:Src/adc.c     ****     HAL_GPIO_Init(GPIOA, &GPIO_InitStruct);
 152:Src/adc.c     **** 
 153:Src/adc.c     ****     /* ADC1 DMA Init */
 154:Src/adc.c     ****     /* ADC1 Init */
 155:Src/adc.c     ****     hdma_adc1.Instance = DMA2_Stream0;
 156:Src/adc.c     ****     hdma_adc1.Init.Channel = DMA_CHANNEL_0;
 157:Src/adc.c     ****     hdma_adc1.Init.Direction = DMA_PERIPH_TO_MEMORY;
 158:Src/adc.c     ****     hdma_adc1.Init.PeriphInc = DMA_PINC_DISABLE;
 159:Src/adc.c     ****     hdma_adc1.Init.MemInc = DMA_MINC_ENABLE;
 160:Src/adc.c     ****     hdma_adc1.Init.PeriphDataAlignment = DMA_PDATAALIGN_HALFWORD;
 161:Src/adc.c     ****     hdma_adc1.Init.MemDataAlignment = DMA_MDATAALIGN_HALFWORD;
 162:Src/adc.c     ****     hdma_adc1.Init.Mode = DMA_CIRCULAR;
 163:Src/adc.c     ****     hdma_adc1.Init.Priority = DMA_PRIORITY_HIGH;
 164:Src/adc.c     ****     hdma_adc1.Init.FIFOMode = DMA_FIFOMODE_DISABLE;
 165:Src/adc.c     ****     if (HAL_DMA_Init(&hdma_adc1) != HAL_OK)
 166:Src/adc.c     ****     {
 167:Src/adc.c     ****       Error_Handler();
 168:Src/adc.c     ****     }
 169:Src/adc.c     **** 
 170:Src/adc.c     ****     __HAL_LINKDMA(adcHandle,DMA_Handle,hdma_adc1);
 171:Src/adc.c     **** 
 172:Src/adc.c     ****   /* USER CODE BEGIN ADC1_MspInit 1 */
 173:Src/adc.c     **** 
 174:Src/adc.c     ****   /* USER CODE END ADC1_MspInit 1 */
 175:Src/adc.c     ****   }
 176:Src/adc.c     ****   else if(adcHandle->Instance==ADC2)
 379              		.loc 1 176 8 is_stmt 1 view .LVU117
 380              		.loc 1 176 10 is_stmt 0 view .LVU118
 381 001a 554A     		ldr	r2, .L33+4
 382 001c 9342     		cmp	r3, r2
 383 001e 52D0     		beq	.L30
 384              	.LVL15:
 385              	.L23:
 177:Src/adc.c     ****   {
 178:Src/adc.c     ****   /* USER CODE BEGIN ADC2_MspInit 0 */
 179:Src/adc.c     **** 
 180:Src/adc.c     ****   /* USER CODE END ADC2_MspInit 0 */
 181:Src/adc.c     ****     /* ADC2 clock enable */
 182:Src/adc.c     ****     __HAL_RCC_ADC2_CLK_ENABLE();
 183:Src/adc.c     ****   
ARM GAS  C:\Users\ncer\AppData\Local\Temp\ccZZfUAe.s 			page 11


 184:Src/adc.c     ****     __HAL_RCC_GPIOC_CLK_ENABLE();
 185:Src/adc.c     ****     __HAL_RCC_GPIOA_CLK_ENABLE();
 186:Src/adc.c     ****     /**ADC2 GPIO Configuration    
 187:Src/adc.c     ****     PC2     ------> ADC2_IN12
 188:Src/adc.c     ****     PA4     ------> ADC2_IN4
 189:Src/adc.c     ****     PA5     ------> ADC2_IN5 
 190:Src/adc.c     ****     */
 191:Src/adc.c     ****     GPIO_InitStruct.Pin = GPIO_PIN_2;
 192:Src/adc.c     ****     GPIO_InitStruct.Mode = GPIO_MODE_ANALOG;
 193:Src/adc.c     ****     GPIO_InitStruct.Pull = GPIO_NOPULL;
 194:Src/adc.c     ****     HAL_GPIO_Init(GPIOC, &GPIO_InitStruct);
 195:Src/adc.c     **** 
 196:Src/adc.c     ****     GPIO_InitStruct.Pin = GPIO_PIN_4|GPIO_PIN_5;
 197:Src/adc.c     ****     GPIO_InitStruct.Mode = GPIO_MODE_ANALOG;
 198:Src/adc.c     ****     GPIO_InitStruct.Pull = GPIO_NOPULL;
 199:Src/adc.c     ****     HAL_GPIO_Init(GPIOA, &GPIO_InitStruct);
 200:Src/adc.c     **** 
 201:Src/adc.c     ****     /* ADC2 DMA Init */
 202:Src/adc.c     ****     /* ADC2 Init */
 203:Src/adc.c     ****     hdma_adc2.Instance = DMA2_Stream2;
 204:Src/adc.c     ****     hdma_adc2.Init.Channel = DMA_CHANNEL_1;
 205:Src/adc.c     ****     hdma_adc2.Init.Direction = DMA_PERIPH_TO_MEMORY;
 206:Src/adc.c     ****     hdma_adc2.Init.PeriphInc = DMA_PINC_DISABLE;
 207:Src/adc.c     ****     hdma_adc2.Init.MemInc = DMA_MINC_ENABLE;
 208:Src/adc.c     ****     hdma_adc2.Init.PeriphDataAlignment = DMA_PDATAALIGN_HALFWORD;
 209:Src/adc.c     ****     hdma_adc2.Init.MemDataAlignment = DMA_MDATAALIGN_HALFWORD;
 210:Src/adc.c     ****     hdma_adc2.Init.Mode = DMA_CIRCULAR;
 211:Src/adc.c     ****     hdma_adc2.Init.Priority = DMA_PRIORITY_HIGH;
 212:Src/adc.c     ****     hdma_adc2.Init.FIFOMode = DMA_FIFOMODE_DISABLE;
 213:Src/adc.c     ****     if (HAL_DMA_Init(&hdma_adc2) != HAL_OK)
 214:Src/adc.c     ****     {
 215:Src/adc.c     ****       Error_Handler();
 216:Src/adc.c     ****     }
 217:Src/adc.c     **** 
 218:Src/adc.c     ****     __HAL_LINKDMA(adcHandle,DMA_Handle,hdma_adc2);
 219:Src/adc.c     **** 
 220:Src/adc.c     ****   /* USER CODE BEGIN ADC2_MspInit 1 */
 221:Src/adc.c     **** 
 222:Src/adc.c     ****   /* USER CODE END ADC2_MspInit 1 */
 223:Src/adc.c     ****   }
 224:Src/adc.c     **** }
 386              		.loc 1 224 1 view .LVU119
 387 0020 0CB0     		add	sp, sp, #48
 388              	.LCFI10:
 389              		.cfi_remember_state
 390              		.cfi_def_cfa_offset 16
 391              		@ sp needed
 392 0022 70BD     		pop	{r4, r5, r6, pc}
 393              	.LVL16:
 394              	.L29:
 395              	.LCFI11:
 396              		.cfi_restore_state
 135:Src/adc.c     ****   
 397              		.loc 1 135 5 is_stmt 1 view .LVU120
 398              	.LBB2:
 135:Src/adc.c     ****   
 399              		.loc 1 135 5 view .LVU121
ARM GAS  C:\Users\ncer\AppData\Local\Temp\ccZZfUAe.s 			page 12


 400 0024 0025     		movs	r5, #0
 401 0026 0195     		str	r5, [sp, #4]
 135:Src/adc.c     ****   
 402              		.loc 1 135 5 view .LVU122
 403 0028 524B     		ldr	r3, .L33+8
 404 002a 5A6C     		ldr	r2, [r3, #68]
 405 002c 42F48072 		orr	r2, r2, #256
 406 0030 5A64     		str	r2, [r3, #68]
 135:Src/adc.c     ****   
 407              		.loc 1 135 5 view .LVU123
 408 0032 5A6C     		ldr	r2, [r3, #68]
 409 0034 02F48072 		and	r2, r2, #256
 410 0038 0192     		str	r2, [sp, #4]
 135:Src/adc.c     ****   
 411              		.loc 1 135 5 view .LVU124
 412 003a 019A     		ldr	r2, [sp, #4]
 413              	.LBE2:
 135:Src/adc.c     ****   
 414              		.loc 1 135 5 view .LVU125
 137:Src/adc.c     ****     __HAL_RCC_GPIOA_CLK_ENABLE();
 415              		.loc 1 137 5 view .LVU126
 416              	.LBB3:
 137:Src/adc.c     ****     __HAL_RCC_GPIOA_CLK_ENABLE();
 417              		.loc 1 137 5 view .LVU127
 418 003c 0295     		str	r5, [sp, #8]
 137:Src/adc.c     ****     __HAL_RCC_GPIOA_CLK_ENABLE();
 419              		.loc 1 137 5 view .LVU128
 420 003e 1A6B     		ldr	r2, [r3, #48]
 421 0040 42F00402 		orr	r2, r2, #4
 422 0044 1A63     		str	r2, [r3, #48]
 137:Src/adc.c     ****     __HAL_RCC_GPIOA_CLK_ENABLE();
 423              		.loc 1 137 5 view .LVU129
 424 0046 1A6B     		ldr	r2, [r3, #48]
 425 0048 02F00402 		and	r2, r2, #4
 426 004c 0292     		str	r2, [sp, #8]
 137:Src/adc.c     ****     __HAL_RCC_GPIOA_CLK_ENABLE();
 427              		.loc 1 137 5 view .LVU130
 428 004e 029A     		ldr	r2, [sp, #8]
 429              	.LBE3:
 137:Src/adc.c     ****     __HAL_RCC_GPIOA_CLK_ENABLE();
 430              		.loc 1 137 5 view .LVU131
 138:Src/adc.c     ****     /**ADC1 GPIO Configuration    
 431              		.loc 1 138 5 view .LVU132
 432              	.LBB4:
 138:Src/adc.c     ****     /**ADC1 GPIO Configuration    
 433              		.loc 1 138 5 view .LVU133
 434 0050 0395     		str	r5, [sp, #12]
 138:Src/adc.c     ****     /**ADC1 GPIO Configuration    
 435              		.loc 1 138 5 view .LVU134
 436 0052 1A6B     		ldr	r2, [r3, #48]
 437 0054 42F00102 		orr	r2, r2, #1
 438 0058 1A63     		str	r2, [r3, #48]
 138:Src/adc.c     ****     /**ADC1 GPIO Configuration    
 439              		.loc 1 138 5 view .LVU135
 440 005a 1B6B     		ldr	r3, [r3, #48]
 441 005c 03F00103 		and	r3, r3, #1
 442 0060 0393     		str	r3, [sp, #12]
ARM GAS  C:\Users\ncer\AppData\Local\Temp\ccZZfUAe.s 			page 13


 138:Src/adc.c     ****     /**ADC1 GPIO Configuration    
 443              		.loc 1 138 5 view .LVU136
 444 0062 039B     		ldr	r3, [sp, #12]
 445              	.LBE4:
 138:Src/adc.c     ****     /**ADC1 GPIO Configuration    
 446              		.loc 1 138 5 view .LVU137
 143:Src/adc.c     ****     GPIO_InitStruct.Mode = GPIO_MODE_ANALOG;
 447              		.loc 1 143 5 view .LVU138
 143:Src/adc.c     ****     GPIO_InitStruct.Mode = GPIO_MODE_ANALOG;
 448              		.loc 1 143 25 is_stmt 0 view .LVU139
 449 0064 0223     		movs	r3, #2
 450 0066 0793     		str	r3, [sp, #28]
 144:Src/adc.c     ****     GPIO_InitStruct.Pull = GPIO_NOPULL;
 451              		.loc 1 144 5 is_stmt 1 view .LVU140
 144:Src/adc.c     ****     GPIO_InitStruct.Pull = GPIO_NOPULL;
 452              		.loc 1 144 26 is_stmt 0 view .LVU141
 453 0068 0326     		movs	r6, #3
 454 006a 0896     		str	r6, [sp, #32]
 145:Src/adc.c     ****     HAL_GPIO_Init(GPIOC, &GPIO_InitStruct);
 455              		.loc 1 145 5 is_stmt 1 view .LVU142
 145:Src/adc.c     ****     HAL_GPIO_Init(GPIOC, &GPIO_InitStruct);
 456              		.loc 1 145 26 is_stmt 0 view .LVU143
 457 006c 0995     		str	r5, [sp, #36]
 146:Src/adc.c     **** 
 458              		.loc 1 146 5 is_stmt 1 view .LVU144
 459 006e 07A9     		add	r1, sp, #28
 460 0070 4148     		ldr	r0, .L33+12
 461              	.LVL17:
 146:Src/adc.c     **** 
 462              		.loc 1 146 5 is_stmt 0 view .LVU145
 463 0072 FFF7FEFF 		bl	HAL_GPIO_Init
 464              	.LVL18:
 148:Src/adc.c     ****     GPIO_InitStruct.Mode = GPIO_MODE_ANALOG;
 465              		.loc 1 148 5 is_stmt 1 view .LVU146
 148:Src/adc.c     ****     GPIO_InitStruct.Mode = GPIO_MODE_ANALOG;
 466              		.loc 1 148 25 is_stmt 0 view .LVU147
 467 0076 0823     		movs	r3, #8
 468 0078 0793     		str	r3, [sp, #28]
 149:Src/adc.c     ****     GPIO_InitStruct.Pull = GPIO_NOPULL;
 469              		.loc 1 149 5 is_stmt 1 view .LVU148
 149:Src/adc.c     ****     GPIO_InitStruct.Pull = GPIO_NOPULL;
 470              		.loc 1 149 26 is_stmt 0 view .LVU149
 471 007a 0896     		str	r6, [sp, #32]
 150:Src/adc.c     ****     HAL_GPIO_Init(GPIOA, &GPIO_InitStruct);
 472              		.loc 1 150 5 is_stmt 1 view .LVU150
 150:Src/adc.c     ****     HAL_GPIO_Init(GPIOA, &GPIO_InitStruct);
 473              		.loc 1 150 26 is_stmt 0 view .LVU151
 474 007c 0995     		str	r5, [sp, #36]
 151:Src/adc.c     **** 
 475              		.loc 1 151 5 is_stmt 1 view .LVU152
 476 007e 07A9     		add	r1, sp, #28
 477 0080 3E48     		ldr	r0, .L33+16
 478 0082 FFF7FEFF 		bl	HAL_GPIO_Init
 479              	.LVL19:
 155:Src/adc.c     ****     hdma_adc1.Init.Channel = DMA_CHANNEL_0;
 480              		.loc 1 155 5 view .LVU153
 155:Src/adc.c     ****     hdma_adc1.Init.Channel = DMA_CHANNEL_0;
ARM GAS  C:\Users\ncer\AppData\Local\Temp\ccZZfUAe.s 			page 14


 481              		.loc 1 155 24 is_stmt 0 view .LVU154
 482 0086 3E48     		ldr	r0, .L33+20
 483 0088 3E4B     		ldr	r3, .L33+24
 484 008a 0360     		str	r3, [r0]
 156:Src/adc.c     ****     hdma_adc1.Init.Direction = DMA_PERIPH_TO_MEMORY;
 485              		.loc 1 156 5 is_stmt 1 view .LVU155
 156:Src/adc.c     ****     hdma_adc1.Init.Direction = DMA_PERIPH_TO_MEMORY;
 486              		.loc 1 156 28 is_stmt 0 view .LVU156
 487 008c 4560     		str	r5, [r0, #4]
 157:Src/adc.c     ****     hdma_adc1.Init.PeriphInc = DMA_PINC_DISABLE;
 488              		.loc 1 157 5 is_stmt 1 view .LVU157
 157:Src/adc.c     ****     hdma_adc1.Init.PeriphInc = DMA_PINC_DISABLE;
 489              		.loc 1 157 30 is_stmt 0 view .LVU158
 490 008e 8560     		str	r5, [r0, #8]
 158:Src/adc.c     ****     hdma_adc1.Init.MemInc = DMA_MINC_ENABLE;
 491              		.loc 1 158 5 is_stmt 1 view .LVU159
 158:Src/adc.c     ****     hdma_adc1.Init.MemInc = DMA_MINC_ENABLE;
 492              		.loc 1 158 30 is_stmt 0 view .LVU160
 493 0090 C560     		str	r5, [r0, #12]
 159:Src/adc.c     ****     hdma_adc1.Init.PeriphDataAlignment = DMA_PDATAALIGN_HALFWORD;
 494              		.loc 1 159 5 is_stmt 1 view .LVU161
 159:Src/adc.c     ****     hdma_adc1.Init.PeriphDataAlignment = DMA_PDATAALIGN_HALFWORD;
 495              		.loc 1 159 27 is_stmt 0 view .LVU162
 496 0092 4FF48063 		mov	r3, #1024
 497 0096 0361     		str	r3, [r0, #16]
 160:Src/adc.c     ****     hdma_adc1.Init.MemDataAlignment = DMA_MDATAALIGN_HALFWORD;
 498              		.loc 1 160 5 is_stmt 1 view .LVU163
 160:Src/adc.c     ****     hdma_adc1.Init.MemDataAlignment = DMA_MDATAALIGN_HALFWORD;
 499              		.loc 1 160 40 is_stmt 0 view .LVU164
 500 0098 4FF40063 		mov	r3, #2048
 501 009c 4361     		str	r3, [r0, #20]
 161:Src/adc.c     ****     hdma_adc1.Init.Mode = DMA_CIRCULAR;
 502              		.loc 1 161 5 is_stmt 1 view .LVU165
 161:Src/adc.c     ****     hdma_adc1.Init.Mode = DMA_CIRCULAR;
 503              		.loc 1 161 37 is_stmt 0 view .LVU166
 504 009e 4FF40053 		mov	r3, #8192
 505 00a2 8361     		str	r3, [r0, #24]
 162:Src/adc.c     ****     hdma_adc1.Init.Priority = DMA_PRIORITY_HIGH;
 506              		.loc 1 162 5 is_stmt 1 view .LVU167
 162:Src/adc.c     ****     hdma_adc1.Init.Priority = DMA_PRIORITY_HIGH;
 507              		.loc 1 162 25 is_stmt 0 view .LVU168
 508 00a4 4FF48073 		mov	r3, #256
 509 00a8 C361     		str	r3, [r0, #28]
 163:Src/adc.c     ****     hdma_adc1.Init.FIFOMode = DMA_FIFOMODE_DISABLE;
 510              		.loc 1 163 5 is_stmt 1 view .LVU169
 163:Src/adc.c     ****     hdma_adc1.Init.FIFOMode = DMA_FIFOMODE_DISABLE;
 511              		.loc 1 163 29 is_stmt 0 view .LVU170
 512 00aa 4FF40033 		mov	r3, #131072
 513 00ae 0362     		str	r3, [r0, #32]
 164:Src/adc.c     ****     if (HAL_DMA_Init(&hdma_adc1) != HAL_OK)
 514              		.loc 1 164 5 is_stmt 1 view .LVU171
 164:Src/adc.c     ****     if (HAL_DMA_Init(&hdma_adc1) != HAL_OK)
 515              		.loc 1 164 29 is_stmt 0 view .LVU172
 516 00b0 4562     		str	r5, [r0, #36]
 165:Src/adc.c     ****     {
 517              		.loc 1 165 5 is_stmt 1 view .LVU173
 165:Src/adc.c     ****     {
ARM GAS  C:\Users\ncer\AppData\Local\Temp\ccZZfUAe.s 			page 15


 518              		.loc 1 165 9 is_stmt 0 view .LVU174
 519 00b2 FFF7FEFF 		bl	HAL_DMA_Init
 520              	.LVL20:
 165:Src/adc.c     ****     {
 521              		.loc 1 165 8 view .LVU175
 522 00b6 18B9     		cbnz	r0, .L31
 523              	.L25:
 170:Src/adc.c     **** 
 524              		.loc 1 170 5 is_stmt 1 view .LVU176
 170:Src/adc.c     **** 
 525              		.loc 1 170 5 view .LVU177
 526 00b8 314B     		ldr	r3, .L33+20
 527 00ba A363     		str	r3, [r4, #56]
 170:Src/adc.c     **** 
 528              		.loc 1 170 5 view .LVU178
 529 00bc 9C63     		str	r4, [r3, #56]
 170:Src/adc.c     **** 
 530              		.loc 1 170 5 view .LVU179
 531 00be AFE7     		b	.L23
 532              	.L31:
 167:Src/adc.c     ****     }
 533              		.loc 1 167 7 view .LVU180
 534 00c0 FFF7FEFF 		bl	Error_Handler
 535              	.LVL21:
 536 00c4 F8E7     		b	.L25
 537              	.LVL22:
 538              	.L30:
 182:Src/adc.c     ****   
 539              		.loc 1 182 5 view .LVU181
 540              	.LBB5:
 182:Src/adc.c     ****   
 541              		.loc 1 182 5 view .LVU182
 542 00c6 0025     		movs	r5, #0
 543 00c8 0495     		str	r5, [sp, #16]
 182:Src/adc.c     ****   
 544              		.loc 1 182 5 view .LVU183
 545 00ca 2A4B     		ldr	r3, .L33+8
 546 00cc 5A6C     		ldr	r2, [r3, #68]
 547 00ce 42F40072 		orr	r2, r2, #512
 548 00d2 5A64     		str	r2, [r3, #68]
 182:Src/adc.c     ****   
 549              		.loc 1 182 5 view .LVU184
 550 00d4 5A6C     		ldr	r2, [r3, #68]
 551 00d6 02F40072 		and	r2, r2, #512
 552 00da 0492     		str	r2, [sp, #16]
 182:Src/adc.c     ****   
 553              		.loc 1 182 5 view .LVU185
 554 00dc 049A     		ldr	r2, [sp, #16]
 555              	.LBE5:
 182:Src/adc.c     ****   
 556              		.loc 1 182 5 view .LVU186
 184:Src/adc.c     ****     __HAL_RCC_GPIOA_CLK_ENABLE();
 557              		.loc 1 184 5 view .LVU187
 558              	.LBB6:
 184:Src/adc.c     ****     __HAL_RCC_GPIOA_CLK_ENABLE();
 559              		.loc 1 184 5 view .LVU188
 560 00de 0595     		str	r5, [sp, #20]
ARM GAS  C:\Users\ncer\AppData\Local\Temp\ccZZfUAe.s 			page 16


 184:Src/adc.c     ****     __HAL_RCC_GPIOA_CLK_ENABLE();
 561              		.loc 1 184 5 view .LVU189
 562 00e0 1A6B     		ldr	r2, [r3, #48]
 563 00e2 42F00402 		orr	r2, r2, #4
 564 00e6 1A63     		str	r2, [r3, #48]
 184:Src/adc.c     ****     __HAL_RCC_GPIOA_CLK_ENABLE();
 565              		.loc 1 184 5 view .LVU190
 566 00e8 1A6B     		ldr	r2, [r3, #48]
 567 00ea 02F00402 		and	r2, r2, #4
 568 00ee 0592     		str	r2, [sp, #20]
 184:Src/adc.c     ****     __HAL_RCC_GPIOA_CLK_ENABLE();
 569              		.loc 1 184 5 view .LVU191
 570 00f0 059A     		ldr	r2, [sp, #20]
 571              	.LBE6:
 184:Src/adc.c     ****     __HAL_RCC_GPIOA_CLK_ENABLE();
 572              		.loc 1 184 5 view .LVU192
 185:Src/adc.c     ****     /**ADC2 GPIO Configuration    
 573              		.loc 1 185 5 view .LVU193
 574              	.LBB7:
 185:Src/adc.c     ****     /**ADC2 GPIO Configuration    
 575              		.loc 1 185 5 view .LVU194
 576 00f2 0695     		str	r5, [sp, #24]
 185:Src/adc.c     ****     /**ADC2 GPIO Configuration    
 577              		.loc 1 185 5 view .LVU195
 578 00f4 1A6B     		ldr	r2, [r3, #48]
 579 00f6 42F00102 		orr	r2, r2, #1
 580 00fa 1A63     		str	r2, [r3, #48]
 185:Src/adc.c     ****     /**ADC2 GPIO Configuration    
 581              		.loc 1 185 5 view .LVU196
 582 00fc 1B6B     		ldr	r3, [r3, #48]
 583 00fe 03F00103 		and	r3, r3, #1
 584 0102 0693     		str	r3, [sp, #24]
 185:Src/adc.c     ****     /**ADC2 GPIO Configuration    
 585              		.loc 1 185 5 view .LVU197
 586 0104 069B     		ldr	r3, [sp, #24]
 587              	.LBE7:
 185:Src/adc.c     ****     /**ADC2 GPIO Configuration    
 588              		.loc 1 185 5 view .LVU198
 191:Src/adc.c     ****     GPIO_InitStruct.Mode = GPIO_MODE_ANALOG;
 589              		.loc 1 191 5 view .LVU199
 191:Src/adc.c     ****     GPIO_InitStruct.Mode = GPIO_MODE_ANALOG;
 590              		.loc 1 191 25 is_stmt 0 view .LVU200
 591 0106 0423     		movs	r3, #4
 592 0108 0793     		str	r3, [sp, #28]
 192:Src/adc.c     ****     GPIO_InitStruct.Pull = GPIO_NOPULL;
 593              		.loc 1 192 5 is_stmt 1 view .LVU201
 192:Src/adc.c     ****     GPIO_InitStruct.Pull = GPIO_NOPULL;
 594              		.loc 1 192 26 is_stmt 0 view .LVU202
 595 010a 0326     		movs	r6, #3
 596 010c 0896     		str	r6, [sp, #32]
 193:Src/adc.c     ****     HAL_GPIO_Init(GPIOC, &GPIO_InitStruct);
 597              		.loc 1 193 5 is_stmt 1 view .LVU203
 193:Src/adc.c     ****     HAL_GPIO_Init(GPIOC, &GPIO_InitStruct);
 598              		.loc 1 193 26 is_stmt 0 view .LVU204
 599 010e 0995     		str	r5, [sp, #36]
 194:Src/adc.c     **** 
 600              		.loc 1 194 5 is_stmt 1 view .LVU205
ARM GAS  C:\Users\ncer\AppData\Local\Temp\ccZZfUAe.s 			page 17


 601 0110 07A9     		add	r1, sp, #28
 602 0112 1948     		ldr	r0, .L33+12
 603              	.LVL23:
 194:Src/adc.c     **** 
 604              		.loc 1 194 5 is_stmt 0 view .LVU206
 605 0114 FFF7FEFF 		bl	HAL_GPIO_Init
 606              	.LVL24:
 196:Src/adc.c     ****     GPIO_InitStruct.Mode = GPIO_MODE_ANALOG;
 607              		.loc 1 196 5 is_stmt 1 view .LVU207
 196:Src/adc.c     ****     GPIO_InitStruct.Mode = GPIO_MODE_ANALOG;
 608              		.loc 1 196 25 is_stmt 0 view .LVU208
 609 0118 3023     		movs	r3, #48
 610 011a 0793     		str	r3, [sp, #28]
 197:Src/adc.c     ****     GPIO_InitStruct.Pull = GPIO_NOPULL;
 611              		.loc 1 197 5 is_stmt 1 view .LVU209
 197:Src/adc.c     ****     GPIO_InitStruct.Pull = GPIO_NOPULL;
 612              		.loc 1 197 26 is_stmt 0 view .LVU210
 613 011c 0896     		str	r6, [sp, #32]
 198:Src/adc.c     ****     HAL_GPIO_Init(GPIOA, &GPIO_InitStruct);
 614              		.loc 1 198 5 is_stmt 1 view .LVU211
 198:Src/adc.c     ****     HAL_GPIO_Init(GPIOA, &GPIO_InitStruct);
 615              		.loc 1 198 26 is_stmt 0 view .LVU212
 616 011e 0995     		str	r5, [sp, #36]
 199:Src/adc.c     **** 
 617              		.loc 1 199 5 is_stmt 1 view .LVU213
 618 0120 07A9     		add	r1, sp, #28
 619 0122 1648     		ldr	r0, .L33+16
 620 0124 FFF7FEFF 		bl	HAL_GPIO_Init
 621              	.LVL25:
 203:Src/adc.c     ****     hdma_adc2.Init.Channel = DMA_CHANNEL_1;
 622              		.loc 1 203 5 view .LVU214
 203:Src/adc.c     ****     hdma_adc2.Init.Channel = DMA_CHANNEL_1;
 623              		.loc 1 203 24 is_stmt 0 view .LVU215
 624 0128 1748     		ldr	r0, .L33+28
 625 012a 184B     		ldr	r3, .L33+32
 626 012c 0360     		str	r3, [r0]
 204:Src/adc.c     ****     hdma_adc2.Init.Direction = DMA_PERIPH_TO_MEMORY;
 627              		.loc 1 204 5 is_stmt 1 view .LVU216
 204:Src/adc.c     ****     hdma_adc2.Init.Direction = DMA_PERIPH_TO_MEMORY;
 628              		.loc 1 204 28 is_stmt 0 view .LVU217
 629 012e 4FF00073 		mov	r3, #33554432
 630 0132 4360     		str	r3, [r0, #4]
 205:Src/adc.c     ****     hdma_adc2.Init.PeriphInc = DMA_PINC_DISABLE;
 631              		.loc 1 205 5 is_stmt 1 view .LVU218
 205:Src/adc.c     ****     hdma_adc2.Init.PeriphInc = DMA_PINC_DISABLE;
 632              		.loc 1 205 30 is_stmt 0 view .LVU219
 633 0134 8560     		str	r5, [r0, #8]
 206:Src/adc.c     ****     hdma_adc2.Init.MemInc = DMA_MINC_ENABLE;
 634              		.loc 1 206 5 is_stmt 1 view .LVU220
 206:Src/adc.c     ****     hdma_adc2.Init.MemInc = DMA_MINC_ENABLE;
 635              		.loc 1 206 30 is_stmt 0 view .LVU221
 636 0136 C560     		str	r5, [r0, #12]
 207:Src/adc.c     ****     hdma_adc2.Init.PeriphDataAlignment = DMA_PDATAALIGN_HALFWORD;
 637              		.loc 1 207 5 is_stmt 1 view .LVU222
 207:Src/adc.c     ****     hdma_adc2.Init.PeriphDataAlignment = DMA_PDATAALIGN_HALFWORD;
 638              		.loc 1 207 27 is_stmt 0 view .LVU223
 639 0138 4FF48063 		mov	r3, #1024
ARM GAS  C:\Users\ncer\AppData\Local\Temp\ccZZfUAe.s 			page 18


 640 013c 0361     		str	r3, [r0, #16]
 208:Src/adc.c     ****     hdma_adc2.Init.MemDataAlignment = DMA_MDATAALIGN_HALFWORD;
 641              		.loc 1 208 5 is_stmt 1 view .LVU224
 208:Src/adc.c     ****     hdma_adc2.Init.MemDataAlignment = DMA_MDATAALIGN_HALFWORD;
 642              		.loc 1 208 40 is_stmt 0 view .LVU225
 643 013e 4FF40063 		mov	r3, #2048
 644 0142 4361     		str	r3, [r0, #20]
 209:Src/adc.c     ****     hdma_adc2.Init.Mode = DMA_CIRCULAR;
 645              		.loc 1 209 5 is_stmt 1 view .LVU226
 209:Src/adc.c     ****     hdma_adc2.Init.Mode = DMA_CIRCULAR;
 646              		.loc 1 209 37 is_stmt 0 view .LVU227
 647 0144 4FF40053 		mov	r3, #8192
 648 0148 8361     		str	r3, [r0, #24]
 210:Src/adc.c     ****     hdma_adc2.Init.Priority = DMA_PRIORITY_HIGH;
 649              		.loc 1 210 5 is_stmt 1 view .LVU228
 210:Src/adc.c     ****     hdma_adc2.Init.Priority = DMA_PRIORITY_HIGH;
 650              		.loc 1 210 25 is_stmt 0 view .LVU229
 651 014a 4FF48073 		mov	r3, #256
 652 014e C361     		str	r3, [r0, #28]
 211:Src/adc.c     ****     hdma_adc2.Init.FIFOMode = DMA_FIFOMODE_DISABLE;
 653              		.loc 1 211 5 is_stmt 1 view .LVU230
 211:Src/adc.c     ****     hdma_adc2.Init.FIFOMode = DMA_FIFOMODE_DISABLE;
 654              		.loc 1 211 29 is_stmt 0 view .LVU231
 655 0150 4FF40033 		mov	r3, #131072
 656 0154 0362     		str	r3, [r0, #32]
 212:Src/adc.c     ****     if (HAL_DMA_Init(&hdma_adc2) != HAL_OK)
 657              		.loc 1 212 5 is_stmt 1 view .LVU232
 212:Src/adc.c     ****     if (HAL_DMA_Init(&hdma_adc2) != HAL_OK)
 658              		.loc 1 212 29 is_stmt 0 view .LVU233
 659 0156 4562     		str	r5, [r0, #36]
 213:Src/adc.c     ****     {
 660              		.loc 1 213 5 is_stmt 1 view .LVU234
 213:Src/adc.c     ****     {
 661              		.loc 1 213 9 is_stmt 0 view .LVU235
 662 0158 FFF7FEFF 		bl	HAL_DMA_Init
 663              	.LVL26:
 213:Src/adc.c     ****     {
 664              		.loc 1 213 8 view .LVU236
 665 015c 18B9     		cbnz	r0, .L32
 666              	.L27:
 218:Src/adc.c     **** 
 667              		.loc 1 218 5 is_stmt 1 view .LVU237
 218:Src/adc.c     **** 
 668              		.loc 1 218 5 view .LVU238
 669 015e 0A4B     		ldr	r3, .L33+28
 670 0160 A363     		str	r3, [r4, #56]
 218:Src/adc.c     **** 
 671              		.loc 1 218 5 view .LVU239
 672 0162 9C63     		str	r4, [r3, #56]
 218:Src/adc.c     **** 
 673              		.loc 1 218 5 view .LVU240
 674              		.loc 1 224 1 is_stmt 0 view .LVU241
 675 0164 5CE7     		b	.L23
 676              	.L32:
 215:Src/adc.c     ****     }
 677              		.loc 1 215 7 is_stmt 1 view .LVU242
 678 0166 FFF7FEFF 		bl	Error_Handler
ARM GAS  C:\Users\ncer\AppData\Local\Temp\ccZZfUAe.s 			page 19


 679              	.LVL27:
 680 016a F8E7     		b	.L27
 681              	.L34:
 682              		.align	2
 683              	.L33:
 684 016c 00200140 		.word	1073815552
 685 0170 00210140 		.word	1073815808
 686 0174 00380240 		.word	1073887232
 687 0178 00080240 		.word	1073874944
 688 017c 00000240 		.word	1073872896
 689 0180 00000000 		.word	hdma_adc1
 690 0184 10640240 		.word	1073898512
 691 0188 00000000 		.word	hdma_adc2
 692 018c 40640240 		.word	1073898560
 693              		.cfi_endproc
 694              	.LFE132:
 696              		.section	.text.HAL_ADC_MspDeInit,"ax",%progbits
 697              		.align	1
 698              		.global	HAL_ADC_MspDeInit
 699              		.syntax unified
 700              		.thumb
 701              		.thumb_func
 702              		.fpu fpv4-sp-d16
 704              	HAL_ADC_MspDeInit:
 705              	.LVL28:
 706              	.LFB133:
 225:Src/adc.c     **** 
 226:Src/adc.c     **** void HAL_ADC_MspDeInit(ADC_HandleTypeDef* adcHandle)
 227:Src/adc.c     **** {
 707              		.loc 1 227 1 view -0
 708              		.cfi_startproc
 709              		@ args = 0, pretend = 0, frame = 0
 710              		@ frame_needed = 0, uses_anonymous_args = 0
 711              		.loc 1 227 1 is_stmt 0 view .LVU244
 712 0000 10B5     		push	{r4, lr}
 713              	.LCFI12:
 714              		.cfi_def_cfa_offset 8
 715              		.cfi_offset 4, -8
 716              		.cfi_offset 14, -4
 717 0002 0446     		mov	r4, r0
 228:Src/adc.c     **** 
 229:Src/adc.c     ****   if(adcHandle->Instance==ADC1)
 718              		.loc 1 229 3 is_stmt 1 view .LVU245
 719              		.loc 1 229 15 is_stmt 0 view .LVU246
 720 0004 0368     		ldr	r3, [r0]
 721              		.loc 1 229 5 view .LVU247
 722 0006 154A     		ldr	r2, .L41
 723 0008 9342     		cmp	r3, r2
 724 000a 03D0     		beq	.L39
 230:Src/adc.c     ****   {
 231:Src/adc.c     ****   /* USER CODE BEGIN ADC1_MspDeInit 0 */
 232:Src/adc.c     **** 
 233:Src/adc.c     ****   /* USER CODE END ADC1_MspDeInit 0 */
 234:Src/adc.c     ****     /* Peripheral clock disable */
 235:Src/adc.c     ****     __HAL_RCC_ADC1_CLK_DISABLE();
 236:Src/adc.c     ****   
 237:Src/adc.c     ****     /**ADC1 GPIO Configuration    
ARM GAS  C:\Users\ncer\AppData\Local\Temp\ccZZfUAe.s 			page 20


 238:Src/adc.c     ****     PC1     ------> ADC1_IN11
 239:Src/adc.c     ****     PA3     ------> ADC1_IN3 
 240:Src/adc.c     ****     */
 241:Src/adc.c     ****     HAL_GPIO_DeInit(GPIOC, GPIO_PIN_1);
 242:Src/adc.c     **** 
 243:Src/adc.c     ****     HAL_GPIO_DeInit(GPIOA, GPIO_PIN_3);
 244:Src/adc.c     **** 
 245:Src/adc.c     ****     /* ADC1 DMA DeInit */
 246:Src/adc.c     ****     HAL_DMA_DeInit(adcHandle->DMA_Handle);
 247:Src/adc.c     ****   /* USER CODE BEGIN ADC1_MspDeInit 1 */
 248:Src/adc.c     **** 
 249:Src/adc.c     ****   /* USER CODE END ADC1_MspDeInit 1 */
 250:Src/adc.c     ****   }
 251:Src/adc.c     ****   else if(adcHandle->Instance==ADC2)
 725              		.loc 1 251 8 is_stmt 1 view .LVU248
 726              		.loc 1 251 10 is_stmt 0 view .LVU249
 727 000c 144A     		ldr	r2, .L41+4
 728 000e 9342     		cmp	r3, r2
 729 0010 12D0     		beq	.L40
 730              	.LVL29:
 731              	.L35:
 252:Src/adc.c     ****   {
 253:Src/adc.c     ****   /* USER CODE BEGIN ADC2_MspDeInit 0 */
 254:Src/adc.c     **** 
 255:Src/adc.c     ****   /* USER CODE END ADC2_MspDeInit 0 */
 256:Src/adc.c     ****     /* Peripheral clock disable */
 257:Src/adc.c     ****     __HAL_RCC_ADC2_CLK_DISABLE();
 258:Src/adc.c     ****   
 259:Src/adc.c     ****     /**ADC2 GPIO Configuration    
 260:Src/adc.c     ****     PC2     ------> ADC2_IN12
 261:Src/adc.c     ****     PA4     ------> ADC2_IN4
 262:Src/adc.c     ****     PA5     ------> ADC2_IN5 
 263:Src/adc.c     ****     */
 264:Src/adc.c     ****     HAL_GPIO_DeInit(GPIOC, GPIO_PIN_2);
 265:Src/adc.c     **** 
 266:Src/adc.c     ****     HAL_GPIO_DeInit(GPIOA, GPIO_PIN_4|GPIO_PIN_5);
 267:Src/adc.c     **** 
 268:Src/adc.c     ****     /* ADC2 DMA DeInit */
 269:Src/adc.c     ****     HAL_DMA_DeInit(adcHandle->DMA_Handle);
 270:Src/adc.c     ****   /* USER CODE BEGIN ADC2_MspDeInit 1 */
 271:Src/adc.c     **** 
 272:Src/adc.c     ****   /* USER CODE END ADC2_MspDeInit 1 */
 273:Src/adc.c     ****   }
 274:Src/adc.c     **** } 
 732              		.loc 1 274 1 view .LVU250
 733 0012 10BD     		pop	{r4, pc}
 734              	.LVL30:
 735              	.L39:
 235:Src/adc.c     ****   
 736              		.loc 1 235 5 is_stmt 1 view .LVU251
 737 0014 02F58C32 		add	r2, r2, #71680
 738 0018 536C     		ldr	r3, [r2, #68]
 739 001a 23F48073 		bic	r3, r3, #256
 740 001e 5364     		str	r3, [r2, #68]
 241:Src/adc.c     **** 
 741              		.loc 1 241 5 view .LVU252
 742 0020 0221     		movs	r1, #2
ARM GAS  C:\Users\ncer\AppData\Local\Temp\ccZZfUAe.s 			page 21


 743 0022 1048     		ldr	r0, .L41+8
 744              	.LVL31:
 241:Src/adc.c     **** 
 745              		.loc 1 241 5 is_stmt 0 view .LVU253
 746 0024 FFF7FEFF 		bl	HAL_GPIO_DeInit
 747              	.LVL32:
 243:Src/adc.c     **** 
 748              		.loc 1 243 5 is_stmt 1 view .LVU254
 749 0028 0821     		movs	r1, #8
 750 002a 0F48     		ldr	r0, .L41+12
 751 002c FFF7FEFF 		bl	HAL_GPIO_DeInit
 752              	.LVL33:
 246:Src/adc.c     ****   /* USER CODE BEGIN ADC1_MspDeInit 1 */
 753              		.loc 1 246 5 view .LVU255
 754 0030 A06B     		ldr	r0, [r4, #56]
 755 0032 FFF7FEFF 		bl	HAL_DMA_DeInit
 756              	.LVL34:
 757 0036 ECE7     		b	.L35
 758              	.LVL35:
 759              	.L40:
 257:Src/adc.c     ****   
 760              		.loc 1 257 5 view .LVU256
 761 0038 0C4A     		ldr	r2, .L41+16
 762 003a 536C     		ldr	r3, [r2, #68]
 763 003c 23F40073 		bic	r3, r3, #512
 764 0040 5364     		str	r3, [r2, #68]
 264:Src/adc.c     **** 
 765              		.loc 1 264 5 view .LVU257
 766 0042 0421     		movs	r1, #4
 767 0044 0748     		ldr	r0, .L41+8
 768              	.LVL36:
 264:Src/adc.c     **** 
 769              		.loc 1 264 5 is_stmt 0 view .LVU258
 770 0046 FFF7FEFF 		bl	HAL_GPIO_DeInit
 771              	.LVL37:
 266:Src/adc.c     **** 
 772              		.loc 1 266 5 is_stmt 1 view .LVU259
 773 004a 3021     		movs	r1, #48
 774 004c 0648     		ldr	r0, .L41+12
 775 004e FFF7FEFF 		bl	HAL_GPIO_DeInit
 776              	.LVL38:
 269:Src/adc.c     ****   /* USER CODE BEGIN ADC2_MspDeInit 1 */
 777              		.loc 1 269 5 view .LVU260
 778 0052 A06B     		ldr	r0, [r4, #56]
 779 0054 FFF7FEFF 		bl	HAL_DMA_DeInit
 780              	.LVL39:
 781              		.loc 1 274 1 is_stmt 0 view .LVU261
 782 0058 DBE7     		b	.L35
 783              	.L42:
 784 005a 00BF     		.align	2
 785              	.L41:
 786 005c 00200140 		.word	1073815552
 787 0060 00210140 		.word	1073815808
 788 0064 00080240 		.word	1073874944
 789 0068 00000240 		.word	1073872896
 790 006c 00380240 		.word	1073887232
 791              		.cfi_endproc
ARM GAS  C:\Users\ncer\AppData\Local\Temp\ccZZfUAe.s 			page 22


 792              	.LFE133:
 794              		.comm	hdma_adc2,96,4
 795              		.comm	hdma_adc1,96,4
 796              		.comm	hadc2,72,4
 797              		.comm	hadc1,72,4
 798              		.text
 799              	.Letext0:
 800              		.file 2 "c:\\arm_gcc\\arm-none-eabi\\include\\machine\\_default_types.h"
 801              		.file 3 "c:\\arm_gcc\\arm-none-eabi\\include\\sys\\_stdint.h"
 802              		.file 4 "Drivers/CMSIS/Include/core_cm4.h"
 803              		.file 5 "Drivers/CMSIS/Device/ST/STM32F4xx/Include/system_stm32f4xx.h"
 804              		.file 6 "Drivers/CMSIS/Device/ST/STM32F4xx/Include/stm32f405xx.h"
 805              		.file 7 "Drivers/CMSIS/Device/ST/STM32F4xx/Include/stm32f4xx.h"
 806              		.file 8 "Drivers/STM32F4xx_HAL_Driver/Inc/stm32f4xx_hal_def.h"
 807              		.file 9 "Drivers/STM32F4xx_HAL_Driver/Inc/stm32f4xx_hal_gpio.h"
 808              		.file 10 "Drivers/STM32F4xx_HAL_Driver/Inc/stm32f4xx_hal_dma.h"
 809              		.file 11 "Drivers/STM32F4xx_HAL_Driver/Inc/stm32f4xx_hal_adc.h"
 810              		.file 12 "Inc/adc.h"
 811              		.file 13 "Inc/main.h"
ARM GAS  C:\Users\ncer\AppData\Local\Temp\ccZZfUAe.s 			page 23


DEFINED SYMBOLS
                            *ABS*:00000000 adc.c
C:\Users\ncer\AppData\Local\Temp\ccZZfUAe.s:18     .text.MX_ADC1_Init:00000000 $t
C:\Users\ncer\AppData\Local\Temp\ccZZfUAe.s:26     .text.MX_ADC1_Init:00000000 MX_ADC1_Init
C:\Users\ncer\AppData\Local\Temp\ccZZfUAe.s:162    .text.MX_ADC1_Init:00000084 $d
                            *COM*:00000048 hadc1
C:\Users\ncer\AppData\Local\Temp\ccZZfUAe.s:168    .text.MX_ADC2_Init:00000000 $t
C:\Users\ncer\AppData\Local\Temp\ccZZfUAe.s:175    .text.MX_ADC2_Init:00000000 MX_ADC2_Init
C:\Users\ncer\AppData\Local\Temp\ccZZfUAe.s:332    .text.MX_ADC2_Init:0000009c $d
                            *COM*:00000048 hadc2
C:\Users\ncer\AppData\Local\Temp\ccZZfUAe.s:338    .text.HAL_ADC_MspInit:00000000 $t
C:\Users\ncer\AppData\Local\Temp\ccZZfUAe.s:345    .text.HAL_ADC_MspInit:00000000 HAL_ADC_MspInit
C:\Users\ncer\AppData\Local\Temp\ccZZfUAe.s:684    .text.HAL_ADC_MspInit:0000016c $d
                            *COM*:00000060 hdma_adc1
                            *COM*:00000060 hdma_adc2
C:\Users\ncer\AppData\Local\Temp\ccZZfUAe.s:697    .text.HAL_ADC_MspDeInit:00000000 $t
C:\Users\ncer\AppData\Local\Temp\ccZZfUAe.s:704    .text.HAL_ADC_MspDeInit:00000000 HAL_ADC_MspDeInit
C:\Users\ncer\AppData\Local\Temp\ccZZfUAe.s:786    .text.HAL_ADC_MspDeInit:0000005c $d

UNDEFINED SYMBOLS
HAL_ADC_Init
HAL_ADC_ConfigChannel
Error_Handler
HAL_GPIO_Init
HAL_DMA_Init
HAL_GPIO_DeInit
HAL_DMA_DeInit
