ARM GAS  C:\Users\ncer\AppData\Local\Temp\ccYVgXzu.s 			page 1


   1              		.cpu cortex-m4
   2              		.eabi_attribute 27, 1
   3              		.eabi_attribute 28, 1
   4              		.eabi_attribute 20, 1
   5              		.eabi_attribute 21, 1
   6              		.eabi_attribute 23, 3
   7              		.eabi_attribute 24, 1
   8              		.eabi_attribute 25, 1
   9              		.eabi_attribute 26, 1
  10              		.eabi_attribute 30, 1
  11              		.eabi_attribute 34, 1
  12              		.eabi_attribute 18, 4
  13              		.file	"dma.c"
  14              		.text
  15              	.Ltext0:
  16              		.cfi_sections	.debug_frame
  17              		.section	.text.MX_DMA_Init,"ax",%progbits
  18              		.align	1
  19              		.global	MX_DMA_Init
  20              		.arch armv7e-m
  21              		.syntax unified
  22              		.thumb
  23              		.thumb_func
  24              		.fpu fpv4-sp-d16
  26              	MX_DMA_Init:
  27              	.LFB130:
  28              		.file 1 "Src/dma.c"
   1:Src/dma.c     **** /**
   2:Src/dma.c     ****   ******************************************************************************
   3:Src/dma.c     ****   * File Name          : dma.c
   4:Src/dma.c     ****   * Description        : This file provides code for the configuration
   5:Src/dma.c     ****   *                      of all the requested memory to memory DMA transfers.
   6:Src/dma.c     ****   ******************************************************************************
   7:Src/dma.c     ****   * @attention
   8:Src/dma.c     ****   *
   9:Src/dma.c     ****   * <h2><center>&copy; Copyright (c) 2019 STMicroelectronics.
  10:Src/dma.c     ****   * All rights reserved.</center></h2>
  11:Src/dma.c     ****   *
  12:Src/dma.c     ****   * This software component is licensed by ST under BSD 3-Clause license,
  13:Src/dma.c     ****   * the "License"; You may not use this file except in compliance with the
  14:Src/dma.c     ****   * License. You may obtain a copy of the License at:
  15:Src/dma.c     ****   *                        opensource.org/licenses/BSD-3-Clause
  16:Src/dma.c     ****   *
  17:Src/dma.c     ****   ******************************************************************************
  18:Src/dma.c     ****   */
  19:Src/dma.c     **** 
  20:Src/dma.c     **** /* Includes ------------------------------------------------------------------*/
  21:Src/dma.c     **** #include "dma.h"
  22:Src/dma.c     **** 
  23:Src/dma.c     **** /* USER CODE BEGIN 0 */
  24:Src/dma.c     **** 
  25:Src/dma.c     **** /* USER CODE END 0 */
  26:Src/dma.c     **** 
  27:Src/dma.c     **** /*----------------------------------------------------------------------------*/
  28:Src/dma.c     **** /* Configure DMA                                                              */
  29:Src/dma.c     **** /*----------------------------------------------------------------------------*/
  30:Src/dma.c     **** 
ARM GAS  C:\Users\ncer\AppData\Local\Temp\ccYVgXzu.s 			page 2


  31:Src/dma.c     **** /* USER CODE BEGIN 1 */
  32:Src/dma.c     **** 
  33:Src/dma.c     **** /* USER CODE END 1 */
  34:Src/dma.c     **** 
  35:Src/dma.c     **** /** 
  36:Src/dma.c     ****   * Enable DMA controller clock
  37:Src/dma.c     ****   */
  38:Src/dma.c     **** void MX_DMA_Init(void) 
  39:Src/dma.c     **** {
  29              		.loc 1 39 1 view -0
  30              		.cfi_startproc
  31              		@ args = 0, pretend = 0, frame = 8
  32              		@ frame_needed = 0, uses_anonymous_args = 0
  33 0000 10B5     		push	{r4, lr}
  34              	.LCFI0:
  35              		.cfi_def_cfa_offset 8
  36              		.cfi_offset 4, -8
  37              		.cfi_offset 14, -4
  38 0002 82B0     		sub	sp, sp, #8
  39              	.LCFI1:
  40              		.cfi_def_cfa_offset 16
  40:Src/dma.c     **** 
  41:Src/dma.c     ****   /* DMA controller clock enable */
  42:Src/dma.c     ****   __HAL_RCC_DMA1_CLK_ENABLE();
  41              		.loc 1 42 3 view .LVU1
  42              	.LBB2:
  43              		.loc 1 42 3 view .LVU2
  44 0004 0024     		movs	r4, #0
  45 0006 0094     		str	r4, [sp]
  46              		.loc 1 42 3 view .LVU3
  47 0008 1A4B     		ldr	r3, .L3
  48 000a 1A6B     		ldr	r2, [r3, #48]
  49 000c 42F40012 		orr	r2, r2, #2097152
  50 0010 1A63     		str	r2, [r3, #48]
  51              		.loc 1 42 3 view .LVU4
  52 0012 1A6B     		ldr	r2, [r3, #48]
  53 0014 02F40012 		and	r2, r2, #2097152
  54 0018 0092     		str	r2, [sp]
  55              		.loc 1 42 3 view .LVU5
  56 001a 009A     		ldr	r2, [sp]
  57              	.LBE2:
  43:Src/dma.c     ****   __HAL_RCC_DMA2_CLK_ENABLE();
  58              		.loc 1 43 3 view .LVU6
  59              	.LBB3:
  60              		.loc 1 43 3 view .LVU7
  61 001c 0194     		str	r4, [sp, #4]
  62              		.loc 1 43 3 view .LVU8
  63 001e 1A6B     		ldr	r2, [r3, #48]
  64 0020 42F48002 		orr	r2, r2, #4194304
  65 0024 1A63     		str	r2, [r3, #48]
  66              		.loc 1 43 3 view .LVU9
  67 0026 1B6B     		ldr	r3, [r3, #48]
  68 0028 03F48003 		and	r3, r3, #4194304
  69 002c 0193     		str	r3, [sp, #4]
  70              		.loc 1 43 3 view .LVU10
  71 002e 019B     		ldr	r3, [sp, #4]
  72              	.LBE3:
ARM GAS  C:\Users\ncer\AppData\Local\Temp\ccYVgXzu.s 			page 3


  44:Src/dma.c     **** 
  45:Src/dma.c     ****   /* DMA interrupt init */
  46:Src/dma.c     ****   /* DMA1_Stream1_IRQn interrupt configuration */
  47:Src/dma.c     ****   HAL_NVIC_SetPriority(DMA1_Stream1_IRQn, 0, 0);
  73              		.loc 1 47 3 view .LVU11
  74 0030 2246     		mov	r2, r4
  75 0032 2146     		mov	r1, r4
  76 0034 0C20     		movs	r0, #12
  77 0036 FFF7FEFF 		bl	HAL_NVIC_SetPriority
  78              	.LVL0:
  48:Src/dma.c     ****   HAL_NVIC_EnableIRQ(DMA1_Stream1_IRQn);
  79              		.loc 1 48 3 view .LVU12
  80 003a 0C20     		movs	r0, #12
  81 003c FFF7FEFF 		bl	HAL_NVIC_EnableIRQ
  82              	.LVL1:
  49:Src/dma.c     ****   /* DMA1_Stream3_IRQn interrupt configuration */
  50:Src/dma.c     ****   HAL_NVIC_SetPriority(DMA1_Stream3_IRQn, 0, 0);
  83              		.loc 1 50 3 view .LVU13
  84 0040 2246     		mov	r2, r4
  85 0042 2146     		mov	r1, r4
  86 0044 0E20     		movs	r0, #14
  87 0046 FFF7FEFF 		bl	HAL_NVIC_SetPriority
  88              	.LVL2:
  51:Src/dma.c     ****   HAL_NVIC_EnableIRQ(DMA1_Stream3_IRQn);
  89              		.loc 1 51 3 view .LVU14
  90 004a 0E20     		movs	r0, #14
  91 004c FFF7FEFF 		bl	HAL_NVIC_EnableIRQ
  92              	.LVL3:
  52:Src/dma.c     ****   /* DMA2_Stream0_IRQn interrupt configuration */
  53:Src/dma.c     ****   HAL_NVIC_SetPriority(DMA2_Stream0_IRQn, 0, 0);
  93              		.loc 1 53 3 view .LVU15
  94 0050 2246     		mov	r2, r4
  95 0052 2146     		mov	r1, r4
  96 0054 3820     		movs	r0, #56
  97 0056 FFF7FEFF 		bl	HAL_NVIC_SetPriority
  98              	.LVL4:
  54:Src/dma.c     ****   HAL_NVIC_EnableIRQ(DMA2_Stream0_IRQn);
  99              		.loc 1 54 3 view .LVU16
 100 005a 3820     		movs	r0, #56
 101 005c FFF7FEFF 		bl	HAL_NVIC_EnableIRQ
 102              	.LVL5:
  55:Src/dma.c     ****   /* DMA2_Stream2_IRQn interrupt configuration */
  56:Src/dma.c     ****   HAL_NVIC_SetPriority(DMA2_Stream2_IRQn, 0, 0);
 103              		.loc 1 56 3 view .LVU17
 104 0060 2246     		mov	r2, r4
 105 0062 2146     		mov	r1, r4
 106 0064 3A20     		movs	r0, #58
 107 0066 FFF7FEFF 		bl	HAL_NVIC_SetPriority
 108              	.LVL6:
  57:Src/dma.c     ****   HAL_NVIC_EnableIRQ(DMA2_Stream2_IRQn);
 109              		.loc 1 57 3 view .LVU18
 110 006a 3A20     		movs	r0, #58
 111 006c FFF7FEFF 		bl	HAL_NVIC_EnableIRQ
 112              	.LVL7:
  58:Src/dma.c     **** 
  59:Src/dma.c     **** }
 113              		.loc 1 59 1 is_stmt 0 view .LVU19
ARM GAS  C:\Users\ncer\AppData\Local\Temp\ccYVgXzu.s 			page 4


 114 0070 02B0     		add	sp, sp, #8
 115              	.LCFI2:
 116              		.cfi_def_cfa_offset 8
 117              		@ sp needed
 118 0072 10BD     		pop	{r4, pc}
 119              	.L4:
 120              		.align	2
 121              	.L3:
 122 0074 00380240 		.word	1073887232
 123              		.cfi_endproc
 124              	.LFE130:
 126              		.text
 127              	.Letext0:
 128              		.file 2 "c:\\arm_gcc\\arm-none-eabi\\include\\machine\\_default_types.h"
 129              		.file 3 "c:\\arm_gcc\\arm-none-eabi\\include\\sys\\_stdint.h"
 130              		.file 4 "Drivers/CMSIS/Include/core_cm4.h"
 131              		.file 5 "Drivers/CMSIS/Device/ST/STM32F4xx/Include/system_stm32f4xx.h"
 132              		.file 6 "Drivers/CMSIS/Device/ST/STM32F4xx/Include/stm32f405xx.h"
 133              		.file 7 "Drivers/STM32F4xx_HAL_Driver/Inc/stm32f4xx_hal_cortex.h"
ARM GAS  C:\Users\ncer\AppData\Local\Temp\ccYVgXzu.s 			page 5


DEFINED SYMBOLS
                            *ABS*:00000000 dma.c
C:\Users\ncer\AppData\Local\Temp\ccYVgXzu.s:18     .text.MX_DMA_Init:00000000 $t
C:\Users\ncer\AppData\Local\Temp\ccYVgXzu.s:26     .text.MX_DMA_Init:00000000 MX_DMA_Init
C:\Users\ncer\AppData\Local\Temp\ccYVgXzu.s:122    .text.MX_DMA_Init:00000074 $d

UNDEFINED SYMBOLS
HAL_NVIC_SetPriority
HAL_NVIC_EnableIRQ
