ARM GAS  C:\Users\ncer\AppData\Local\Temp\ccCAxfb8.s 			page 1


   1              		.cpu cortex-m4
   2              		.eabi_attribute 27, 1
   3              		.eabi_attribute 28, 1
   4              		.eabi_attribute 20, 1
   5              		.eabi_attribute 21, 1
   6              		.eabi_attribute 23, 3
   7              		.eabi_attribute 24, 1
   8              		.eabi_attribute 25, 1
   9              		.eabi_attribute 26, 1
  10              		.eabi_attribute 30, 1
  11              		.eabi_attribute 34, 1
  12              		.eabi_attribute 18, 4
  13              		.file	"myfunc.c"
  14              		.text
  15              	.Ltext0:
  16              		.cfi_sections	.debug_frame
  17              		.section	.text.test_direction,"ax",%progbits
  18              		.align	1
  19              		.global	test_direction
  20              		.arch armv7e-m
  21              		.syntax unified
  22              		.thumb
  23              		.thumb_func
  24              		.fpu fpv4-sp-d16
  26              	test_direction:
  27              	.LVL0:
  28              	.LFB137:
  29              		.file 1 "Src/myfunc.c"
   1:Src/myfunc.c  **** #include "command.h"
   2:Src/myfunc.c  **** #include "uart_ext.h"
   3:Src/myfunc.c  **** #include "cmd_fun.h"
   4:Src/myfunc.c  **** 
   5:Src/myfunc.c  **** typedef struct{
   6:Src/myfunc.c  ****   char * var_name;
   7:Src/myfunc.c  ****   void * value_ptr;
   8:Src/myfunc.c  **** }Var_Edit_Struct;
   9:Src/myfunc.c  **** 
  10:Src/myfunc.c  **** Var_Edit_Struct Var_List[10]={
  11:Src/myfunc.c  ****   //{"first",&First_Time_Check}
  12:Src/myfunc.c  ****   0
  13:Src/myfunc.c  **** };
  14:Src/myfunc.c  **** 
  15:Src/myfunc.c  **** static void test(int arg_num,char **string_prams,float * arg){
  16:Src/myfunc.c  ****   int i;
  17:Src/myfunc.c  ****   uprintf("this is testkk\r\n");
  18:Src/myfunc.c  ****   uprintf("i get %d args\r\n",arg_num);
  19:Src/myfunc.c  ****   for(i=0;i<(arg_num&0xFF);++i){
  20:Src/myfunc.c  ****     uprintf("one is %f\r\n",arg[i]);
  21:Src/myfunc.c  ****   }
  22:Src/myfunc.c  ****   for(i=0;i<(arg_num>>8);++i){
  23:Src/myfunc.c  ****     uprintf("string_prams is %s\r\n",string_prams[i]);
  24:Src/myfunc.c  ****   }
  25:Src/myfunc.c  **** }
  26:Src/myfunc.c  **** 
  27:Src/myfunc.c  **** void set_val(int arg_num,char ** s,float * args){
  28:Src/myfunc.c  ****   void * edit_value;
  29:Src/myfunc.c  ****   if(arg_num!=0x0201){
ARM GAS  C:\Users\ncer\AppData\Local\Temp\ccCAxfb8.s 			page 2


  30:Src/myfunc.c  ****     uprintf("error arg_num!\r\n");
  31:Src/myfunc.c  ****     return ;
  32:Src/myfunc.c  ****   }
  33:Src/myfunc.c  **** 
  34:Src/myfunc.c  ****   for(int i=0;i<sizeof(Var_List)/sizeof(Var_Edit_Struct);++i){
  35:Src/myfunc.c  ****     if(compare_string(Var_List[i].var_name,s[0])){
  36:Src/myfunc.c  ****       edit_value=Var_List[i].value_ptr;
  37:Src/myfunc.c  ****       break;
  38:Src/myfunc.c  ****     }
  39:Src/myfunc.c  ****   }
  40:Src/myfunc.c  ****   
  41:Src/myfunc.c  ****   if(compare_string(s[1],"u8")){
  42:Src/myfunc.c  ****     *(uint8_t *)edit_value=(uint8_t)args[0];
  43:Src/myfunc.c  ****     uprintf("ok set %s = %d\r\n",s[0],*(uint8_t *)edit_value);  
  44:Src/myfunc.c  ****   }else if(compare_string(s[1],"int")){
  45:Src/myfunc.c  ****     *(int16_t *)edit_value=(int16_t)args[0];
  46:Src/myfunc.c  ****     uprintf("ok set %s = %d\r\n",s[0],*(int16_t *)edit_value);
  47:Src/myfunc.c  ****   }else if(compare_string(s[1],"f")){
  48:Src/myfunc.c  ****     *(float *)edit_value=args[0];
  49:Src/myfunc.c  ****     uprintf("ok set %s = %f\r\n",s[0],*(float *)edit_value);
  50:Src/myfunc.c  ****   }
  51:Src/myfunc.c  **** }
  52:Src/myfunc.c  **** 
  53:Src/myfunc.c  **** 
  54:Src/myfunc.c  **** 
  55:Src/myfunc.c  **** 
  56:Src/myfunc.c  **** /*
  57:Src/myfunc.c  **** 下面定义用户需要的函数
  58:Src/myfunc.c  **** 
  59:Src/myfunc.c  **** */
  60:Src/myfunc.c  **** #include "foc.h"
  61:Src/myfunc.c  **** void set_to_u4(int arg_num,char ** s,float * args){
  62:Src/myfunc.c  ****   uint8_t temp_t;
  63:Src/myfunc.c  ****   if(arg_num!=0x0001){
  64:Src/myfunc.c  ****     return ;
  65:Src/myfunc.c  ****   }
  66:Src/myfunc.c  ****   temp_t=(uint8_t)args[0];
  67:Src/myfunc.c  ****   Set_to_U4(temp_t);
  68:Src/myfunc.c  ****   HAL_Delay(5);
  69:Src/myfunc.c  ****   uprintf("OK set to us and keep %d ms\r\n",temp_t);
  70:Src/myfunc.c  **** }
  71:Src/myfunc.c  **** 
  72:Src/myfunc.c  **** void get_position(int arg_num,char **s,float *args){
  73:Src/myfunc.c  ****   uprintf("Position:%f\r\n",Position_Degree);
  74:Src/myfunc.c  ****   return ;
  75:Src/myfunc.c  **** }
  76:Src/myfunc.c  **** 
  77:Src/myfunc.c  **** extern enum _board_mode Board_Mode;
  78:Src/myfunc.c  **** void test_direction(int arg_num,char **s,float *args){
  30              		.loc 1 78 54 view -0
  31              		.cfi_startproc
  32              		@ args = 0, pretend = 0, frame = 0
  33              		@ frame_needed = 0, uses_anonymous_args = 0
  34              		@ link register save eliminated.
  79:Src/myfunc.c  ****   Board_Mode=TEST_DIRECTION;
  35              		.loc 1 79 3 view .LVU1
  36              		.loc 1 79 13 is_stmt 0 view .LVU2
ARM GAS  C:\Users\ncer\AppData\Local\Temp\ccCAxfb8.s 			page 3


  37 0000 014B     		ldr	r3, .L2
  38 0002 F122     		movs	r2, #241
  39              	.LVL1:
  40              		.loc 1 79 13 view .LVU3
  41 0004 1A70     		strb	r2, [r3]
  80:Src/myfunc.c  ****   return ;
  42              		.loc 1 80 3 is_stmt 1 view .LVU4
  81:Src/myfunc.c  **** }
  43              		.loc 1 81 1 is_stmt 0 view .LVU5
  44 0006 7047     		bx	lr
  45              	.L3:
  46              		.align	2
  47              	.L2:
  48 0008 00000000 		.word	Board_Mode
  49              		.cfi_endproc
  50              	.LFE137:
  52              		.section	.text.measure_r,"ax",%progbits
  53              		.align	1
  54              		.global	measure_r
  55              		.syntax unified
  56              		.thumb
  57              		.thumb_func
  58              		.fpu fpv4-sp-d16
  60              	measure_r:
  61              	.LVL2:
  62              	.LFB138:
  82:Src/myfunc.c  **** 
  83:Src/myfunc.c  **** void measure_r(int arg_num,char **s,float *args){
  63              		.loc 1 83 49 is_stmt 1 view -0
  64              		.cfi_startproc
  65              		@ args = 0, pretend = 0, frame = 0
  66              		@ frame_needed = 0, uses_anonymous_args = 0
  67              		@ link register save eliminated.
  84:Src/myfunc.c  ****   Board_Mode=MEASURE_R;
  68              		.loc 1 84 3 view .LVU7
  69              		.loc 1 84 13 is_stmt 0 view .LVU8
  70 0000 014B     		ldr	r3, .L5
  71 0002 0522     		movs	r2, #5
  72              	.LVL3:
  73              		.loc 1 84 13 view .LVU9
  74 0004 1A70     		strb	r2, [r3]
  85:Src/myfunc.c  ****   return ;
  75              		.loc 1 85 3 is_stmt 1 view .LVU10
  86:Src/myfunc.c  **** }
  76              		.loc 1 86 1 is_stmt 0 view .LVU11
  77 0006 7047     		bx	lr
  78              	.L6:
  79              		.align	2
  80              	.L5:
  81 0008 00000000 		.word	Board_Mode
  82              		.cfi_endproc
  83              	.LFE138:
  85              		.global	__aeabi_f2d
  86              		.section	.rodata.get_position.str1.4,"aMS",%progbits,1
  87              		.align	2
  88              	.LC0:
  89 0000 506F7369 		.ascii	"Position:%f\015\012\000"
ARM GAS  C:\Users\ncer\AppData\Local\Temp\ccCAxfb8.s 			page 4


  89      74696F6E 
  89      3A25660D 
  89      0A00
  90              		.section	.text.get_position,"ax",%progbits
  91              		.align	1
  92              		.global	get_position
  93              		.syntax unified
  94              		.thumb
  95              		.thumb_func
  96              		.fpu fpv4-sp-d16
  98              	get_position:
  99              	.LVL4:
 100              	.LFB136:
  72:Src/myfunc.c  ****   uprintf("Position:%f\r\n",Position_Degree);
 101              		.loc 1 72 52 is_stmt 1 view -0
 102              		.cfi_startproc
 103              		@ args = 0, pretend = 0, frame = 0
 104              		@ frame_needed = 0, uses_anonymous_args = 0
  72:Src/myfunc.c  ****   uprintf("Position:%f\r\n",Position_Degree);
 105              		.loc 1 72 52 is_stmt 0 view .LVU13
 106 0000 08B5     		push	{r3, lr}
 107              	.LCFI0:
 108              		.cfi_def_cfa_offset 8
 109              		.cfi_offset 3, -8
 110              		.cfi_offset 14, -4
  73:Src/myfunc.c  ****   return ;
 111              		.loc 1 73 3 is_stmt 1 view .LVU14
 112 0002 054B     		ldr	r3, .L9
 113 0004 1868     		ldr	r0, [r3]	@ float
 114              	.LVL5:
  73:Src/myfunc.c  ****   return ;
 115              		.loc 1 73 3 is_stmt 0 view .LVU15
 116 0006 FFF7FEFF 		bl	__aeabi_f2d
 117              	.LVL6:
  73:Src/myfunc.c  ****   return ;
 118              		.loc 1 73 3 view .LVU16
 119 000a 0246     		mov	r2, r0
 120 000c 0B46     		mov	r3, r1
 121 000e 0348     		ldr	r0, .L9+4
 122 0010 FFF7FEFF 		bl	uprintf
 123              	.LVL7:
  74:Src/myfunc.c  **** }
 124              		.loc 1 74 3 is_stmt 1 view .LVU17
  75:Src/myfunc.c  **** 
 125              		.loc 1 75 1 is_stmt 0 view .LVU18
 126 0014 08BD     		pop	{r3, pc}
 127              	.L10:
 128 0016 00BF     		.align	2
 129              	.L9:
 130 0018 00000000 		.word	Position_Degree
 131 001c 00000000 		.word	.LC0
 132              		.cfi_endproc
 133              	.LFE136:
 135              		.section	.rodata.test.str1.4,"aMS",%progbits,1
 136              		.align	2
 137              	.LC1:
 138 0000 74686973 		.ascii	"this is testkk\015\012\000"
ARM GAS  C:\Users\ncer\AppData\Local\Temp\ccCAxfb8.s 			page 5


 138      20697320 
 138      74657374 
 138      6B6B0D0A 
 138      00
 139 0011 000000   		.align	2
 140              	.LC2:
 141 0014 69206765 		.ascii	"i get %d args\015\012\000"
 141      74202564 
 141      20617267 
 141      730D0A00 
 142              		.align	2
 143              	.LC3:
 144 0024 6F6E6520 		.ascii	"one is %f\015\012\000"
 144      69732025 
 144      660D0A00 
 145              		.align	2
 146              	.LC4:
 147 0030 73747269 		.ascii	"string_prams is %s\015\012\000"
 147      6E675F70 
 147      72616D73 
 147      20697320 
 147      25730D0A 
 148              		.section	.text.test,"ax",%progbits
 149              		.align	1
 150              		.syntax unified
 151              		.thumb
 152              		.thumb_func
 153              		.fpu fpv4-sp-d16
 155              	test:
 156              	.LVL8:
 157              	.LFB133:
  15:Src/myfunc.c  ****   int i;
 158              		.loc 1 15 62 is_stmt 1 view -0
 159              		.cfi_startproc
 160              		@ args = 0, pretend = 0, frame = 0
 161              		@ frame_needed = 0, uses_anonymous_args = 0
  15:Src/myfunc.c  ****   int i;
 162              		.loc 1 15 62 is_stmt 0 view .LVU20
 163 0000 F8B5     		push	{r3, r4, r5, r6, r7, lr}
 164              	.LCFI1:
 165              		.cfi_def_cfa_offset 24
 166              		.cfi_offset 3, -24
 167              		.cfi_offset 4, -20
 168              		.cfi_offset 5, -16
 169              		.cfi_offset 6, -12
 170              		.cfi_offset 7, -8
 171              		.cfi_offset 14, -4
 172 0002 0546     		mov	r5, r0
 173 0004 0E46     		mov	r6, r1
 174 0006 1746     		mov	r7, r2
  16:Src/myfunc.c  ****   uprintf("this is testkk\r\n");
 175              		.loc 1 16 3 is_stmt 1 view .LVU21
  17:Src/myfunc.c  ****   uprintf("i get %d args\r\n",arg_num);
 176              		.loc 1 17 3 view .LVU22
 177 0008 1148     		ldr	r0, .L18
 178              	.LVL9:
  17:Src/myfunc.c  ****   uprintf("i get %d args\r\n",arg_num);
ARM GAS  C:\Users\ncer\AppData\Local\Temp\ccCAxfb8.s 			page 6


 179              		.loc 1 17 3 is_stmt 0 view .LVU23
 180 000a FFF7FEFF 		bl	uprintf
 181              	.LVL10:
  18:Src/myfunc.c  ****   for(i=0;i<(arg_num&0xFF);++i){
 182              		.loc 1 18 3 is_stmt 1 view .LVU24
 183 000e 2946     		mov	r1, r5
 184 0010 1048     		ldr	r0, .L18+4
 185 0012 FFF7FEFF 		bl	uprintf
 186              	.LVL11:
  19:Src/myfunc.c  ****     uprintf("one is %f\r\n",arg[i]);
 187              		.loc 1 19 3 view .LVU25
  19:Src/myfunc.c  ****     uprintf("one is %f\r\n",arg[i]);
 188              		.loc 1 19 8 is_stmt 0 view .LVU26
 189 0016 0024     		movs	r4, #0
 190              	.LVL12:
 191              	.L12:
  19:Src/myfunc.c  ****     uprintf("one is %f\r\n",arg[i]);
 192              		.loc 1 19 11 is_stmt 1 discriminator 1 view .LVU27
  19:Src/myfunc.c  ****     uprintf("one is %f\r\n",arg[i]);
 193              		.loc 1 19 21 is_stmt 0 discriminator 1 view .LVU28
 194 0018 EBB2     		uxtb	r3, r5
  19:Src/myfunc.c  ****     uprintf("one is %f\r\n",arg[i]);
 195              		.loc 1 19 3 discriminator 1 view .LVU29
 196 001a A342     		cmp	r3, r4
 197 001c 0BDD     		ble	.L17
  20:Src/myfunc.c  ****   }
 198              		.loc 1 20 5 is_stmt 1 discriminator 3 view .LVU30
  20:Src/myfunc.c  ****   }
 199              		.loc 1 20 32 is_stmt 0 discriminator 3 view .LVU31
 200 001e 07EB8403 		add	r3, r7, r4, lsl #2
  20:Src/myfunc.c  ****   }
 201              		.loc 1 20 5 discriminator 3 view .LVU32
 202 0022 1868     		ldr	r0, [r3]	@ float
 203 0024 FFF7FEFF 		bl	__aeabi_f2d
 204              	.LVL13:
 205 0028 0246     		mov	r2, r0
 206 002a 0B46     		mov	r3, r1
 207 002c 0A48     		ldr	r0, .L18+8
 208 002e FFF7FEFF 		bl	uprintf
 209              	.LVL14:
  19:Src/myfunc.c  ****     uprintf("one is %f\r\n",arg[i]);
 210              		.loc 1 19 28 is_stmt 1 discriminator 3 view .LVU33
 211 0032 0134     		adds	r4, r4, #1
 212              	.LVL15:
  19:Src/myfunc.c  ****     uprintf("one is %f\r\n",arg[i]);
 213              		.loc 1 19 28 is_stmt 0 discriminator 3 view .LVU34
 214 0034 F0E7     		b	.L12
 215              	.L17:
  22:Src/myfunc.c  ****     uprintf("string_prams is %s\r\n",string_prams[i]);
 216              		.loc 1 22 8 view .LVU35
 217 0036 0024     		movs	r4, #0
 218              	.LVL16:
  22:Src/myfunc.c  ****     uprintf("string_prams is %s\r\n",string_prams[i]);
 219              		.loc 1 22 8 view .LVU36
 220 0038 05E0     		b	.L14
 221              	.LVL17:
 222              	.L15:
ARM GAS  C:\Users\ncer\AppData\Local\Temp\ccCAxfb8.s 			page 7


  23:Src/myfunc.c  ****   }
 223              		.loc 1 23 5 is_stmt 1 discriminator 3 view .LVU37
 224 003a 56F82410 		ldr	r1, [r6, r4, lsl #2]
 225 003e 0748     		ldr	r0, .L18+12
 226 0040 FFF7FEFF 		bl	uprintf
 227              	.LVL18:
  22:Src/myfunc.c  ****     uprintf("string_prams is %s\r\n",string_prams[i]);
 228              		.loc 1 22 26 discriminator 3 view .LVU38
 229 0044 0134     		adds	r4, r4, #1
 230              	.LVL19:
 231              	.L14:
  22:Src/myfunc.c  ****     uprintf("string_prams is %s\r\n",string_prams[i]);
 232              		.loc 1 22 11 discriminator 1 view .LVU39
  22:Src/myfunc.c  ****     uprintf("string_prams is %s\r\n",string_prams[i]);
 233              		.loc 1 22 3 is_stmt 0 discriminator 1 view .LVU40
 234 0046 B4EB252F 		cmp	r4, r5, asr #8
 235 004a F6DB     		blt	.L15
  25:Src/myfunc.c  **** 
 236              		.loc 1 25 1 view .LVU41
 237 004c F8BD     		pop	{r3, r4, r5, r6, r7, pc}
 238              	.LVL20:
 239              	.L19:
  25:Src/myfunc.c  **** 
 240              		.loc 1 25 1 view .LVU42
 241 004e 00BF     		.align	2
 242              	.L18:
 243 0050 00000000 		.word	.LC1
 244 0054 14000000 		.word	.LC2
 245 0058 24000000 		.word	.LC3
 246 005c 30000000 		.word	.LC4
 247              		.cfi_endproc
 248              	.LFE133:
 250              		.section	.rodata.set_to_u4.str1.4,"aMS",%progbits,1
 251              		.align	2
 252              	.LC5:
 253 0000 4F4B2073 		.ascii	"OK set to us and keep %d ms\015\012\000"
 253      65742074 
 253      6F207573 
 253      20616E64 
 253      206B6565 
 254              		.section	.text.set_to_u4,"ax",%progbits
 255              		.align	1
 256              		.global	set_to_u4
 257              		.syntax unified
 258              		.thumb
 259              		.thumb_func
 260              		.fpu fpv4-sp-d16
 262              	set_to_u4:
 263              	.LVL21:
 264              	.LFB135:
  61:Src/myfunc.c  ****   uint8_t temp_t;
 265              		.loc 1 61 51 is_stmt 1 view -0
 266              		.cfi_startproc
 267              		@ args = 0, pretend = 0, frame = 8
 268              		@ frame_needed = 0, uses_anonymous_args = 0
  62:Src/myfunc.c  ****   if(arg_num!=0x0001){
 269              		.loc 1 62 3 view .LVU44
ARM GAS  C:\Users\ncer\AppData\Local\Temp\ccCAxfb8.s 			page 8


  63:Src/myfunc.c  ****     return ;
 270              		.loc 1 63 3 view .LVU45
  63:Src/myfunc.c  ****     return ;
 271              		.loc 1 63 5 is_stmt 0 view .LVU46
 272 0000 0128     		cmp	r0, #1
 273 0002 00D0     		beq	.L26
 274 0004 7047     		bx	lr
 275              	.L26:
  61:Src/myfunc.c  ****   uint8_t temp_t;
 276              		.loc 1 61 51 view .LVU47
 277 0006 10B5     		push	{r4, lr}
 278              	.LCFI2:
 279              		.cfi_def_cfa_offset 8
 280              		.cfi_offset 4, -8
 281              		.cfi_offset 14, -4
 282 0008 82B0     		sub	sp, sp, #8
 283              	.LCFI3:
 284              		.cfi_def_cfa_offset 16
  66:Src/myfunc.c  ****   Set_to_U4(temp_t);
 285              		.loc 1 66 3 is_stmt 1 view .LVU48
  66:Src/myfunc.c  ****   Set_to_U4(temp_t);
 286              		.loc 1 66 23 is_stmt 0 view .LVU49
 287 000a D2ED007A 		vldr.32	s15, [r2]
  66:Src/myfunc.c  ****   Set_to_U4(temp_t);
 288              		.loc 1 66 9 view .LVU50
 289 000e FCEEE77A 		vcvt.u32.f32	s15, s15
 290 0012 CDED017A 		vstr.32	s15, [sp, #4]	@ int
 291 0016 9DF80440 		ldrb	r4, [sp, #4]	@ zero_extendqisi2
 292              	.LVL22:
  67:Src/myfunc.c  ****   HAL_Delay(5);
 293              		.loc 1 67 3 is_stmt 1 view .LVU51
 294 001a 2046     		mov	r0, r4
 295              	.LVL23:
  67:Src/myfunc.c  ****   HAL_Delay(5);
 296              		.loc 1 67 3 is_stmt 0 view .LVU52
 297 001c FFF7FEFF 		bl	Set_to_U4
 298              	.LVL24:
  68:Src/myfunc.c  ****   uprintf("OK set to us and keep %d ms\r\n",temp_t);
 299              		.loc 1 68 3 is_stmt 1 view .LVU53
 300 0020 0520     		movs	r0, #5
 301 0022 FFF7FEFF 		bl	HAL_Delay
 302              	.LVL25:
  69:Src/myfunc.c  **** }
 303              		.loc 1 69 3 view .LVU54
 304 0026 2146     		mov	r1, r4
 305 0028 0248     		ldr	r0, .L27
 306 002a FFF7FEFF 		bl	uprintf
 307              	.LVL26:
  70:Src/myfunc.c  **** 
 308              		.loc 1 70 1 is_stmt 0 view .LVU55
 309 002e 02B0     		add	sp, sp, #8
 310              	.LCFI4:
 311              		.cfi_def_cfa_offset 8
 312              		@ sp needed
 313 0030 10BD     		pop	{r4, pc}
 314              	.LVL27:
 315              	.L28:
ARM GAS  C:\Users\ncer\AppData\Local\Temp\ccCAxfb8.s 			page 9


  70:Src/myfunc.c  **** 
 316              		.loc 1 70 1 view .LVU56
 317 0032 00BF     		.align	2
 318              	.L27:
 319 0034 00000000 		.word	.LC5
 320              		.cfi_endproc
 321              	.LFE135:
 323              		.section	.text.measure_l,"ax",%progbits
 324              		.align	1
 325              		.global	measure_l
 326              		.syntax unified
 327              		.thumb
 328              		.thumb_func
 329              		.fpu fpv4-sp-d16
 331              	measure_l:
 332              	.LVL28:
 333              	.LFB139:
  87:Src/myfunc.c  **** 
  88:Src/myfunc.c  **** void Measure_L(float duty);
  89:Src/myfunc.c  **** void measure_l(int arg_num,char **s,float *args){
 334              		.loc 1 89 49 is_stmt 1 view -0
 335              		.cfi_startproc
 336              		@ args = 0, pretend = 0, frame = 0
 337              		@ frame_needed = 0, uses_anonymous_args = 0
 338              		.loc 1 89 49 is_stmt 0 view .LVU58
 339 0000 08B5     		push	{r3, lr}
 340              	.LCFI5:
 341              		.cfi_def_cfa_offset 8
 342              		.cfi_offset 3, -8
 343              		.cfi_offset 14, -4
  90:Src/myfunc.c  ****   Measure_L(1);
 344              		.loc 1 90 3 is_stmt 1 view .LVU59
 345 0002 B7EE000A 		vmov.f32	s0, #1.0e+0
 346 0006 FFF7FEFF 		bl	Measure_L
 347              	.LVL29:
  91:Src/myfunc.c  **** }
 348              		.loc 1 91 1 is_stmt 0 view .LVU60
 349 000a 08BD     		pop	{r3, pc}
 350              		.cfi_endproc
 351              	.LFE139:
 353              		.section	.rodata.set_val.str1.4,"aMS",%progbits,1
 354              		.align	2
 355              	.LC6:
 356 0000 6572726F 		.ascii	"error arg_num!\015\012\000"
 356      72206172 
 356      675F6E75 
 356      6D210D0A 
 356      00
 357 0011 000000   		.align	2
 358              	.LC7:
 359 0014 753800   		.ascii	"u8\000"
 360 0017 00       		.align	2
 361              	.LC8:
 362 0018 6F6B2073 		.ascii	"ok set %s = %d\015\012\000"
 362      65742025 
 362      73203D20 
 362      25640D0A 
ARM GAS  C:\Users\ncer\AppData\Local\Temp\ccCAxfb8.s 			page 10


 362      00
 363 0029 000000   		.align	2
 364              	.LC9:
 365 002c 696E7400 		.ascii	"int\000"
 366              		.align	2
 367              	.LC10:
 368 0030 6600     		.ascii	"f\000"
 369 0032 0000     		.align	2
 370              	.LC11:
 371 0034 6F6B2073 		.ascii	"ok set %s = %f\015\012\000"
 371      65742025 
 371      73203D20 
 371      25660D0A 
 371      00
 372              		.section	.text.set_val,"ax",%progbits
 373              		.align	1
 374              		.global	set_val
 375              		.syntax unified
 376              		.thumb
 377              		.thumb_func
 378              		.fpu fpv4-sp-d16
 380              	set_val:
 381              	.LVL30:
 382              	.LFB134:
  27:Src/myfunc.c  ****   void * edit_value;
 383              		.loc 1 27 49 is_stmt 1 view -0
 384              		.cfi_startproc
 385              		@ args = 0, pretend = 0, frame = 8
 386              		@ frame_needed = 0, uses_anonymous_args = 0
  27:Src/myfunc.c  ****   void * edit_value;
 387              		.loc 1 27 49 is_stmt 0 view .LVU62
 388 0000 F0B5     		push	{r4, r5, r6, r7, lr}
 389              	.LCFI6:
 390              		.cfi_def_cfa_offset 20
 391              		.cfi_offset 4, -20
 392              		.cfi_offset 5, -16
 393              		.cfi_offset 6, -12
 394              		.cfi_offset 7, -8
 395              		.cfi_offset 14, -4
 396 0002 83B0     		sub	sp, sp, #12
 397              	.LCFI7:
 398              		.cfi_def_cfa_offset 32
  28:Src/myfunc.c  ****   if(arg_num!=0x0201){
 399              		.loc 1 28 3 is_stmt 1 view .LVU63
  29:Src/myfunc.c  ****     uprintf("error arg_num!\r\n");
 400              		.loc 1 29 3 view .LVU64
  29:Src/myfunc.c  ****     uprintf("error arg_num!\r\n");
 401              		.loc 1 29 5 is_stmt 0 view .LVU65
 402 0004 40F20123 		movw	r3, #513
 403 0008 9842     		cmp	r0, r3
 404 000a 0DD1     		bne	.L41
 405 000c 0D46     		mov	r5, r1
 406 000e 1746     		mov	r7, r2
 407              	.LBB2:
  34:Src/myfunc.c  ****     if(compare_string(Var_List[i].var_name,s[0])){
 408              		.loc 1 34 11 view .LVU66
 409 0010 0024     		movs	r4, #0
ARM GAS  C:\Users\ncer\AppData\Local\Temp\ccCAxfb8.s 			page 11


 410              	.LVL31:
 411              	.L32:
  34:Src/myfunc.c  ****     if(compare_string(Var_List[i].var_name,s[0])){
 412              		.loc 1 34 15 is_stmt 1 discriminator 1 view .LVU67
  34:Src/myfunc.c  ****     if(compare_string(Var_List[i].var_name,s[0])){
 413              		.loc 1 34 3 is_stmt 0 discriminator 1 view .LVU68
 414 0012 092C     		cmp	r4, #9
 415 0014 10D8     		bhi	.L35
  35:Src/myfunc.c  ****       edit_value=Var_List[i].value_ptr;
 416              		.loc 1 35 5 is_stmt 1 view .LVU69
  35:Src/myfunc.c  ****       edit_value=Var_List[i].value_ptr;
 417              		.loc 1 35 8 is_stmt 0 view .LVU70
 418 0016 2968     		ldr	r1, [r5]
 419 0018 234B     		ldr	r3, .L43
 420 001a 53F83400 		ldr	r0, [r3, r4, lsl #3]
 421 001e FFF7FEFF 		bl	compare_string
 422              	.LVL32:
  35:Src/myfunc.c  ****       edit_value=Var_List[i].value_ptr;
 423              		.loc 1 35 7 view .LVU71
 424 0022 28B9     		cbnz	r0, .L42
  34:Src/myfunc.c  ****     if(compare_string(Var_List[i].var_name,s[0])){
 425              		.loc 1 34 58 is_stmt 1 discriminator 2 view .LVU72
 426 0024 0134     		adds	r4, r4, #1
 427              	.LVL33:
  34:Src/myfunc.c  ****     if(compare_string(Var_List[i].var_name,s[0])){
 428              		.loc 1 34 58 is_stmt 0 discriminator 2 view .LVU73
 429 0026 F4E7     		b	.L32
 430              	.LVL34:
 431              	.L41:
  34:Src/myfunc.c  ****     if(compare_string(Var_List[i].var_name,s[0])){
 432              		.loc 1 34 58 discriminator 2 view .LVU74
 433              	.LBE2:
  30:Src/myfunc.c  ****     return ;
 434              		.loc 1 30 5 is_stmt 1 view .LVU75
 435 0028 2048     		ldr	r0, .L43+4
 436              	.LVL35:
  30:Src/myfunc.c  ****     return ;
 437              		.loc 1 30 5 is_stmt 0 view .LVU76
 438 002a FFF7FEFF 		bl	uprintf
 439              	.LVL36:
  31:Src/myfunc.c  ****   }
 440              		.loc 1 31 5 is_stmt 1 view .LVU77
 441 002e 15E0     		b	.L31
 442              	.LVL37:
 443              	.L42:
 444              	.LBB3:
  36:Src/myfunc.c  ****       break;
 445              		.loc 1 36 7 view .LVU78
  36:Src/myfunc.c  ****       break;
 446              		.loc 1 36 17 is_stmt 0 view .LVU79
 447 0030 1D4B     		ldr	r3, .L43
 448 0032 03EBC404 		add	r4, r3, r4, lsl #3
 449              	.LVL38:
  36:Src/myfunc.c  ****       break;
 450              		.loc 1 36 17 view .LVU80
 451 0036 6668     		ldr	r6, [r4, #4]
 452              	.LVL39:
ARM GAS  C:\Users\ncer\AppData\Local\Temp\ccCAxfb8.s 			page 12


  37:Src/myfunc.c  ****     }
 453              		.loc 1 37 7 is_stmt 1 view .LVU81
 454              	.L35:
  37:Src/myfunc.c  ****     }
 455              		.loc 1 37 7 is_stmt 0 view .LVU82
 456              	.LBE3:
  41:Src/myfunc.c  ****     *(uint8_t *)edit_value=(uint8_t)args[0];
 457              		.loc 1 41 3 is_stmt 1 view .LVU83
  41:Src/myfunc.c  ****     *(uint8_t *)edit_value=(uint8_t)args[0];
 458              		.loc 1 41 6 is_stmt 0 view .LVU84
 459 0038 1D49     		ldr	r1, .L43+8
 460 003a 6868     		ldr	r0, [r5, #4]
 461 003c FFF7FEFF 		bl	compare_string
 462              	.LVL40:
  41:Src/myfunc.c  ****     *(uint8_t *)edit_value=(uint8_t)args[0];
 463              		.loc 1 41 5 view .LVU85
 464 0040 70B1     		cbz	r0, .L37
  42:Src/myfunc.c  ****     uprintf("ok set %s = %d\r\n",s[0],*(uint8_t *)edit_value);  
 465              		.loc 1 42 5 is_stmt 1 view .LVU86
  42:Src/myfunc.c  ****     uprintf("ok set %s = %d\r\n",s[0],*(uint8_t *)edit_value);  
 466              		.loc 1 42 41 is_stmt 0 view .LVU87
 467 0042 D7ED007A 		vldr.32	s15, [r7]
  42:Src/myfunc.c  ****     uprintf("ok set %s = %d\r\n",s[0],*(uint8_t *)edit_value);  
 468              		.loc 1 42 28 view .LVU88
 469 0046 FCEEE77A 		vcvt.u32.f32	s15, s15
 470 004a CDED017A 		vstr.32	s15, [sp, #4]	@ int
 471 004e 9DF80420 		ldrb	r2, [sp, #4]	@ zero_extendqisi2
  42:Src/myfunc.c  ****     uprintf("ok set %s = %d\r\n",s[0],*(uint8_t *)edit_value);  
 472              		.loc 1 42 27 view .LVU89
 473 0052 3270     		strb	r2, [r6]
  43:Src/myfunc.c  ****   }else if(compare_string(s[1],"int")){
 474              		.loc 1 43 5 is_stmt 1 view .LVU90
 475 0054 2968     		ldr	r1, [r5]
 476 0056 1748     		ldr	r0, .L43+12
 477 0058 FFF7FEFF 		bl	uprintf
 478              	.LVL41:
 479              	.L31:
  51:Src/myfunc.c  **** 
 480              		.loc 1 51 1 is_stmt 0 view .LVU91
 481 005c 03B0     		add	sp, sp, #12
 482              	.LCFI8:
 483              		.cfi_remember_state
 484              		.cfi_def_cfa_offset 20
 485              		@ sp needed
 486 005e F0BD     		pop	{r4, r5, r6, r7, pc}
 487              	.LVL42:
 488              	.L37:
 489              	.LCFI9:
 490              		.cfi_restore_state
  44:Src/myfunc.c  ****     *(int16_t *)edit_value=(int16_t)args[0];
 491              		.loc 1 44 9 is_stmt 1 view .LVU92
  44:Src/myfunc.c  ****     *(int16_t *)edit_value=(int16_t)args[0];
 492              		.loc 1 44 12 is_stmt 0 view .LVU93
 493 0060 1549     		ldr	r1, .L43+16
 494 0062 6868     		ldr	r0, [r5, #4]
 495 0064 FFF7FEFF 		bl	compare_string
 496              	.LVL43:
ARM GAS  C:\Users\ncer\AppData\Local\Temp\ccCAxfb8.s 			page 13


  44:Src/myfunc.c  ****     *(int16_t *)edit_value=(int16_t)args[0];
 497              		.loc 1 44 11 view .LVU94
 498 0068 60B1     		cbz	r0, .L38
  45:Src/myfunc.c  ****     uprintf("ok set %s = %d\r\n",s[0],*(int16_t *)edit_value);
 499              		.loc 1 45 5 is_stmt 1 view .LVU95
  45:Src/myfunc.c  ****     uprintf("ok set %s = %d\r\n",s[0],*(int16_t *)edit_value);
 500              		.loc 1 45 41 is_stmt 0 view .LVU96
 501 006a D7ED007A 		vldr.32	s15, [r7]
  45:Src/myfunc.c  ****     uprintf("ok set %s = %d\r\n",s[0],*(int16_t *)edit_value);
 502              		.loc 1 45 28 view .LVU97
 503 006e FDEEE77A 		vcvt.s32.f32	s15, s15
 504 0072 17EE903A 		vmov	r3, s15	@ int
 505 0076 1AB2     		sxth	r2, r3
  45:Src/myfunc.c  ****     uprintf("ok set %s = %d\r\n",s[0],*(int16_t *)edit_value);
 506              		.loc 1 45 27 view .LVU98
 507 0078 3280     		strh	r2, [r6]	@ movhi
  46:Src/myfunc.c  ****   }else if(compare_string(s[1],"f")){
 508              		.loc 1 46 5 is_stmt 1 view .LVU99
 509 007a 2968     		ldr	r1, [r5]
 510 007c 0D48     		ldr	r0, .L43+12
 511 007e FFF7FEFF 		bl	uprintf
 512              	.LVL44:
 513 0082 EBE7     		b	.L31
 514              	.L38:
  47:Src/myfunc.c  ****     *(float *)edit_value=args[0];
 515              		.loc 1 47 9 view .LVU100
  47:Src/myfunc.c  ****     *(float *)edit_value=args[0];
 516              		.loc 1 47 12 is_stmt 0 view .LVU101
 517 0084 0D49     		ldr	r1, .L43+20
 518 0086 6868     		ldr	r0, [r5, #4]
 519 0088 FFF7FEFF 		bl	compare_string
 520              	.LVL45:
  47:Src/myfunc.c  ****     *(float *)edit_value=args[0];
 521              		.loc 1 47 11 view .LVU102
 522 008c 0028     		cmp	r0, #0
 523 008e E5D0     		beq	.L31
  48:Src/myfunc.c  ****     uprintf("ok set %s = %f\r\n",s[0],*(float *)edit_value);
 524              		.loc 1 48 5 is_stmt 1 view .LVU103
  48:Src/myfunc.c  ****     uprintf("ok set %s = %f\r\n",s[0],*(float *)edit_value);
 525              		.loc 1 48 30 is_stmt 0 view .LVU104
 526 0090 3868     		ldr	r0, [r7]	@ float
  48:Src/myfunc.c  ****     uprintf("ok set %s = %f\r\n",s[0],*(float *)edit_value);
 527              		.loc 1 48 25 view .LVU105
 528 0092 3060     		str	r0, [r6]	@ float
  49:Src/myfunc.c  ****   }
 529              		.loc 1 49 5 is_stmt 1 view .LVU106
 530 0094 FFF7FEFF 		bl	__aeabi_f2d
 531              	.LVL46:
 532 0098 0246     		mov	r2, r0
 533 009a 0B46     		mov	r3, r1
 534 009c 2968     		ldr	r1, [r5]
 535 009e 0848     		ldr	r0, .L43+24
 536 00a0 FFF7FEFF 		bl	uprintf
 537              	.LVL47:
 538 00a4 DAE7     		b	.L31
 539              	.L44:
 540 00a6 00BF     		.align	2
ARM GAS  C:\Users\ncer\AppData\Local\Temp\ccCAxfb8.s 			page 14


 541              	.L43:
 542 00a8 00000000 		.word	.LANCHOR0
 543 00ac 00000000 		.word	.LC6
 544 00b0 14000000 		.word	.LC7
 545 00b4 18000000 		.word	.LC8
 546 00b8 2C000000 		.word	.LC9
 547 00bc 30000000 		.word	.LC10
 548 00c0 34000000 		.word	.LC11
 549              		.cfi_endproc
 550              	.LFE134:
 552              		.section	.rodata.command_init.str1.4,"aMS",%progbits,1
 553              		.align	2
 554              	.LC12:
 555 0000 74657374 		.ascii	"test\000"
 555      00
 556 0005 000000   		.align	2
 557              	.LC13:
 558 0008 7365745F 		.ascii	"set_u4\000"
 558      753400
 559 000f 00       		.align	2
 560              	.LC14:
 561 0010 6765745F 		.ascii	"get_p\000"
 561      7000
 562 0016 0000     		.align	2
 563              	.LC15:
 564 0018 74657374 		.ascii	"test_direction\000"
 564      5F646972 
 564      65637469 
 564      6F6E00
 565 0027 00       		.align	2
 566              	.LC16:
 567 0028 6D656173 		.ascii	"measure_r\000"
 567      7572655F 
 567      7200
 568 0032 0000     		.align	2
 569              	.LC17:
 570 0034 6D656173 		.ascii	"measure_l\000"
 570      7572655F 
 570      6C00
 571              		.section	.text.command_init,"ax",%progbits
 572              		.align	1
 573              		.global	command_init
 574              		.syntax unified
 575              		.thumb
 576              		.thumb_func
 577              		.fpu fpv4-sp-d16
 579              	command_init:
 580              	.LFB140:
  92:Src/myfunc.c  **** 
  93:Src/myfunc.c  **** /*
  94:Src/myfunc.c  **** 将要增加的命令与函数写在这里
  95:Src/myfunc.c  **** */
  96:Src/myfunc.c  **** void command_init(void){
 581              		.loc 1 96 24 view -0
 582              		.cfi_startproc
 583              		@ args = 0, pretend = 0, frame = 0
 584              		@ frame_needed = 0, uses_anonymous_args = 0
ARM GAS  C:\Users\ncer\AppData\Local\Temp\ccCAxfb8.s 			page 15


 585 0000 08B5     		push	{r3, lr}
 586              	.LCFI10:
 587              		.cfi_def_cfa_offset 8
 588              		.cfi_offset 3, -8
 589              		.cfi_offset 14, -4
  97:Src/myfunc.c  ****   add_cmd("test",test);  
 590              		.loc 1 97 3 view .LVU108
 591 0002 0C49     		ldr	r1, .L47
 592 0004 0C48     		ldr	r0, .L47+4
 593 0006 FFF7FEFF 		bl	add_cmd
 594              	.LVL48:
  98:Src/myfunc.c  ****   add_cmd("set_u4",set_to_u4);
 595              		.loc 1 98 3 view .LVU109
 596 000a 0C49     		ldr	r1, .L47+8
 597 000c 0C48     		ldr	r0, .L47+12
 598 000e FFF7FEFF 		bl	add_cmd
 599              	.LVL49:
  99:Src/myfunc.c  ****   add_cmd("get_p",get_position);
 600              		.loc 1 99 3 view .LVU110
 601 0012 0C49     		ldr	r1, .L47+16
 602 0014 0C48     		ldr	r0, .L47+20
 603 0016 FFF7FEFF 		bl	add_cmd
 604              	.LVL50:
 100:Src/myfunc.c  ****   add_cmd("test_direction",test_direction);
 605              		.loc 1 100 3 view .LVU111
 606 001a 0C49     		ldr	r1, .L47+24
 607 001c 0C48     		ldr	r0, .L47+28
 608 001e FFF7FEFF 		bl	add_cmd
 609              	.LVL51:
 101:Src/myfunc.c  ****   add_cmd("measure_r",measure_r);
 610              		.loc 1 101 3 view .LVU112
 611 0022 0C49     		ldr	r1, .L47+32
 612 0024 0C48     		ldr	r0, .L47+36
 613 0026 FFF7FEFF 		bl	add_cmd
 614              	.LVL52:
 102:Src/myfunc.c  ****   add_cmd("measure_l",measure_l);
 615              		.loc 1 102 3 view .LVU113
 616 002a 0C49     		ldr	r1, .L47+40
 617 002c 0C48     		ldr	r0, .L47+44
 618 002e FFF7FEFF 		bl	add_cmd
 619              	.LVL53:
 103:Src/myfunc.c  **** }
 620              		.loc 1 103 1 is_stmt 0 view .LVU114
 621 0032 08BD     		pop	{r3, pc}
 622              	.L48:
 623              		.align	2
 624              	.L47:
 625 0034 00000000 		.word	test
 626 0038 00000000 		.word	.LC12
 627 003c 00000000 		.word	set_to_u4
 628 0040 08000000 		.word	.LC13
 629 0044 00000000 		.word	get_position
 630 0048 10000000 		.word	.LC14
 631 004c 00000000 		.word	test_direction
 632 0050 18000000 		.word	.LC15
 633 0054 00000000 		.word	measure_r
 634 0058 28000000 		.word	.LC16
ARM GAS  C:\Users\ncer\AppData\Local\Temp\ccCAxfb8.s 			page 16


 635 005c 00000000 		.word	measure_l
 636 0060 34000000 		.word	.LC17
 637              		.cfi_endproc
 638              	.LFE140:
 640              		.global	Var_List
 641              		.section	.bss.Var_List,"aw",%nobits
 642              		.align	2
 643              		.set	.LANCHOR0,. + 0
 646              	Var_List:
 647 0000 00000000 		.space	80
 647      00000000 
 647      00000000 
 647      00000000 
 647      00000000 
 648              		.text
 649              	.Letext0:
 650              		.file 2 "c:\\arm_gcc\\arm-none-eabi\\include\\machine\\_default_types.h"
 651              		.file 3 "c:\\arm_gcc\\arm-none-eabi\\include\\sys\\_stdint.h"
 652              		.file 4 "c:\\arm_gcc\\arm-none-eabi\\include\\sys\\lock.h"
 653              		.file 5 "c:\\arm_gcc\\arm-none-eabi\\include\\sys\\_types.h"
 654              		.file 6 "c:\\arm_gcc\\lib\\gcc\\arm-none-eabi\\9.2.1\\include\\stddef.h"
 655              		.file 7 "c:\\arm_gcc\\arm-none-eabi\\include\\sys\\reent.h"
 656              		.file 8 "c:\\arm_gcc\\arm-none-eabi\\include\\stdlib.h"
 657              		.file 9 "Drivers/CMSIS/Include/core_cm4.h"
 658              		.file 10 "Drivers/CMSIS/Device/ST/STM32F4xx/Include/system_stm32f4xx.h"
 659              		.file 11 "mylib/uart_ext.h"
 660              		.file 12 "Inc/foc.h"
 661              		.file 13 "mylib/command.h"
 662              		.file 14 "Drivers/STM32F4xx_HAL_Driver/Inc/stm32f4xx_hal.h"
ARM GAS  C:\Users\ncer\AppData\Local\Temp\ccCAxfb8.s 			page 17


DEFINED SYMBOLS
                            *ABS*:00000000 myfunc.c
C:\Users\ncer\AppData\Local\Temp\ccCAxfb8.s:18     .text.test_direction:00000000 $t
C:\Users\ncer\AppData\Local\Temp\ccCAxfb8.s:26     .text.test_direction:00000000 test_direction
C:\Users\ncer\AppData\Local\Temp\ccCAxfb8.s:48     .text.test_direction:00000008 $d
C:\Users\ncer\AppData\Local\Temp\ccCAxfb8.s:53     .text.measure_r:00000000 $t
C:\Users\ncer\AppData\Local\Temp\ccCAxfb8.s:60     .text.measure_r:00000000 measure_r
C:\Users\ncer\AppData\Local\Temp\ccCAxfb8.s:81     .text.measure_r:00000008 $d
C:\Users\ncer\AppData\Local\Temp\ccCAxfb8.s:87     .rodata.get_position.str1.4:00000000 $d
C:\Users\ncer\AppData\Local\Temp\ccCAxfb8.s:91     .text.get_position:00000000 $t
C:\Users\ncer\AppData\Local\Temp\ccCAxfb8.s:98     .text.get_position:00000000 get_position
C:\Users\ncer\AppData\Local\Temp\ccCAxfb8.s:130    .text.get_position:00000018 $d
C:\Users\ncer\AppData\Local\Temp\ccCAxfb8.s:136    .rodata.test.str1.4:00000000 $d
C:\Users\ncer\AppData\Local\Temp\ccCAxfb8.s:149    .text.test:00000000 $t
C:\Users\ncer\AppData\Local\Temp\ccCAxfb8.s:155    .text.test:00000000 test
C:\Users\ncer\AppData\Local\Temp\ccCAxfb8.s:243    .text.test:00000050 $d
C:\Users\ncer\AppData\Local\Temp\ccCAxfb8.s:251    .rodata.set_to_u4.str1.4:00000000 $d
C:\Users\ncer\AppData\Local\Temp\ccCAxfb8.s:255    .text.set_to_u4:00000000 $t
C:\Users\ncer\AppData\Local\Temp\ccCAxfb8.s:262    .text.set_to_u4:00000000 set_to_u4
C:\Users\ncer\AppData\Local\Temp\ccCAxfb8.s:319    .text.set_to_u4:00000034 $d
C:\Users\ncer\AppData\Local\Temp\ccCAxfb8.s:324    .text.measure_l:00000000 $t
C:\Users\ncer\AppData\Local\Temp\ccCAxfb8.s:331    .text.measure_l:00000000 measure_l
C:\Users\ncer\AppData\Local\Temp\ccCAxfb8.s:354    .rodata.set_val.str1.4:00000000 $d
C:\Users\ncer\AppData\Local\Temp\ccCAxfb8.s:373    .text.set_val:00000000 $t
C:\Users\ncer\AppData\Local\Temp\ccCAxfb8.s:380    .text.set_val:00000000 set_val
C:\Users\ncer\AppData\Local\Temp\ccCAxfb8.s:542    .text.set_val:000000a8 $d
C:\Users\ncer\AppData\Local\Temp\ccCAxfb8.s:553    .rodata.command_init.str1.4:00000000 $d
C:\Users\ncer\AppData\Local\Temp\ccCAxfb8.s:572    .text.command_init:00000000 $t
C:\Users\ncer\AppData\Local\Temp\ccCAxfb8.s:579    .text.command_init:00000000 command_init
C:\Users\ncer\AppData\Local\Temp\ccCAxfb8.s:625    .text.command_init:00000034 $d
C:\Users\ncer\AppData\Local\Temp\ccCAxfb8.s:646    .bss.Var_List:00000000 Var_List
C:\Users\ncer\AppData\Local\Temp\ccCAxfb8.s:642    .bss.Var_List:00000000 $d

UNDEFINED SYMBOLS
Board_Mode
__aeabi_f2d
uprintf
Position_Degree
Set_to_U4
HAL_Delay
Measure_L
compare_string
add_cmd
