ARM GAS  C:\Users\ncer\AppData\Local\Temp\cc2pz1j3.s 			page 1


   1              		.cpu cortex-m4
   2              		.eabi_attribute 27, 1
   3              		.eabi_attribute 28, 1
   4              		.eabi_attribute 20, 1
   5              		.eabi_attribute 21, 1
   6              		.eabi_attribute 23, 3
   7              		.eabi_attribute 24, 1
   8              		.eabi_attribute 25, 1
   9              		.eabi_attribute 26, 1
  10              		.eabi_attribute 30, 1
  11              		.eabi_attribute 34, 1
  12              		.eabi_attribute 18, 4
  13              		.file	"spi.c"
  14              		.text
  15              	.Ltext0:
  16              		.cfi_sections	.debug_frame
  17              		.section	.text.MX_SPI3_Init,"ax",%progbits
  18              		.align	1
  19              		.global	MX_SPI3_Init
  20              		.arch armv7e-m
  21              		.syntax unified
  22              		.thumb
  23              		.thumb_func
  24              		.fpu fpv4-sp-d16
  26              	MX_SPI3_Init:
  27              	.LFB130:
  28              		.file 1 "Src/spi.c"
   1:Src/spi.c     **** /**
   2:Src/spi.c     ****   ******************************************************************************
   3:Src/spi.c     ****   * File Name          : SPI.c
   4:Src/spi.c     ****   * Description        : This file provides code for the configuration
   5:Src/spi.c     ****   *                      of the SPI instances.
   6:Src/spi.c     ****   ******************************************************************************
   7:Src/spi.c     ****   * @attention
   8:Src/spi.c     ****   *
   9:Src/spi.c     ****   * <h2><center>&copy; Copyright (c) 2019 STMicroelectronics.
  10:Src/spi.c     ****   * All rights reserved.</center></h2>
  11:Src/spi.c     ****   *
  12:Src/spi.c     ****   * This software component is licensed by ST under BSD 3-Clause license,
  13:Src/spi.c     ****   * the "License"; You may not use this file except in compliance with the
  14:Src/spi.c     ****   * License. You may obtain a copy of the License at:
  15:Src/spi.c     ****   *                        opensource.org/licenses/BSD-3-Clause
  16:Src/spi.c     ****   *
  17:Src/spi.c     ****   ******************************************************************************
  18:Src/spi.c     ****   */
  19:Src/spi.c     **** 
  20:Src/spi.c     **** /* Includes ------------------------------------------------------------------*/
  21:Src/spi.c     **** #include "spi.h"
  22:Src/spi.c     **** 
  23:Src/spi.c     **** /* USER CODE BEGIN 0 */
  24:Src/spi.c     **** 
  25:Src/spi.c     **** /* USER CODE END 0 */
  26:Src/spi.c     **** 
  27:Src/spi.c     **** SPI_HandleTypeDef hspi3;
  28:Src/spi.c     **** 
  29:Src/spi.c     **** /* SPI3 init function */
  30:Src/spi.c     **** void MX_SPI3_Init(void)
ARM GAS  C:\Users\ncer\AppData\Local\Temp\cc2pz1j3.s 			page 2


  31:Src/spi.c     **** {
  29              		.loc 1 31 1 view -0
  30              		.cfi_startproc
  31              		@ args = 0, pretend = 0, frame = 0
  32              		@ frame_needed = 0, uses_anonymous_args = 0
  33 0000 08B5     		push	{r3, lr}
  34              	.LCFI0:
  35              		.cfi_def_cfa_offset 8
  36              		.cfi_offset 3, -8
  37              		.cfi_offset 14, -4
  32:Src/spi.c     **** 
  33:Src/spi.c     ****   hspi3.Instance = SPI3;
  38              		.loc 1 33 3 view .LVU1
  39              		.loc 1 33 18 is_stmt 0 view .LVU2
  40 0002 0D48     		ldr	r0, .L5
  41 0004 0D4B     		ldr	r3, .L5+4
  42 0006 0360     		str	r3, [r0]
  34:Src/spi.c     ****   hspi3.Init.Mode = SPI_MODE_MASTER;
  43              		.loc 1 34 3 is_stmt 1 view .LVU3
  44              		.loc 1 34 19 is_stmt 0 view .LVU4
  45 0008 4FF48273 		mov	r3, #260
  46 000c 4360     		str	r3, [r0, #4]
  35:Src/spi.c     ****   hspi3.Init.Direction = SPI_DIRECTION_2LINES;
  47              		.loc 1 35 3 is_stmt 1 view .LVU5
  48              		.loc 1 35 24 is_stmt 0 view .LVU6
  49 000e 0023     		movs	r3, #0
  50 0010 8360     		str	r3, [r0, #8]
  36:Src/spi.c     ****   hspi3.Init.DataSize = SPI_DATASIZE_8BIT;
  51              		.loc 1 36 3 is_stmt 1 view .LVU7
  52              		.loc 1 36 23 is_stmt 0 view .LVU8
  53 0012 C360     		str	r3, [r0, #12]
  37:Src/spi.c     ****   hspi3.Init.CLKPolarity = SPI_POLARITY_LOW;
  54              		.loc 1 37 3 is_stmt 1 view .LVU9
  55              		.loc 1 37 26 is_stmt 0 view .LVU10
  56 0014 0361     		str	r3, [r0, #16]
  38:Src/spi.c     ****   hspi3.Init.CLKPhase = SPI_PHASE_1EDGE;
  57              		.loc 1 38 3 is_stmt 1 view .LVU11
  58              		.loc 1 38 23 is_stmt 0 view .LVU12
  59 0016 4361     		str	r3, [r0, #20]
  39:Src/spi.c     ****   hspi3.Init.NSS = SPI_NSS_SOFT;
  60              		.loc 1 39 3 is_stmt 1 view .LVU13
  61              		.loc 1 39 18 is_stmt 0 view .LVU14
  62 0018 4FF40072 		mov	r2, #512
  63 001c 8261     		str	r2, [r0, #24]
  40:Src/spi.c     ****   hspi3.Init.BaudRatePrescaler = SPI_BAUDRATEPRESCALER_2;
  64              		.loc 1 40 3 is_stmt 1 view .LVU15
  65              		.loc 1 40 32 is_stmt 0 view .LVU16
  66 001e C361     		str	r3, [r0, #28]
  41:Src/spi.c     ****   hspi3.Init.FirstBit = SPI_FIRSTBIT_MSB;
  67              		.loc 1 41 3 is_stmt 1 view .LVU17
  68              		.loc 1 41 23 is_stmt 0 view .LVU18
  69 0020 0362     		str	r3, [r0, #32]
  42:Src/spi.c     ****   hspi3.Init.TIMode = SPI_TIMODE_DISABLE;
  70              		.loc 1 42 3 is_stmt 1 view .LVU19
  71              		.loc 1 42 21 is_stmt 0 view .LVU20
  72 0022 4362     		str	r3, [r0, #36]
  43:Src/spi.c     ****   hspi3.Init.CRCCalculation = SPI_CRCCALCULATION_DISABLE;
ARM GAS  C:\Users\ncer\AppData\Local\Temp\cc2pz1j3.s 			page 3


  73              		.loc 1 43 3 is_stmt 1 view .LVU21
  74              		.loc 1 43 29 is_stmt 0 view .LVU22
  75 0024 8362     		str	r3, [r0, #40]
  44:Src/spi.c     ****   hspi3.Init.CRCPolynomial = 10;
  76              		.loc 1 44 3 is_stmt 1 view .LVU23
  77              		.loc 1 44 28 is_stmt 0 view .LVU24
  78 0026 0A23     		movs	r3, #10
  79 0028 C362     		str	r3, [r0, #44]
  45:Src/spi.c     ****   if (HAL_SPI_Init(&hspi3) != HAL_OK)
  80              		.loc 1 45 3 is_stmt 1 view .LVU25
  81              		.loc 1 45 7 is_stmt 0 view .LVU26
  82 002a FFF7FEFF 		bl	HAL_SPI_Init
  83              	.LVL0:
  84              		.loc 1 45 6 view .LVU27
  85 002e 00B9     		cbnz	r0, .L4
  86              	.L1:
  46:Src/spi.c     ****   {
  47:Src/spi.c     ****     Error_Handler();
  48:Src/spi.c     ****   }
  49:Src/spi.c     **** 
  50:Src/spi.c     **** }
  87              		.loc 1 50 1 view .LVU28
  88 0030 08BD     		pop	{r3, pc}
  89              	.L4:
  47:Src/spi.c     ****   }
  90              		.loc 1 47 5 is_stmt 1 view .LVU29
  91 0032 FFF7FEFF 		bl	Error_Handler
  92              	.LVL1:
  93              		.loc 1 50 1 is_stmt 0 view .LVU30
  94 0036 FBE7     		b	.L1
  95              	.L6:
  96              		.align	2
  97              	.L5:
  98 0038 00000000 		.word	hspi3
  99 003c 003C0040 		.word	1073757184
 100              		.cfi_endproc
 101              	.LFE130:
 103              		.section	.text.HAL_SPI_MspInit,"ax",%progbits
 104              		.align	1
 105              		.global	HAL_SPI_MspInit
 106              		.syntax unified
 107              		.thumb
 108              		.thumb_func
 109              		.fpu fpv4-sp-d16
 111              	HAL_SPI_MspInit:
 112              	.LVL2:
 113              	.LFB131:
  51:Src/spi.c     **** 
  52:Src/spi.c     **** void HAL_SPI_MspInit(SPI_HandleTypeDef* spiHandle)
  53:Src/spi.c     **** {
 114              		.loc 1 53 1 is_stmt 1 view -0
 115              		.cfi_startproc
 116              		@ args = 0, pretend = 0, frame = 32
 117              		@ frame_needed = 0, uses_anonymous_args = 0
 118              		.loc 1 53 1 is_stmt 0 view .LVU32
 119 0000 00B5     		push	{lr}
 120              	.LCFI1:
ARM GAS  C:\Users\ncer\AppData\Local\Temp\cc2pz1j3.s 			page 4


 121              		.cfi_def_cfa_offset 4
 122              		.cfi_offset 14, -4
 123 0002 89B0     		sub	sp, sp, #36
 124              	.LCFI2:
 125              		.cfi_def_cfa_offset 40
  54:Src/spi.c     **** 
  55:Src/spi.c     ****   GPIO_InitTypeDef GPIO_InitStruct = {0};
 126              		.loc 1 55 3 is_stmt 1 view .LVU33
 127              		.loc 1 55 20 is_stmt 0 view .LVU34
 128 0004 0023     		movs	r3, #0
 129 0006 0393     		str	r3, [sp, #12]
 130 0008 0493     		str	r3, [sp, #16]
 131 000a 0593     		str	r3, [sp, #20]
 132 000c 0693     		str	r3, [sp, #24]
 133 000e 0793     		str	r3, [sp, #28]
  56:Src/spi.c     ****   if(spiHandle->Instance==SPI3)
 134              		.loc 1 56 3 is_stmt 1 view .LVU35
 135              		.loc 1 56 15 is_stmt 0 view .LVU36
 136 0010 0268     		ldr	r2, [r0]
 137              		.loc 1 56 5 view .LVU37
 138 0012 154B     		ldr	r3, .L11
 139 0014 9A42     		cmp	r2, r3
 140 0016 02D0     		beq	.L10
 141              	.LVL3:
 142              	.L7:
  57:Src/spi.c     ****   {
  58:Src/spi.c     ****   /* USER CODE BEGIN SPI3_MspInit 0 */
  59:Src/spi.c     **** 
  60:Src/spi.c     ****   /* USER CODE END SPI3_MspInit 0 */
  61:Src/spi.c     ****     /* SPI3 clock enable */
  62:Src/spi.c     ****     __HAL_RCC_SPI3_CLK_ENABLE();
  63:Src/spi.c     ****   
  64:Src/spi.c     ****     __HAL_RCC_GPIOC_CLK_ENABLE();
  65:Src/spi.c     ****     /**SPI3 GPIO Configuration    
  66:Src/spi.c     ****     PC10     ------> SPI3_SCK
  67:Src/spi.c     ****     PC11     ------> SPI3_MISO
  68:Src/spi.c     ****     PC12     ------> SPI3_MOSI 
  69:Src/spi.c     ****     */
  70:Src/spi.c     ****     GPIO_InitStruct.Pin = GPIO_PIN_10|GPIO_PIN_11|GPIO_PIN_12;
  71:Src/spi.c     ****     GPIO_InitStruct.Mode = GPIO_MODE_AF_PP;
  72:Src/spi.c     ****     GPIO_InitStruct.Pull = GPIO_NOPULL;
  73:Src/spi.c     ****     GPIO_InitStruct.Speed = GPIO_SPEED_FREQ_VERY_HIGH;
  74:Src/spi.c     ****     GPIO_InitStruct.Alternate = GPIO_AF6_SPI3;
  75:Src/spi.c     ****     HAL_GPIO_Init(GPIOC, &GPIO_InitStruct);
  76:Src/spi.c     **** 
  77:Src/spi.c     ****   /* USER CODE BEGIN SPI3_MspInit 1 */
  78:Src/spi.c     **** 
  79:Src/spi.c     ****   /* USER CODE END SPI3_MspInit 1 */
  80:Src/spi.c     ****   }
  81:Src/spi.c     **** }
 143              		.loc 1 81 1 view .LVU38
 144 0018 09B0     		add	sp, sp, #36
 145              	.LCFI3:
 146              		.cfi_remember_state
 147              		.cfi_def_cfa_offset 4
 148              		@ sp needed
 149 001a 5DF804FB 		ldr	pc, [sp], #4
ARM GAS  C:\Users\ncer\AppData\Local\Temp\cc2pz1j3.s 			page 5


 150              	.LVL4:
 151              	.L10:
 152              	.LCFI4:
 153              		.cfi_restore_state
  62:Src/spi.c     ****   
 154              		.loc 1 62 5 is_stmt 1 view .LVU39
 155              	.LBB2:
  62:Src/spi.c     ****   
 156              		.loc 1 62 5 view .LVU40
 157 001e 0021     		movs	r1, #0
 158 0020 0191     		str	r1, [sp, #4]
  62:Src/spi.c     ****   
 159              		.loc 1 62 5 view .LVU41
 160 0022 03F5FE33 		add	r3, r3, #130048
 161 0026 1A6C     		ldr	r2, [r3, #64]
 162 0028 42F40042 		orr	r2, r2, #32768
 163 002c 1A64     		str	r2, [r3, #64]
  62:Src/spi.c     ****   
 164              		.loc 1 62 5 view .LVU42
 165 002e 1A6C     		ldr	r2, [r3, #64]
 166 0030 02F40042 		and	r2, r2, #32768
 167 0034 0192     		str	r2, [sp, #4]
  62:Src/spi.c     ****   
 168              		.loc 1 62 5 view .LVU43
 169 0036 019A     		ldr	r2, [sp, #4]
 170              	.LBE2:
  64:Src/spi.c     ****     /**SPI3 GPIO Configuration    
 171              		.loc 1 64 5 view .LVU44
 172              	.LBB3:
  64:Src/spi.c     ****     /**SPI3 GPIO Configuration    
 173              		.loc 1 64 5 view .LVU45
 174 0038 0291     		str	r1, [sp, #8]
  64:Src/spi.c     ****     /**SPI3 GPIO Configuration    
 175              		.loc 1 64 5 view .LVU46
 176 003a 1A6B     		ldr	r2, [r3, #48]
 177 003c 42F00402 		orr	r2, r2, #4
 178 0040 1A63     		str	r2, [r3, #48]
  64:Src/spi.c     ****     /**SPI3 GPIO Configuration    
 179              		.loc 1 64 5 view .LVU47
 180 0042 1B6B     		ldr	r3, [r3, #48]
 181 0044 03F00403 		and	r3, r3, #4
 182 0048 0293     		str	r3, [sp, #8]
  64:Src/spi.c     ****     /**SPI3 GPIO Configuration    
 183              		.loc 1 64 5 view .LVU48
 184 004a 029B     		ldr	r3, [sp, #8]
 185              	.LBE3:
  70:Src/spi.c     ****     GPIO_InitStruct.Mode = GPIO_MODE_AF_PP;
 186              		.loc 1 70 5 view .LVU49
  70:Src/spi.c     ****     GPIO_InitStruct.Mode = GPIO_MODE_AF_PP;
 187              		.loc 1 70 25 is_stmt 0 view .LVU50
 188 004c 4FF4E053 		mov	r3, #7168
 189 0050 0393     		str	r3, [sp, #12]
  71:Src/spi.c     ****     GPIO_InitStruct.Pull = GPIO_NOPULL;
 190              		.loc 1 71 5 is_stmt 1 view .LVU51
  71:Src/spi.c     ****     GPIO_InitStruct.Pull = GPIO_NOPULL;
 191              		.loc 1 71 26 is_stmt 0 view .LVU52
 192 0052 0223     		movs	r3, #2
ARM GAS  C:\Users\ncer\AppData\Local\Temp\cc2pz1j3.s 			page 6


 193 0054 0493     		str	r3, [sp, #16]
  72:Src/spi.c     ****     GPIO_InitStruct.Speed = GPIO_SPEED_FREQ_VERY_HIGH;
 194              		.loc 1 72 5 is_stmt 1 view .LVU53
  73:Src/spi.c     ****     GPIO_InitStruct.Alternate = GPIO_AF6_SPI3;
 195              		.loc 1 73 5 view .LVU54
  73:Src/spi.c     ****     GPIO_InitStruct.Alternate = GPIO_AF6_SPI3;
 196              		.loc 1 73 27 is_stmt 0 view .LVU55
 197 0056 0323     		movs	r3, #3
 198 0058 0693     		str	r3, [sp, #24]
  74:Src/spi.c     ****     HAL_GPIO_Init(GPIOC, &GPIO_InitStruct);
 199              		.loc 1 74 5 is_stmt 1 view .LVU56
  74:Src/spi.c     ****     HAL_GPIO_Init(GPIOC, &GPIO_InitStruct);
 200              		.loc 1 74 31 is_stmt 0 view .LVU57
 201 005a 0623     		movs	r3, #6
 202 005c 0793     		str	r3, [sp, #28]
  75:Src/spi.c     **** 
 203              		.loc 1 75 5 is_stmt 1 view .LVU58
 204 005e 03A9     		add	r1, sp, #12
 205 0060 0248     		ldr	r0, .L11+4
 206              	.LVL5:
  75:Src/spi.c     **** 
 207              		.loc 1 75 5 is_stmt 0 view .LVU59
 208 0062 FFF7FEFF 		bl	HAL_GPIO_Init
 209              	.LVL6:
 210              		.loc 1 81 1 view .LVU60
 211 0066 D7E7     		b	.L7
 212              	.L12:
 213              		.align	2
 214              	.L11:
 215 0068 003C0040 		.word	1073757184
 216 006c 00080240 		.word	1073874944
 217              		.cfi_endproc
 218              	.LFE131:
 220              		.section	.text.HAL_SPI_MspDeInit,"ax",%progbits
 221              		.align	1
 222              		.global	HAL_SPI_MspDeInit
 223              		.syntax unified
 224              		.thumb
 225              		.thumb_func
 226              		.fpu fpv4-sp-d16
 228              	HAL_SPI_MspDeInit:
 229              	.LVL7:
 230              	.LFB132:
  82:Src/spi.c     **** 
  83:Src/spi.c     **** void HAL_SPI_MspDeInit(SPI_HandleTypeDef* spiHandle)
  84:Src/spi.c     **** {
 231              		.loc 1 84 1 is_stmt 1 view -0
 232              		.cfi_startproc
 233              		@ args = 0, pretend = 0, frame = 0
 234              		@ frame_needed = 0, uses_anonymous_args = 0
 235              		.loc 1 84 1 is_stmt 0 view .LVU62
 236 0000 08B5     		push	{r3, lr}
 237              	.LCFI5:
 238              		.cfi_def_cfa_offset 8
 239              		.cfi_offset 3, -8
 240              		.cfi_offset 14, -4
  85:Src/spi.c     **** 
ARM GAS  C:\Users\ncer\AppData\Local\Temp\cc2pz1j3.s 			page 7


  86:Src/spi.c     ****   if(spiHandle->Instance==SPI3)
 241              		.loc 1 86 3 is_stmt 1 view .LVU63
 242              		.loc 1 86 15 is_stmt 0 view .LVU64
 243 0002 0268     		ldr	r2, [r0]
 244              		.loc 1 86 5 view .LVU65
 245 0004 074B     		ldr	r3, .L17
 246 0006 9A42     		cmp	r2, r3
 247 0008 00D0     		beq	.L16
 248              	.LVL8:
 249              	.L13:
  87:Src/spi.c     ****   {
  88:Src/spi.c     ****   /* USER CODE BEGIN SPI3_MspDeInit 0 */
  89:Src/spi.c     **** 
  90:Src/spi.c     ****   /* USER CODE END SPI3_MspDeInit 0 */
  91:Src/spi.c     ****     /* Peripheral clock disable */
  92:Src/spi.c     ****     __HAL_RCC_SPI3_CLK_DISABLE();
  93:Src/spi.c     ****   
  94:Src/spi.c     ****     /**SPI3 GPIO Configuration    
  95:Src/spi.c     ****     PC10     ------> SPI3_SCK
  96:Src/spi.c     ****     PC11     ------> SPI3_MISO
  97:Src/spi.c     ****     PC12     ------> SPI3_MOSI 
  98:Src/spi.c     ****     */
  99:Src/spi.c     ****     HAL_GPIO_DeInit(GPIOC, GPIO_PIN_10|GPIO_PIN_11|GPIO_PIN_12);
 100:Src/spi.c     **** 
 101:Src/spi.c     ****   /* USER CODE BEGIN SPI3_MspDeInit 1 */
 102:Src/spi.c     **** 
 103:Src/spi.c     ****   /* USER CODE END SPI3_MspDeInit 1 */
 104:Src/spi.c     ****   }
 105:Src/spi.c     **** } 
 250              		.loc 1 105 1 view .LVU66
 251 000a 08BD     		pop	{r3, pc}
 252              	.LVL9:
 253              	.L16:
  92:Src/spi.c     ****   
 254              		.loc 1 92 5 is_stmt 1 view .LVU67
 255 000c 064A     		ldr	r2, .L17+4
 256 000e 136C     		ldr	r3, [r2, #64]
 257 0010 23F40043 		bic	r3, r3, #32768
 258 0014 1364     		str	r3, [r2, #64]
  99:Src/spi.c     **** 
 259              		.loc 1 99 5 view .LVU68
 260 0016 4FF4E051 		mov	r1, #7168
 261 001a 0448     		ldr	r0, .L17+8
 262              	.LVL10:
  99:Src/spi.c     **** 
 263              		.loc 1 99 5 is_stmt 0 view .LVU69
 264 001c FFF7FEFF 		bl	HAL_GPIO_DeInit
 265              	.LVL11:
 266              		.loc 1 105 1 view .LVU70
 267 0020 F3E7     		b	.L13
 268              	.L18:
 269 0022 00BF     		.align	2
 270              	.L17:
 271 0024 003C0040 		.word	1073757184
 272 0028 00380240 		.word	1073887232
 273 002c 00080240 		.word	1073874944
 274              		.cfi_endproc
ARM GAS  C:\Users\ncer\AppData\Local\Temp\cc2pz1j3.s 			page 8


 275              	.LFE132:
 277              		.comm	hspi3,88,4
 278              		.text
 279              	.Letext0:
 280              		.file 2 "c:\\arm_gcc\\arm-none-eabi\\include\\machine\\_default_types.h"
 281              		.file 3 "c:\\arm_gcc\\arm-none-eabi\\include\\sys\\_stdint.h"
 282              		.file 4 "Drivers/CMSIS/Include/core_cm4.h"
 283              		.file 5 "Drivers/CMSIS/Device/ST/STM32F4xx/Include/system_stm32f4xx.h"
 284              		.file 6 "Drivers/CMSIS/Device/ST/STM32F4xx/Include/stm32f405xx.h"
 285              		.file 7 "Drivers/STM32F4xx_HAL_Driver/Inc/stm32f4xx_hal_def.h"
 286              		.file 8 "Drivers/STM32F4xx_HAL_Driver/Inc/stm32f4xx_hal_gpio.h"
 287              		.file 9 "Drivers/STM32F4xx_HAL_Driver/Inc/stm32f4xx_hal_dma.h"
 288              		.file 10 "Drivers/STM32F4xx_HAL_Driver/Inc/stm32f4xx_hal_spi.h"
 289              		.file 11 "Inc/spi.h"
 290              		.file 12 "Inc/main.h"
ARM GAS  C:\Users\ncer\AppData\Local\Temp\cc2pz1j3.s 			page 9


DEFINED SYMBOLS
                            *ABS*:00000000 spi.c
C:\Users\ncer\AppData\Local\Temp\cc2pz1j3.s:18     .text.MX_SPI3_Init:00000000 $t
C:\Users\ncer\AppData\Local\Temp\cc2pz1j3.s:26     .text.MX_SPI3_Init:00000000 MX_SPI3_Init
C:\Users\ncer\AppData\Local\Temp\cc2pz1j3.s:98     .text.MX_SPI3_Init:00000038 $d
                            *COM*:00000058 hspi3
C:\Users\ncer\AppData\Local\Temp\cc2pz1j3.s:104    .text.HAL_SPI_MspInit:00000000 $t
C:\Users\ncer\AppData\Local\Temp\cc2pz1j3.s:111    .text.HAL_SPI_MspInit:00000000 HAL_SPI_MspInit
C:\Users\ncer\AppData\Local\Temp\cc2pz1j3.s:215    .text.HAL_SPI_MspInit:00000068 $d
C:\Users\ncer\AppData\Local\Temp\cc2pz1j3.s:221    .text.HAL_SPI_MspDeInit:00000000 $t
C:\Users\ncer\AppData\Local\Temp\cc2pz1j3.s:228    .text.HAL_SPI_MspDeInit:00000000 HAL_SPI_MspDeInit
C:\Users\ncer\AppData\Local\Temp\cc2pz1j3.s:271    .text.HAL_SPI_MspDeInit:00000024 $d

UNDEFINED SYMBOLS
HAL_SPI_Init
Error_Handler
HAL_GPIO_Init
HAL_GPIO_DeInit
