ARM GAS  C:\Users\ncer\AppData\Local\Temp\ccZlnjwx.s 			page 1


   1              		.cpu cortex-m4
   2              		.eabi_attribute 27, 1
   3              		.eabi_attribute 28, 1
   4              		.eabi_attribute 20, 1
   5              		.eabi_attribute 21, 1
   6              		.eabi_attribute 23, 3
   7              		.eabi_attribute 24, 1
   8              		.eabi_attribute 25, 1
   9              		.eabi_attribute 26, 1
  10              		.eabi_attribute 30, 1
  11              		.eabi_attribute 34, 1
  12              		.eabi_attribute 18, 4
  13              		.file	"stm32f4xx_it.c"
  14              		.text
  15              	.Ltext0:
  16              		.cfi_sections	.debug_frame
  17              		.section	.text.NMI_Handler,"ax",%progbits
  18              		.align	1
  19              		.global	NMI_Handler
  20              		.arch armv7e-m
  21              		.syntax unified
  22              		.thumb
  23              		.thumb_func
  24              		.fpu fpv4-sp-d16
  26              	NMI_Handler:
  27              	.LFB130:
  28              		.file 1 "Src/stm32f4xx_it.c"
   1:Src/stm32f4xx_it.c **** /* USER CODE BEGIN Header */
   2:Src/stm32f4xx_it.c **** /**
   3:Src/stm32f4xx_it.c ****   ******************************************************************************
   4:Src/stm32f4xx_it.c ****   * @file    stm32f4xx_it.c
   5:Src/stm32f4xx_it.c ****   * @brief   Interrupt Service Routines.
   6:Src/stm32f4xx_it.c ****   ******************************************************************************
   7:Src/stm32f4xx_it.c ****   * @attention
   8:Src/stm32f4xx_it.c ****   *
   9:Src/stm32f4xx_it.c ****   * <h2><center>&copy; Copyright (c) 2019 STMicroelectronics.
  10:Src/stm32f4xx_it.c ****   * All rights reserved.</center></h2>
  11:Src/stm32f4xx_it.c ****   *
  12:Src/stm32f4xx_it.c ****   * This software component is licensed by ST under BSD 3-Clause license,
  13:Src/stm32f4xx_it.c ****   * the "License"; You may not use this file except in compliance with the
  14:Src/stm32f4xx_it.c ****   * License. You may obtain a copy of the License at:
  15:Src/stm32f4xx_it.c ****   *                        opensource.org/licenses/BSD-3-Clause
  16:Src/stm32f4xx_it.c ****   *
  17:Src/stm32f4xx_it.c ****   ******************************************************************************
  18:Src/stm32f4xx_it.c ****   */
  19:Src/stm32f4xx_it.c **** /* USER CODE END Header */
  20:Src/stm32f4xx_it.c **** 
  21:Src/stm32f4xx_it.c **** /* Includes ------------------------------------------------------------------*/
  22:Src/stm32f4xx_it.c **** #include "main.h"
  23:Src/stm32f4xx_it.c **** #include "stm32f4xx_it.h"
  24:Src/stm32f4xx_it.c **** /* Private includes ----------------------------------------------------------*/
  25:Src/stm32f4xx_it.c **** /* USER CODE BEGIN Includes */
  26:Src/stm32f4xx_it.c **** /* USER CODE END Includes */
  27:Src/stm32f4xx_it.c **** 
  28:Src/stm32f4xx_it.c **** /* Private typedef -----------------------------------------------------------*/
  29:Src/stm32f4xx_it.c **** /* USER CODE BEGIN TD */
  30:Src/stm32f4xx_it.c **** 
ARM GAS  C:\Users\ncer\AppData\Local\Temp\ccZlnjwx.s 			page 2


  31:Src/stm32f4xx_it.c **** /* USER CODE END TD */
  32:Src/stm32f4xx_it.c **** 
  33:Src/stm32f4xx_it.c **** /* Private define ------------------------------------------------------------*/
  34:Src/stm32f4xx_it.c **** /* USER CODE BEGIN PD */
  35:Src/stm32f4xx_it.c ****  
  36:Src/stm32f4xx_it.c **** /* USER CODE END PD */
  37:Src/stm32f4xx_it.c **** 
  38:Src/stm32f4xx_it.c **** /* Private macro -------------------------------------------------------------*/
  39:Src/stm32f4xx_it.c **** /* USER CODE BEGIN PM */
  40:Src/stm32f4xx_it.c **** 
  41:Src/stm32f4xx_it.c **** /* USER CODE END PM */
  42:Src/stm32f4xx_it.c **** 
  43:Src/stm32f4xx_it.c **** /* Private variables ---------------------------------------------------------*/
  44:Src/stm32f4xx_it.c **** /* USER CODE BEGIN PV */
  45:Src/stm32f4xx_it.c **** 
  46:Src/stm32f4xx_it.c **** /* USER CODE END PV */
  47:Src/stm32f4xx_it.c **** 
  48:Src/stm32f4xx_it.c **** /* Private function prototypes -----------------------------------------------*/
  49:Src/stm32f4xx_it.c **** /* USER CODE BEGIN PFP */
  50:Src/stm32f4xx_it.c **** 
  51:Src/stm32f4xx_it.c **** /* USER CODE END PFP */
  52:Src/stm32f4xx_it.c **** 
  53:Src/stm32f4xx_it.c **** /* Private user code ---------------------------------------------------------*/
  54:Src/stm32f4xx_it.c **** /* USER CODE BEGIN 0 */
  55:Src/stm32f4xx_it.c **** 
  56:Src/stm32f4xx_it.c **** /* USER CODE END 0 */
  57:Src/stm32f4xx_it.c **** 
  58:Src/stm32f4xx_it.c **** /* External variables --------------------------------------------------------*/
  59:Src/stm32f4xx_it.c **** extern DMA_HandleTypeDef hdma_adc1;
  60:Src/stm32f4xx_it.c **** extern DMA_HandleTypeDef hdma_adc2;
  61:Src/stm32f4xx_it.c **** extern TIM_HandleTypeDef htim6;
  62:Src/stm32f4xx_it.c **** extern TIM_HandleTypeDef htim7;
  63:Src/stm32f4xx_it.c **** extern TIM_HandleTypeDef htim8;
  64:Src/stm32f4xx_it.c **** extern DMA_HandleTypeDef hdma_usart3_rx;
  65:Src/stm32f4xx_it.c **** extern DMA_HandleTypeDef hdma_usart3_tx;
  66:Src/stm32f4xx_it.c **** /* USER CODE BEGIN EV */
  67:Src/stm32f4xx_it.c **** extern UART_HandleTypeDef huart3;
  68:Src/stm32f4xx_it.c **** /* USER CODE END EV */
  69:Src/stm32f4xx_it.c **** 
  70:Src/stm32f4xx_it.c **** /******************************************************************************/
  71:Src/stm32f4xx_it.c **** /*           Cortex-M4 Processor Interruption and Exception Handlers          */ 
  72:Src/stm32f4xx_it.c **** /******************************************************************************/
  73:Src/stm32f4xx_it.c **** /**
  74:Src/stm32f4xx_it.c ****   * @brief This function handles Non maskable interrupt.
  75:Src/stm32f4xx_it.c ****   */
  76:Src/stm32f4xx_it.c **** void NMI_Handler(void)
  77:Src/stm32f4xx_it.c **** {
  29              		.loc 1 77 1 view -0
  30              		.cfi_startproc
  31              		@ args = 0, pretend = 0, frame = 0
  32              		@ frame_needed = 0, uses_anonymous_args = 0
  33              		@ link register save eliminated.
  78:Src/stm32f4xx_it.c ****   /* USER CODE BEGIN NonMaskableInt_IRQn 0 */
  79:Src/stm32f4xx_it.c **** 
  80:Src/stm32f4xx_it.c ****   /* USER CODE END NonMaskableInt_IRQn 0 */
  81:Src/stm32f4xx_it.c ****   /* USER CODE BEGIN NonMaskableInt_IRQn 1 */
  82:Src/stm32f4xx_it.c **** 
ARM GAS  C:\Users\ncer\AppData\Local\Temp\ccZlnjwx.s 			page 3


  83:Src/stm32f4xx_it.c ****   /* USER CODE END NonMaskableInt_IRQn 1 */
  84:Src/stm32f4xx_it.c **** }
  34              		.loc 1 84 1 view .LVU1
  35 0000 7047     		bx	lr
  36              		.cfi_endproc
  37              	.LFE130:
  39              		.section	.text.HardFault_Handler,"ax",%progbits
  40              		.align	1
  41              		.global	HardFault_Handler
  42              		.syntax unified
  43              		.thumb
  44              		.thumb_func
  45              		.fpu fpv4-sp-d16
  47              	HardFault_Handler:
  48              	.LFB131:
  85:Src/stm32f4xx_it.c **** 
  86:Src/stm32f4xx_it.c **** /**
  87:Src/stm32f4xx_it.c ****   * @brief This function handles Hard fault interrupt.
  88:Src/stm32f4xx_it.c ****   */
  89:Src/stm32f4xx_it.c **** void HardFault_Handler(void)
  90:Src/stm32f4xx_it.c **** {
  49              		.loc 1 90 1 view -0
  50              		.cfi_startproc
  51              		@ Volatile: function does not return.
  52              		@ args = 0, pretend = 0, frame = 0
  53              		@ frame_needed = 0, uses_anonymous_args = 0
  54              		@ link register save eliminated.
  55              	.L3:
  91:Src/stm32f4xx_it.c ****   /* USER CODE BEGIN HardFault_IRQn 0 */
  92:Src/stm32f4xx_it.c **** 
  93:Src/stm32f4xx_it.c ****   /* USER CODE END HardFault_IRQn 0 */
  94:Src/stm32f4xx_it.c ****   while (1)
  56              		.loc 1 94 3 discriminator 1 view .LVU3
  95:Src/stm32f4xx_it.c ****   {
  96:Src/stm32f4xx_it.c ****     /* USER CODE BEGIN W1_HardFault_IRQn 0 */
  97:Src/stm32f4xx_it.c ****     /* USER CODE END W1_HardFault_IRQn 0 */
  98:Src/stm32f4xx_it.c ****   }
  57              		.loc 1 98 3 discriminator 1 view .LVU4
  94:Src/stm32f4xx_it.c ****   {
  58              		.loc 1 94 9 discriminator 1 view .LVU5
  59 0000 FEE7     		b	.L3
  60              		.cfi_endproc
  61              	.LFE131:
  63              		.section	.text.MemManage_Handler,"ax",%progbits
  64              		.align	1
  65              		.global	MemManage_Handler
  66              		.syntax unified
  67              		.thumb
  68              		.thumb_func
  69              		.fpu fpv4-sp-d16
  71              	MemManage_Handler:
  72              	.LFB132:
  99:Src/stm32f4xx_it.c **** }
 100:Src/stm32f4xx_it.c **** 
 101:Src/stm32f4xx_it.c **** /**
 102:Src/stm32f4xx_it.c ****   * @brief This function handles Memory management fault.
 103:Src/stm32f4xx_it.c ****   */
ARM GAS  C:\Users\ncer\AppData\Local\Temp\ccZlnjwx.s 			page 4


 104:Src/stm32f4xx_it.c **** void MemManage_Handler(void)
 105:Src/stm32f4xx_it.c **** {
  73              		.loc 1 105 1 view -0
  74              		.cfi_startproc
  75              		@ Volatile: function does not return.
  76              		@ args = 0, pretend = 0, frame = 0
  77              		@ frame_needed = 0, uses_anonymous_args = 0
  78              		@ link register save eliminated.
  79              	.L5:
 106:Src/stm32f4xx_it.c ****   /* USER CODE BEGIN MemoryManagement_IRQn 0 */
 107:Src/stm32f4xx_it.c **** 
 108:Src/stm32f4xx_it.c ****   /* USER CODE END MemoryManagement_IRQn 0 */
 109:Src/stm32f4xx_it.c ****   while (1)
  80              		.loc 1 109 3 discriminator 1 view .LVU7
 110:Src/stm32f4xx_it.c ****   {
 111:Src/stm32f4xx_it.c ****     /* USER CODE BEGIN W1_MemoryManagement_IRQn 0 */
 112:Src/stm32f4xx_it.c ****     /* USER CODE END W1_MemoryManagement_IRQn 0 */
 113:Src/stm32f4xx_it.c ****   }
  81              		.loc 1 113 3 discriminator 1 view .LVU8
 109:Src/stm32f4xx_it.c ****   {
  82              		.loc 1 109 9 discriminator 1 view .LVU9
  83 0000 FEE7     		b	.L5
  84              		.cfi_endproc
  85              	.LFE132:
  87              		.section	.text.BusFault_Handler,"ax",%progbits
  88              		.align	1
  89              		.global	BusFault_Handler
  90              		.syntax unified
  91              		.thumb
  92              		.thumb_func
  93              		.fpu fpv4-sp-d16
  95              	BusFault_Handler:
  96              	.LFB133:
 114:Src/stm32f4xx_it.c **** }
 115:Src/stm32f4xx_it.c **** 
 116:Src/stm32f4xx_it.c **** /**
 117:Src/stm32f4xx_it.c ****   * @brief This function handles Pre-fetch fault, memory access fault.
 118:Src/stm32f4xx_it.c ****   */
 119:Src/stm32f4xx_it.c **** void BusFault_Handler(void)
 120:Src/stm32f4xx_it.c **** {
  97              		.loc 1 120 1 view -0
  98              		.cfi_startproc
  99              		@ Volatile: function does not return.
 100              		@ args = 0, pretend = 0, frame = 0
 101              		@ frame_needed = 0, uses_anonymous_args = 0
 102              		@ link register save eliminated.
 103              	.L7:
 121:Src/stm32f4xx_it.c ****   /* USER CODE BEGIN BusFault_IRQn 0 */
 122:Src/stm32f4xx_it.c **** 
 123:Src/stm32f4xx_it.c ****   /* USER CODE END BusFault_IRQn 0 */
 124:Src/stm32f4xx_it.c ****   while (1)
 104              		.loc 1 124 3 discriminator 1 view .LVU11
 125:Src/stm32f4xx_it.c ****   {
 126:Src/stm32f4xx_it.c ****     /* USER CODE BEGIN W1_BusFault_IRQn 0 */
 127:Src/stm32f4xx_it.c ****     /* USER CODE END W1_BusFault_IRQn 0 */
 128:Src/stm32f4xx_it.c ****   }
 105              		.loc 1 128 3 discriminator 1 view .LVU12
ARM GAS  C:\Users\ncer\AppData\Local\Temp\ccZlnjwx.s 			page 5


 124:Src/stm32f4xx_it.c ****   {
 106              		.loc 1 124 9 discriminator 1 view .LVU13
 107 0000 FEE7     		b	.L7
 108              		.cfi_endproc
 109              	.LFE133:
 111              		.section	.text.UsageFault_Handler,"ax",%progbits
 112              		.align	1
 113              		.global	UsageFault_Handler
 114              		.syntax unified
 115              		.thumb
 116              		.thumb_func
 117              		.fpu fpv4-sp-d16
 119              	UsageFault_Handler:
 120              	.LFB134:
 129:Src/stm32f4xx_it.c **** }
 130:Src/stm32f4xx_it.c **** 
 131:Src/stm32f4xx_it.c **** /**
 132:Src/stm32f4xx_it.c ****   * @brief This function handles Undefined instruction or illegal state.
 133:Src/stm32f4xx_it.c ****   */
 134:Src/stm32f4xx_it.c **** void UsageFault_Handler(void)
 135:Src/stm32f4xx_it.c **** {
 121              		.loc 1 135 1 view -0
 122              		.cfi_startproc
 123              		@ Volatile: function does not return.
 124              		@ args = 0, pretend = 0, frame = 0
 125              		@ frame_needed = 0, uses_anonymous_args = 0
 126              		@ link register save eliminated.
 127              	.L9:
 136:Src/stm32f4xx_it.c ****   /* USER CODE BEGIN UsageFault_IRQn 0 */
 137:Src/stm32f4xx_it.c **** 
 138:Src/stm32f4xx_it.c ****   /* USER CODE END UsageFault_IRQn 0 */
 139:Src/stm32f4xx_it.c ****   while (1)
 128              		.loc 1 139 3 discriminator 1 view .LVU15
 140:Src/stm32f4xx_it.c ****   {
 141:Src/stm32f4xx_it.c ****     /* USER CODE BEGIN W1_UsageFault_IRQn 0 */
 142:Src/stm32f4xx_it.c ****     /* USER CODE END W1_UsageFault_IRQn 0 */
 143:Src/stm32f4xx_it.c ****   }
 129              		.loc 1 143 3 discriminator 1 view .LVU16
 139:Src/stm32f4xx_it.c ****   {
 130              		.loc 1 139 9 discriminator 1 view .LVU17
 131 0000 FEE7     		b	.L9
 132              		.cfi_endproc
 133              	.LFE134:
 135              		.section	.text.SVC_Handler,"ax",%progbits
 136              		.align	1
 137              		.global	SVC_Handler
 138              		.syntax unified
 139              		.thumb
 140              		.thumb_func
 141              		.fpu fpv4-sp-d16
 143              	SVC_Handler:
 144              	.LFB135:
 144:Src/stm32f4xx_it.c **** }
 145:Src/stm32f4xx_it.c **** 
 146:Src/stm32f4xx_it.c **** /**
 147:Src/stm32f4xx_it.c ****   * @brief This function handles System service call via SWI instruction.
 148:Src/stm32f4xx_it.c ****   */
ARM GAS  C:\Users\ncer\AppData\Local\Temp\ccZlnjwx.s 			page 6


 149:Src/stm32f4xx_it.c **** void SVC_Handler(void)
 150:Src/stm32f4xx_it.c **** {
 145              		.loc 1 150 1 view -0
 146              		.cfi_startproc
 147              		@ args = 0, pretend = 0, frame = 0
 148              		@ frame_needed = 0, uses_anonymous_args = 0
 149              		@ link register save eliminated.
 151:Src/stm32f4xx_it.c ****   /* USER CODE BEGIN SVCall_IRQn 0 */
 152:Src/stm32f4xx_it.c **** 
 153:Src/stm32f4xx_it.c ****   /* USER CODE END SVCall_IRQn 0 */
 154:Src/stm32f4xx_it.c ****   /* USER CODE BEGIN SVCall_IRQn 1 */
 155:Src/stm32f4xx_it.c **** 
 156:Src/stm32f4xx_it.c ****   /* USER CODE END SVCall_IRQn 1 */
 157:Src/stm32f4xx_it.c **** }
 150              		.loc 1 157 1 view .LVU19
 151 0000 7047     		bx	lr
 152              		.cfi_endproc
 153              	.LFE135:
 155              		.section	.text.DebugMon_Handler,"ax",%progbits
 156              		.align	1
 157              		.global	DebugMon_Handler
 158              		.syntax unified
 159              		.thumb
 160              		.thumb_func
 161              		.fpu fpv4-sp-d16
 163              	DebugMon_Handler:
 164              	.LFB136:
 158:Src/stm32f4xx_it.c **** 
 159:Src/stm32f4xx_it.c **** /**
 160:Src/stm32f4xx_it.c ****   * @brief This function handles Debug monitor.
 161:Src/stm32f4xx_it.c ****   */
 162:Src/stm32f4xx_it.c **** void DebugMon_Handler(void)
 163:Src/stm32f4xx_it.c **** {
 165              		.loc 1 163 1 view -0
 166              		.cfi_startproc
 167              		@ args = 0, pretend = 0, frame = 0
 168              		@ frame_needed = 0, uses_anonymous_args = 0
 169              		@ link register save eliminated.
 164:Src/stm32f4xx_it.c ****   /* USER CODE BEGIN DebugMonitor_IRQn 0 */
 165:Src/stm32f4xx_it.c **** 
 166:Src/stm32f4xx_it.c ****   /* USER CODE END DebugMonitor_IRQn 0 */
 167:Src/stm32f4xx_it.c ****   /* USER CODE BEGIN DebugMonitor_IRQn 1 */
 168:Src/stm32f4xx_it.c **** 
 169:Src/stm32f4xx_it.c ****   /* USER CODE END DebugMonitor_IRQn 1 */
 170:Src/stm32f4xx_it.c **** }
 170              		.loc 1 170 1 view .LVU21
 171 0000 7047     		bx	lr
 172              		.cfi_endproc
 173              	.LFE136:
 175              		.section	.text.PendSV_Handler,"ax",%progbits
 176              		.align	1
 177              		.global	PendSV_Handler
 178              		.syntax unified
 179              		.thumb
 180              		.thumb_func
 181              		.fpu fpv4-sp-d16
 183              	PendSV_Handler:
ARM GAS  C:\Users\ncer\AppData\Local\Temp\ccZlnjwx.s 			page 7


 184              	.LFB137:
 171:Src/stm32f4xx_it.c **** 
 172:Src/stm32f4xx_it.c **** /**
 173:Src/stm32f4xx_it.c ****   * @brief This function handles Pendable request for system service.
 174:Src/stm32f4xx_it.c ****   */
 175:Src/stm32f4xx_it.c **** void PendSV_Handler(void)
 176:Src/stm32f4xx_it.c **** {
 185              		.loc 1 176 1 view -0
 186              		.cfi_startproc
 187              		@ args = 0, pretend = 0, frame = 0
 188              		@ frame_needed = 0, uses_anonymous_args = 0
 189              		@ link register save eliminated.
 177:Src/stm32f4xx_it.c ****   /* USER CODE BEGIN PendSV_IRQn 0 */
 178:Src/stm32f4xx_it.c **** 
 179:Src/stm32f4xx_it.c ****   /* USER CODE END PendSV_IRQn 0 */
 180:Src/stm32f4xx_it.c ****   /* USER CODE BEGIN PendSV_IRQn 1 */
 181:Src/stm32f4xx_it.c **** 
 182:Src/stm32f4xx_it.c ****   /* USER CODE END PendSV_IRQn 1 */
 183:Src/stm32f4xx_it.c **** }
 190              		.loc 1 183 1 view .LVU23
 191 0000 7047     		bx	lr
 192              		.cfi_endproc
 193              	.LFE137:
 195              		.section	.text.SysTick_Handler,"ax",%progbits
 196              		.align	1
 197              		.global	SysTick_Handler
 198              		.syntax unified
 199              		.thumb
 200              		.thumb_func
 201              		.fpu fpv4-sp-d16
 203              	SysTick_Handler:
 204              	.LFB138:
 184:Src/stm32f4xx_it.c **** 
 185:Src/stm32f4xx_it.c **** /**
 186:Src/stm32f4xx_it.c ****   * @brief This function handles System tick timer.
 187:Src/stm32f4xx_it.c ****   */
 188:Src/stm32f4xx_it.c **** void SysTick_Handler(void)
 189:Src/stm32f4xx_it.c **** {
 205              		.loc 1 189 1 view -0
 206              		.cfi_startproc
 207              		@ args = 0, pretend = 0, frame = 0
 208              		@ frame_needed = 0, uses_anonymous_args = 0
 209 0000 08B5     		push	{r3, lr}
 210              	.LCFI0:
 211              		.cfi_def_cfa_offset 8
 212              		.cfi_offset 3, -8
 213              		.cfi_offset 14, -4
 190:Src/stm32f4xx_it.c ****   /* USER CODE BEGIN SysTick_IRQn 0 */
 191:Src/stm32f4xx_it.c **** 
 192:Src/stm32f4xx_it.c ****   /* USER CODE END SysTick_IRQn 0 */
 193:Src/stm32f4xx_it.c ****   HAL_IncTick();
 214              		.loc 1 193 3 view .LVU25
 215 0002 FFF7FEFF 		bl	HAL_IncTick
 216              	.LVL0:
 194:Src/stm32f4xx_it.c ****   /* USER CODE BEGIN SysTick_IRQn 1 */
 195:Src/stm32f4xx_it.c ****   MS_IRQ_Handler();
 217              		.loc 1 195 3 view .LVU26
ARM GAS  C:\Users\ncer\AppData\Local\Temp\ccZlnjwx.s 			page 8


 218 0006 FFF7FEFF 		bl	MS_IRQ_Handler
 219              	.LVL1:
 196:Src/stm32f4xx_it.c ****   /* USER CODE END SysTick_IRQn 1 */
 197:Src/stm32f4xx_it.c **** }
 220              		.loc 1 197 1 is_stmt 0 view .LVU27
 221 000a 08BD     		pop	{r3, pc}
 222              		.cfi_endproc
 223              	.LFE138:
 225              		.section	.text.DMA1_Stream1_IRQHandler,"ax",%progbits
 226              		.align	1
 227              		.global	DMA1_Stream1_IRQHandler
 228              		.syntax unified
 229              		.thumb
 230              		.thumb_func
 231              		.fpu fpv4-sp-d16
 233              	DMA1_Stream1_IRQHandler:
 234              	.LFB139:
 198:Src/stm32f4xx_it.c **** 
 199:Src/stm32f4xx_it.c **** /******************************************************************************/
 200:Src/stm32f4xx_it.c **** /* STM32F4xx Peripheral Interrupt Handlers                                    */
 201:Src/stm32f4xx_it.c **** /* Add here the Interrupt Handlers for the used peripherals.                  */
 202:Src/stm32f4xx_it.c **** /* For the available peripheral interrupt handler names,                      */
 203:Src/stm32f4xx_it.c **** /* please refer to the startup file (startup_stm32f4xx.s).                    */
 204:Src/stm32f4xx_it.c **** /******************************************************************************/
 205:Src/stm32f4xx_it.c **** 
 206:Src/stm32f4xx_it.c **** /**
 207:Src/stm32f4xx_it.c ****   * @brief This function handles DMA1 stream1 global interrupt.
 208:Src/stm32f4xx_it.c ****   */
 209:Src/stm32f4xx_it.c **** void DMA1_Stream1_IRQHandler(void)
 210:Src/stm32f4xx_it.c **** {
 235              		.loc 1 210 1 is_stmt 1 view -0
 236              		.cfi_startproc
 237              		@ args = 0, pretend = 0, frame = 0
 238              		@ frame_needed = 0, uses_anonymous_args = 0
 239 0000 08B5     		push	{r3, lr}
 240              	.LCFI1:
 241              		.cfi_def_cfa_offset 8
 242              		.cfi_offset 3, -8
 243              		.cfi_offset 14, -4
 211:Src/stm32f4xx_it.c ****   /* USER CODE BEGIN DMA1_Stream1_IRQn 0 */
 212:Src/stm32f4xx_it.c **** 
 213:Src/stm32f4xx_it.c ****   /* USER CODE END DMA1_Stream1_IRQn 0 */
 214:Src/stm32f4xx_it.c ****   HAL_DMA_IRQHandler(&hdma_usart3_rx);
 244              		.loc 1 214 3 view .LVU29
 245 0002 0248     		ldr	r0, .L17
 246 0004 FFF7FEFF 		bl	HAL_DMA_IRQHandler
 247              	.LVL2:
 215:Src/stm32f4xx_it.c ****   /* USER CODE BEGIN DMA1_Stream1_IRQn 1 */
 216:Src/stm32f4xx_it.c **** 
 217:Src/stm32f4xx_it.c ****   /* USER CODE END DMA1_Stream1_IRQn 1 */
 218:Src/stm32f4xx_it.c **** }
 248              		.loc 1 218 1 is_stmt 0 view .LVU30
 249 0008 08BD     		pop	{r3, pc}
 250              	.L18:
 251 000a 00BF     		.align	2
 252              	.L17:
 253 000c 00000000 		.word	hdma_usart3_rx
ARM GAS  C:\Users\ncer\AppData\Local\Temp\ccZlnjwx.s 			page 9


 254              		.cfi_endproc
 255              	.LFE139:
 257              		.section	.text.DMA1_Stream3_IRQHandler,"ax",%progbits
 258              		.align	1
 259              		.global	DMA1_Stream3_IRQHandler
 260              		.syntax unified
 261              		.thumb
 262              		.thumb_func
 263              		.fpu fpv4-sp-d16
 265              	DMA1_Stream3_IRQHandler:
 266              	.LFB140:
 219:Src/stm32f4xx_it.c **** 
 220:Src/stm32f4xx_it.c **** /**
 221:Src/stm32f4xx_it.c ****   * @brief This function handles DMA1 stream3 global interrupt.
 222:Src/stm32f4xx_it.c ****   */
 223:Src/stm32f4xx_it.c **** void DMA1_Stream3_IRQHandler(void)
 224:Src/stm32f4xx_it.c **** {
 267              		.loc 1 224 1 is_stmt 1 view -0
 268              		.cfi_startproc
 269              		@ args = 0, pretend = 0, frame = 0
 270              		@ frame_needed = 0, uses_anonymous_args = 0
 271 0000 08B5     		push	{r3, lr}
 272              	.LCFI2:
 273              		.cfi_def_cfa_offset 8
 274              		.cfi_offset 3, -8
 275              		.cfi_offset 14, -4
 225:Src/stm32f4xx_it.c ****   /* USER CODE BEGIN DMA1_Stream3_IRQn 0 */
 226:Src/stm32f4xx_it.c **** 
 227:Src/stm32f4xx_it.c ****   /* USER CODE END DMA1_Stream3_IRQn 0 */
 228:Src/stm32f4xx_it.c ****   HAL_DMA_IRQHandler(&hdma_usart3_tx);
 276              		.loc 1 228 3 view .LVU32
 277 0002 0248     		ldr	r0, .L21
 278 0004 FFF7FEFF 		bl	HAL_DMA_IRQHandler
 279              	.LVL3:
 229:Src/stm32f4xx_it.c ****   /* USER CODE BEGIN DMA1_Stream3_IRQn 1 */
 230:Src/stm32f4xx_it.c **** 
 231:Src/stm32f4xx_it.c ****   /* USER CODE END DMA1_Stream3_IRQn 1 */
 232:Src/stm32f4xx_it.c **** }
 280              		.loc 1 232 1 is_stmt 0 view .LVU33
 281 0008 08BD     		pop	{r3, pc}
 282              	.L22:
 283 000a 00BF     		.align	2
 284              	.L21:
 285 000c 00000000 		.word	hdma_usart3_tx
 286              		.cfi_endproc
 287              	.LFE140:
 289              		.section	.text.TIM8_UP_TIM13_IRQHandler,"ax",%progbits
 290              		.align	1
 291              		.global	TIM8_UP_TIM13_IRQHandler
 292              		.syntax unified
 293              		.thumb
 294              		.thumb_func
 295              		.fpu fpv4-sp-d16
 297              	TIM8_UP_TIM13_IRQHandler:
 298              	.LFB141:
 233:Src/stm32f4xx_it.c **** 
 234:Src/stm32f4xx_it.c **** /**
ARM GAS  C:\Users\ncer\AppData\Local\Temp\ccZlnjwx.s 			page 10


 235:Src/stm32f4xx_it.c ****   * @brief This function handles TIM8 update interrupt and TIM13 global interrupt.
 236:Src/stm32f4xx_it.c ****   */
 237:Src/stm32f4xx_it.c **** void TIM8_UP_TIM13_IRQHandler(void)
 238:Src/stm32f4xx_it.c **** {
 299              		.loc 1 238 1 is_stmt 1 view -0
 300              		.cfi_startproc
 301              		@ args = 0, pretend = 0, frame = 0
 302              		@ frame_needed = 0, uses_anonymous_args = 0
 303 0000 08B5     		push	{r3, lr}
 304              	.LCFI3:
 305              		.cfi_def_cfa_offset 8
 306              		.cfi_offset 3, -8
 307              		.cfi_offset 14, -4
 239:Src/stm32f4xx_it.c ****   /* USER CODE BEGIN TIM8_UP_TIM13_IRQn 0 */
 240:Src/stm32f4xx_it.c **** 
 241:Src/stm32f4xx_it.c ****   /* USER CODE END TIM8_UP_TIM13_IRQn 0 */
 242:Src/stm32f4xx_it.c ****   HAL_TIM_IRQHandler(&htim8);
 308              		.loc 1 242 3 view .LVU35
 309 0002 0248     		ldr	r0, .L25
 310 0004 FFF7FEFF 		bl	HAL_TIM_IRQHandler
 311              	.LVL4:
 243:Src/stm32f4xx_it.c ****   /* USER CODE BEGIN TIM8_UP_TIM13_IRQn 1 */
 244:Src/stm32f4xx_it.c **** 
 245:Src/stm32f4xx_it.c ****   /* USER CODE END TIM8_UP_TIM13_IRQn 1 */
 246:Src/stm32f4xx_it.c **** }
 312              		.loc 1 246 1 is_stmt 0 view .LVU36
 313 0008 08BD     		pop	{r3, pc}
 314              	.L26:
 315 000a 00BF     		.align	2
 316              	.L25:
 317 000c 00000000 		.word	htim8
 318              		.cfi_endproc
 319              	.LFE141:
 321              		.section	.text.TIM6_DAC_IRQHandler,"ax",%progbits
 322              		.align	1
 323              		.global	TIM6_DAC_IRQHandler
 324              		.syntax unified
 325              		.thumb
 326              		.thumb_func
 327              		.fpu fpv4-sp-d16
 329              	TIM6_DAC_IRQHandler:
 330              	.LFB142:
 247:Src/stm32f4xx_it.c **** 
 248:Src/stm32f4xx_it.c **** /**
 249:Src/stm32f4xx_it.c ****   * @brief This function handles TIM6 global interrupt, DAC1 and DAC2 underrun error interrupts.
 250:Src/stm32f4xx_it.c ****   */
 251:Src/stm32f4xx_it.c **** void TIM6_DAC_IRQHandler(void)
 252:Src/stm32f4xx_it.c **** {
 331              		.loc 1 252 1 is_stmt 1 view -0
 332              		.cfi_startproc
 333              		@ args = 0, pretend = 0, frame = 0
 334              		@ frame_needed = 0, uses_anonymous_args = 0
 335 0000 08B5     		push	{r3, lr}
 336              	.LCFI4:
 337              		.cfi_def_cfa_offset 8
 338              		.cfi_offset 3, -8
 339              		.cfi_offset 14, -4
ARM GAS  C:\Users\ncer\AppData\Local\Temp\ccZlnjwx.s 			page 11


 253:Src/stm32f4xx_it.c ****   /* USER CODE BEGIN TIM6_DAC_IRQn 0 */
 254:Src/stm32f4xx_it.c **** 
 255:Src/stm32f4xx_it.c ****   /* USER CODE END TIM6_DAC_IRQn 0 */
 256:Src/stm32f4xx_it.c ****   HAL_TIM_IRQHandler(&htim6);
 340              		.loc 1 256 3 view .LVU38
 341 0002 0248     		ldr	r0, .L29
 342 0004 FFF7FEFF 		bl	HAL_TIM_IRQHandler
 343              	.LVL5:
 257:Src/stm32f4xx_it.c ****   /* USER CODE BEGIN TIM6_DAC_IRQn 1 */
 258:Src/stm32f4xx_it.c **** 
 259:Src/stm32f4xx_it.c ****   /* USER CODE END TIM6_DAC_IRQn 1 */
 260:Src/stm32f4xx_it.c **** }
 344              		.loc 1 260 1 is_stmt 0 view .LVU39
 345 0008 08BD     		pop	{r3, pc}
 346              	.L30:
 347 000a 00BF     		.align	2
 348              	.L29:
 349 000c 00000000 		.word	htim6
 350              		.cfi_endproc
 351              	.LFE142:
 353              		.section	.text.TIM7_IRQHandler,"ax",%progbits
 354              		.align	1
 355              		.global	TIM7_IRQHandler
 356              		.syntax unified
 357              		.thumb
 358              		.thumb_func
 359              		.fpu fpv4-sp-d16
 361              	TIM7_IRQHandler:
 362              	.LFB143:
 261:Src/stm32f4xx_it.c **** 
 262:Src/stm32f4xx_it.c **** /**
 263:Src/stm32f4xx_it.c ****   * @brief This function handles TIM7 global interrupt.
 264:Src/stm32f4xx_it.c ****   */
 265:Src/stm32f4xx_it.c **** void TIM7_IRQHandler(void)
 266:Src/stm32f4xx_it.c **** {
 363              		.loc 1 266 1 is_stmt 1 view -0
 364              		.cfi_startproc
 365              		@ args = 0, pretend = 0, frame = 0
 366              		@ frame_needed = 0, uses_anonymous_args = 0
 367 0000 08B5     		push	{r3, lr}
 368              	.LCFI5:
 369              		.cfi_def_cfa_offset 8
 370              		.cfi_offset 3, -8
 371              		.cfi_offset 14, -4
 267:Src/stm32f4xx_it.c ****   /* USER CODE BEGIN TIM7_IRQn 0 */
 268:Src/stm32f4xx_it.c **** 
 269:Src/stm32f4xx_it.c ****   /* USER CODE END TIM7_IRQn 0 */
 270:Src/stm32f4xx_it.c ****   HAL_TIM_IRQHandler(&htim7);
 372              		.loc 1 270 3 view .LVU41
 373 0002 0248     		ldr	r0, .L33
 374 0004 FFF7FEFF 		bl	HAL_TIM_IRQHandler
 375              	.LVL6:
 271:Src/stm32f4xx_it.c ****   /* USER CODE BEGIN TIM7_IRQn 1 */
 272:Src/stm32f4xx_it.c **** 
 273:Src/stm32f4xx_it.c ****   /* USER CODE END TIM7_IRQn 1 */
 274:Src/stm32f4xx_it.c **** }
 376              		.loc 1 274 1 is_stmt 0 view .LVU42
ARM GAS  C:\Users\ncer\AppData\Local\Temp\ccZlnjwx.s 			page 12


 377 0008 08BD     		pop	{r3, pc}
 378              	.L34:
 379 000a 00BF     		.align	2
 380              	.L33:
 381 000c 00000000 		.word	htim7
 382              		.cfi_endproc
 383              	.LFE143:
 385              		.section	.text.DMA2_Stream0_IRQHandler,"ax",%progbits
 386              		.align	1
 387              		.global	DMA2_Stream0_IRQHandler
 388              		.syntax unified
 389              		.thumb
 390              		.thumb_func
 391              		.fpu fpv4-sp-d16
 393              	DMA2_Stream0_IRQHandler:
 394              	.LFB144:
 275:Src/stm32f4xx_it.c **** 
 276:Src/stm32f4xx_it.c **** /**
 277:Src/stm32f4xx_it.c ****   * @brief This function handles DMA2 stream0 global interrupt.
 278:Src/stm32f4xx_it.c ****   */
 279:Src/stm32f4xx_it.c **** void DMA2_Stream0_IRQHandler(void)
 280:Src/stm32f4xx_it.c **** {
 395              		.loc 1 280 1 is_stmt 1 view -0
 396              		.cfi_startproc
 397              		@ args = 0, pretend = 0, frame = 0
 398              		@ frame_needed = 0, uses_anonymous_args = 0
 399 0000 08B5     		push	{r3, lr}
 400              	.LCFI6:
 401              		.cfi_def_cfa_offset 8
 402              		.cfi_offset 3, -8
 403              		.cfi_offset 14, -4
 281:Src/stm32f4xx_it.c ****   /* USER CODE BEGIN DMA2_Stream0_IRQn 0 */
 282:Src/stm32f4xx_it.c **** 
 283:Src/stm32f4xx_it.c ****   /* USER CODE END DMA2_Stream0_IRQn 0 */
 284:Src/stm32f4xx_it.c ****   HAL_DMA_IRQHandler(&hdma_adc1);
 404              		.loc 1 284 3 view .LVU44
 405 0002 0248     		ldr	r0, .L37
 406 0004 FFF7FEFF 		bl	HAL_DMA_IRQHandler
 407              	.LVL7:
 285:Src/stm32f4xx_it.c ****   /* USER CODE BEGIN DMA2_Stream0_IRQn 1 */
 286:Src/stm32f4xx_it.c **** 
 287:Src/stm32f4xx_it.c ****   /* USER CODE END DMA2_Stream0_IRQn 1 */
 288:Src/stm32f4xx_it.c **** }
 408              		.loc 1 288 1 is_stmt 0 view .LVU45
 409 0008 08BD     		pop	{r3, pc}
 410              	.L38:
 411 000a 00BF     		.align	2
 412              	.L37:
 413 000c 00000000 		.word	hdma_adc1
 414              		.cfi_endproc
 415              	.LFE144:
 417              		.section	.text.DMA2_Stream2_IRQHandler,"ax",%progbits
 418              		.align	1
 419              		.global	DMA2_Stream2_IRQHandler
 420              		.syntax unified
 421              		.thumb
 422              		.thumb_func
ARM GAS  C:\Users\ncer\AppData\Local\Temp\ccZlnjwx.s 			page 13


 423              		.fpu fpv4-sp-d16
 425              	DMA2_Stream2_IRQHandler:
 426              	.LFB145:
 289:Src/stm32f4xx_it.c **** 
 290:Src/stm32f4xx_it.c **** /**
 291:Src/stm32f4xx_it.c ****   * @brief This function handles DMA2 stream2 global interrupt.
 292:Src/stm32f4xx_it.c ****   */
 293:Src/stm32f4xx_it.c **** void DMA2_Stream2_IRQHandler(void)
 294:Src/stm32f4xx_it.c **** {
 427              		.loc 1 294 1 is_stmt 1 view -0
 428              		.cfi_startproc
 429              		@ args = 0, pretend = 0, frame = 0
 430              		@ frame_needed = 0, uses_anonymous_args = 0
 431 0000 08B5     		push	{r3, lr}
 432              	.LCFI7:
 433              		.cfi_def_cfa_offset 8
 434              		.cfi_offset 3, -8
 435              		.cfi_offset 14, -4
 295:Src/stm32f4xx_it.c ****   /* USER CODE BEGIN DMA2_Stream2_IRQn 0 */
 296:Src/stm32f4xx_it.c **** 
 297:Src/stm32f4xx_it.c ****   /* USER CODE END DMA2_Stream2_IRQn 0 */
 298:Src/stm32f4xx_it.c ****   HAL_DMA_IRQHandler(&hdma_adc2);
 436              		.loc 1 298 3 view .LVU47
 437 0002 0248     		ldr	r0, .L41
 438 0004 FFF7FEFF 		bl	HAL_DMA_IRQHandler
 439              	.LVL8:
 299:Src/stm32f4xx_it.c ****   /* USER CODE BEGIN DMA2_Stream2_IRQn 1 */
 300:Src/stm32f4xx_it.c **** 
 301:Src/stm32f4xx_it.c ****   /* USER CODE END DMA2_Stream2_IRQn 1 */
 302:Src/stm32f4xx_it.c **** }
 440              		.loc 1 302 1 is_stmt 0 view .LVU48
 441 0008 08BD     		pop	{r3, pc}
 442              	.L42:
 443 000a 00BF     		.align	2
 444              	.L41:
 445 000c 00000000 		.word	hdma_adc2
 446              		.cfi_endproc
 447              	.LFE145:
 449              		.section	.text.USART3_IRQHandler,"ax",%progbits
 450              		.align	1
 451              		.global	USART3_IRQHandler
 452              		.syntax unified
 453              		.thumb
 454              		.thumb_func
 455              		.fpu fpv4-sp-d16
 457              	USART3_IRQHandler:
 458              	.LFB146:
 303:Src/stm32f4xx_it.c **** 
 304:Src/stm32f4xx_it.c **** /* USER CODE BEGIN 1 */
 305:Src/stm32f4xx_it.c **** void USART3_IRQHandler(void)
 306:Src/stm32f4xx_it.c **** {
 459              		.loc 1 306 1 is_stmt 1 view -0
 460              		.cfi_startproc
 461              		@ args = 0, pretend = 0, frame = 0
 462              		@ frame_needed = 0, uses_anonymous_args = 0
 463 0000 10B5     		push	{r4, lr}
 464              	.LCFI8:
ARM GAS  C:\Users\ncer\AppData\Local\Temp\ccZlnjwx.s 			page 14


 465              		.cfi_def_cfa_offset 8
 466              		.cfi_offset 4, -8
 467              		.cfi_offset 14, -4
 307:Src/stm32f4xx_it.c ****   /* USER CODE BEGIN USART1_IRQn 0 */
 308:Src/stm32f4xx_it.c **** 
 309:Src/stm32f4xx_it.c ****   /* USER CODE END USART1_IRQn 0 */
 310:Src/stm32f4xx_it.c ****   HAL_UART_IRQHandler(&huart3);
 468              		.loc 1 310 3 view .LVU50
 469 0002 074C     		ldr	r4, .L47
 470 0004 2046     		mov	r0, r4
 471 0006 FFF7FEFF 		bl	HAL_UART_IRQHandler
 472              	.LVL9:
 311:Src/stm32f4xx_it.c ****   /* USER CODE BEGIN USART1_IRQn 1 */
 312:Src/stm32f4xx_it.c ****   void HAL_UART_IDLECallback(UART_HandleTypeDef *huart);
 473              		.loc 1 312 3 view .LVU51
 313:Src/stm32f4xx_it.c ****   if(__HAL_UART_GET_FLAG(&huart3, UART_FLAG_IDLE) != RESET){
 474              		.loc 1 313 3 view .LVU52
 475              		.loc 1 313 6 is_stmt 0 view .LVU53
 476 000a 2368     		ldr	r3, [r4]
 477 000c 1B68     		ldr	r3, [r3]
 478              		.loc 1 313 5 view .LVU54
 479 000e 13F0100F 		tst	r3, #16
 480 0012 00D1     		bne	.L46
 481              	.L43:
 314:Src/stm32f4xx_it.c ****     HAL_UART_IDLECallback(&huart3);
 315:Src/stm32f4xx_it.c ****     return ;
 316:Src/stm32f4xx_it.c ****   }  
 317:Src/stm32f4xx_it.c ****   /* USER CODE END USART1_IRQn 1 */
 318:Src/stm32f4xx_it.c **** }
 482              		.loc 1 318 1 view .LVU55
 483 0014 10BD     		pop	{r4, pc}
 484              	.L46:
 314:Src/stm32f4xx_it.c ****     HAL_UART_IDLECallback(&huart3);
 485              		.loc 1 314 5 is_stmt 1 view .LVU56
 486 0016 2046     		mov	r0, r4
 487 0018 FFF7FEFF 		bl	HAL_UART_IDLECallback
 488              	.LVL10:
 315:Src/stm32f4xx_it.c ****   }  
 489              		.loc 1 315 5 view .LVU57
 490 001c FAE7     		b	.L43
 491              	.L48:
 492 001e 00BF     		.align	2
 493              	.L47:
 494 0020 00000000 		.word	huart3
 495              		.cfi_endproc
 496              	.LFE146:
 498              		.text
 499              	.Letext0:
 500              		.file 2 "c:\\arm_gcc\\arm-none-eabi\\include\\machine\\_default_types.h"
 501              		.file 3 "c:\\arm_gcc\\arm-none-eabi\\include\\sys\\_stdint.h"
 502              		.file 4 "Drivers/CMSIS/Include/core_cm4.h"
 503              		.file 5 "Drivers/CMSIS/Device/ST/STM32F4xx/Include/system_stm32f4xx.h"
 504              		.file 6 "Drivers/CMSIS/Device/ST/STM32F4xx/Include/stm32f405xx.h"
 505              		.file 7 "Drivers/CMSIS/Device/ST/STM32F4xx/Include/stm32f4xx.h"
 506              		.file 8 "Drivers/STM32F4xx_HAL_Driver/Inc/stm32f4xx_hal_def.h"
 507              		.file 9 "Drivers/STM32F4xx_HAL_Driver/Inc/stm32f4xx_hal_dma.h"
 508              		.file 10 "Drivers/STM32F4xx_HAL_Driver/Inc/stm32f4xx_hal_tim.h"
ARM GAS  C:\Users\ncer\AppData\Local\Temp\ccZlnjwx.s 			page 15


 509              		.file 11 "Drivers/STM32F4xx_HAL_Driver/Inc/stm32f4xx_hal_uart.h"
 510              		.file 12 "Drivers/STM32F4xx_HAL_Driver/Inc/stm32f4xx_hal.h"
 511              		.file 13 "Inc/main.h"
ARM GAS  C:\Users\ncer\AppData\Local\Temp\ccZlnjwx.s 			page 16


DEFINED SYMBOLS
                            *ABS*:00000000 stm32f4xx_it.c
C:\Users\ncer\AppData\Local\Temp\ccZlnjwx.s:18     .text.NMI_Handler:00000000 $t
C:\Users\ncer\AppData\Local\Temp\ccZlnjwx.s:26     .text.NMI_Handler:00000000 NMI_Handler
C:\Users\ncer\AppData\Local\Temp\ccZlnjwx.s:40     .text.HardFault_Handler:00000000 $t
C:\Users\ncer\AppData\Local\Temp\ccZlnjwx.s:47     .text.HardFault_Handler:00000000 HardFault_Handler
C:\Users\ncer\AppData\Local\Temp\ccZlnjwx.s:64     .text.MemManage_Handler:00000000 $t
C:\Users\ncer\AppData\Local\Temp\ccZlnjwx.s:71     .text.MemManage_Handler:00000000 MemManage_Handler
C:\Users\ncer\AppData\Local\Temp\ccZlnjwx.s:88     .text.BusFault_Handler:00000000 $t
C:\Users\ncer\AppData\Local\Temp\ccZlnjwx.s:95     .text.BusFault_Handler:00000000 BusFault_Handler
C:\Users\ncer\AppData\Local\Temp\ccZlnjwx.s:112    .text.UsageFault_Handler:00000000 $t
C:\Users\ncer\AppData\Local\Temp\ccZlnjwx.s:119    .text.UsageFault_Handler:00000000 UsageFault_Handler
C:\Users\ncer\AppData\Local\Temp\ccZlnjwx.s:136    .text.SVC_Handler:00000000 $t
C:\Users\ncer\AppData\Local\Temp\ccZlnjwx.s:143    .text.SVC_Handler:00000000 SVC_Handler
C:\Users\ncer\AppData\Local\Temp\ccZlnjwx.s:156    .text.DebugMon_Handler:00000000 $t
C:\Users\ncer\AppData\Local\Temp\ccZlnjwx.s:163    .text.DebugMon_Handler:00000000 DebugMon_Handler
C:\Users\ncer\AppData\Local\Temp\ccZlnjwx.s:176    .text.PendSV_Handler:00000000 $t
C:\Users\ncer\AppData\Local\Temp\ccZlnjwx.s:183    .text.PendSV_Handler:00000000 PendSV_Handler
C:\Users\ncer\AppData\Local\Temp\ccZlnjwx.s:196    .text.SysTick_Handler:00000000 $t
C:\Users\ncer\AppData\Local\Temp\ccZlnjwx.s:203    .text.SysTick_Handler:00000000 SysTick_Handler
C:\Users\ncer\AppData\Local\Temp\ccZlnjwx.s:226    .text.DMA1_Stream1_IRQHandler:00000000 $t
C:\Users\ncer\AppData\Local\Temp\ccZlnjwx.s:233    .text.DMA1_Stream1_IRQHandler:00000000 DMA1_Stream1_IRQHandler
C:\Users\ncer\AppData\Local\Temp\ccZlnjwx.s:253    .text.DMA1_Stream1_IRQHandler:0000000c $d
C:\Users\ncer\AppData\Local\Temp\ccZlnjwx.s:258    .text.DMA1_Stream3_IRQHandler:00000000 $t
C:\Users\ncer\AppData\Local\Temp\ccZlnjwx.s:265    .text.DMA1_Stream3_IRQHandler:00000000 DMA1_Stream3_IRQHandler
C:\Users\ncer\AppData\Local\Temp\ccZlnjwx.s:285    .text.DMA1_Stream3_IRQHandler:0000000c $d
C:\Users\ncer\AppData\Local\Temp\ccZlnjwx.s:290    .text.TIM8_UP_TIM13_IRQHandler:00000000 $t
C:\Users\ncer\AppData\Local\Temp\ccZlnjwx.s:297    .text.TIM8_UP_TIM13_IRQHandler:00000000 TIM8_UP_TIM13_IRQHandler
C:\Users\ncer\AppData\Local\Temp\ccZlnjwx.s:317    .text.TIM8_UP_TIM13_IRQHandler:0000000c $d
C:\Users\ncer\AppData\Local\Temp\ccZlnjwx.s:322    .text.TIM6_DAC_IRQHandler:00000000 $t
C:\Users\ncer\AppData\Local\Temp\ccZlnjwx.s:329    .text.TIM6_DAC_IRQHandler:00000000 TIM6_DAC_IRQHandler
C:\Users\ncer\AppData\Local\Temp\ccZlnjwx.s:349    .text.TIM6_DAC_IRQHandler:0000000c $d
C:\Users\ncer\AppData\Local\Temp\ccZlnjwx.s:354    .text.TIM7_IRQHandler:00000000 $t
C:\Users\ncer\AppData\Local\Temp\ccZlnjwx.s:361    .text.TIM7_IRQHandler:00000000 TIM7_IRQHandler
C:\Users\ncer\AppData\Local\Temp\ccZlnjwx.s:381    .text.TIM7_IRQHandler:0000000c $d
C:\Users\ncer\AppData\Local\Temp\ccZlnjwx.s:386    .text.DMA2_Stream0_IRQHandler:00000000 $t
C:\Users\ncer\AppData\Local\Temp\ccZlnjwx.s:393    .text.DMA2_Stream0_IRQHandler:00000000 DMA2_Stream0_IRQHandler
C:\Users\ncer\AppData\Local\Temp\ccZlnjwx.s:413    .text.DMA2_Stream0_IRQHandler:0000000c $d
C:\Users\ncer\AppData\Local\Temp\ccZlnjwx.s:418    .text.DMA2_Stream2_IRQHandler:00000000 $t
C:\Users\ncer\AppData\Local\Temp\ccZlnjwx.s:425    .text.DMA2_Stream2_IRQHandler:00000000 DMA2_Stream2_IRQHandler
C:\Users\ncer\AppData\Local\Temp\ccZlnjwx.s:445    .text.DMA2_Stream2_IRQHandler:0000000c $d
C:\Users\ncer\AppData\Local\Temp\ccZlnjwx.s:450    .text.USART3_IRQHandler:00000000 $t
C:\Users\ncer\AppData\Local\Temp\ccZlnjwx.s:457    .text.USART3_IRQHandler:00000000 USART3_IRQHandler
C:\Users\ncer\AppData\Local\Temp\ccZlnjwx.s:494    .text.USART3_IRQHandler:00000020 $d

UNDEFINED SYMBOLS
HAL_IncTick
MS_IRQ_Handler
HAL_DMA_IRQHandler
hdma_usart3_rx
hdma_usart3_tx
HAL_TIM_IRQHandler
htim8
htim6
htim7
hdma_adc1
hdma_adc2
ARM GAS  C:\Users\ncer\AppData\Local\Temp\ccZlnjwx.s 			page 17


HAL_UART_IRQHandler
HAL_UART_IDLECallback
huart3
