ARM GAS  C:\Users\ncer\AppData\Local\Temp\cc7ITsvN.s 			page 1


   1              		.cpu cortex-m4
   2              		.eabi_attribute 27, 1
   3              		.eabi_attribute 28, 1
   4              		.eabi_attribute 20, 1
   5              		.eabi_attribute 21, 1
   6              		.eabi_attribute 23, 3
   7              		.eabi_attribute 24, 1
   8              		.eabi_attribute 25, 1
   9              		.eabi_attribute 26, 1
  10              		.eabi_attribute 30, 1
  11              		.eabi_attribute 34, 1
  12              		.eabi_attribute 18, 4
  13              		.file	"stm32f4xx_hal.c"
  14              		.text
  15              	.Ltext0:
  16              		.cfi_sections	.debug_frame
  17              		.section	.text.HAL_MspInit,"ax",%progbits
  18              		.align	1
  19              		.weak	HAL_MspInit
  20              		.arch armv7e-m
  21              		.syntax unified
  22              		.thumb
  23              		.thumb_func
  24              		.fpu fpv4-sp-d16
  26              	HAL_MspInit:
  27              	.LFB132:
  28              		.file 1 "Drivers/STM32F4xx_HAL_Driver/Src/stm32f4xx_hal.c"
   1:Drivers/STM32F4xx_HAL_Driver/Src/stm32f4xx_hal.c **** /**
   2:Drivers/STM32F4xx_HAL_Driver/Src/stm32f4xx_hal.c ****   ******************************************************************************
   3:Drivers/STM32F4xx_HAL_Driver/Src/stm32f4xx_hal.c ****   * @file    stm32f4xx_hal.c
   4:Drivers/STM32F4xx_HAL_Driver/Src/stm32f4xx_hal.c ****   * @author  MCD Application Team
   5:Drivers/STM32F4xx_HAL_Driver/Src/stm32f4xx_hal.c ****   * @brief   HAL module driver.
   6:Drivers/STM32F4xx_HAL_Driver/Src/stm32f4xx_hal.c ****   *          This is the common part of the HAL initialization
   7:Drivers/STM32F4xx_HAL_Driver/Src/stm32f4xx_hal.c ****   *
   8:Drivers/STM32F4xx_HAL_Driver/Src/stm32f4xx_hal.c ****   @verbatim
   9:Drivers/STM32F4xx_HAL_Driver/Src/stm32f4xx_hal.c ****   ==============================================================================
  10:Drivers/STM32F4xx_HAL_Driver/Src/stm32f4xx_hal.c ****                      ##### How to use this driver #####
  11:Drivers/STM32F4xx_HAL_Driver/Src/stm32f4xx_hal.c ****   ==============================================================================
  12:Drivers/STM32F4xx_HAL_Driver/Src/stm32f4xx_hal.c ****     [..]
  13:Drivers/STM32F4xx_HAL_Driver/Src/stm32f4xx_hal.c ****     The common HAL driver contains a set of generic and common APIs that can be
  14:Drivers/STM32F4xx_HAL_Driver/Src/stm32f4xx_hal.c ****     used by the PPP peripheral drivers and the user to start using the HAL. 
  15:Drivers/STM32F4xx_HAL_Driver/Src/stm32f4xx_hal.c ****     [..]
  16:Drivers/STM32F4xx_HAL_Driver/Src/stm32f4xx_hal.c ****     The HAL contains two APIs' categories: 
  17:Drivers/STM32F4xx_HAL_Driver/Src/stm32f4xx_hal.c ****          (+) Common HAL APIs
  18:Drivers/STM32F4xx_HAL_Driver/Src/stm32f4xx_hal.c ****          (+) Services HAL APIs
  19:Drivers/STM32F4xx_HAL_Driver/Src/stm32f4xx_hal.c **** 
  20:Drivers/STM32F4xx_HAL_Driver/Src/stm32f4xx_hal.c ****   @endverbatim
  21:Drivers/STM32F4xx_HAL_Driver/Src/stm32f4xx_hal.c ****   ******************************************************************************
  22:Drivers/STM32F4xx_HAL_Driver/Src/stm32f4xx_hal.c ****   * @attention
  23:Drivers/STM32F4xx_HAL_Driver/Src/stm32f4xx_hal.c ****   *
  24:Drivers/STM32F4xx_HAL_Driver/Src/stm32f4xx_hal.c ****   * <h2><center>&copy; Copyright (c) 2017 STMicroelectronics.
  25:Drivers/STM32F4xx_HAL_Driver/Src/stm32f4xx_hal.c ****   * All rights reserved.</center></h2>
  26:Drivers/STM32F4xx_HAL_Driver/Src/stm32f4xx_hal.c ****   *
  27:Drivers/STM32F4xx_HAL_Driver/Src/stm32f4xx_hal.c ****   * This software component is licensed by ST under BSD 3-Clause license,
  28:Drivers/STM32F4xx_HAL_Driver/Src/stm32f4xx_hal.c ****   * the "License"; You may not use this file except in compliance with the
  29:Drivers/STM32F4xx_HAL_Driver/Src/stm32f4xx_hal.c ****   * License. You may obtain a copy of the License at:
  30:Drivers/STM32F4xx_HAL_Driver/Src/stm32f4xx_hal.c ****   *                        opensource.org/licenses/BSD-3-Clause
ARM GAS  C:\Users\ncer\AppData\Local\Temp\cc7ITsvN.s 			page 2


  31:Drivers/STM32F4xx_HAL_Driver/Src/stm32f4xx_hal.c ****   *
  32:Drivers/STM32F4xx_HAL_Driver/Src/stm32f4xx_hal.c ****   ******************************************************************************
  33:Drivers/STM32F4xx_HAL_Driver/Src/stm32f4xx_hal.c ****   */ 
  34:Drivers/STM32F4xx_HAL_Driver/Src/stm32f4xx_hal.c **** 
  35:Drivers/STM32F4xx_HAL_Driver/Src/stm32f4xx_hal.c **** /* Includes ------------------------------------------------------------------*/
  36:Drivers/STM32F4xx_HAL_Driver/Src/stm32f4xx_hal.c **** #include "stm32f4xx_hal.h"
  37:Drivers/STM32F4xx_HAL_Driver/Src/stm32f4xx_hal.c **** 
  38:Drivers/STM32F4xx_HAL_Driver/Src/stm32f4xx_hal.c **** /** @addtogroup STM32F4xx_HAL_Driver
  39:Drivers/STM32F4xx_HAL_Driver/Src/stm32f4xx_hal.c ****   * @{
  40:Drivers/STM32F4xx_HAL_Driver/Src/stm32f4xx_hal.c ****   */
  41:Drivers/STM32F4xx_HAL_Driver/Src/stm32f4xx_hal.c **** 
  42:Drivers/STM32F4xx_HAL_Driver/Src/stm32f4xx_hal.c **** /** @defgroup HAL HAL
  43:Drivers/STM32F4xx_HAL_Driver/Src/stm32f4xx_hal.c ****   * @brief HAL module driver.
  44:Drivers/STM32F4xx_HAL_Driver/Src/stm32f4xx_hal.c ****   * @{
  45:Drivers/STM32F4xx_HAL_Driver/Src/stm32f4xx_hal.c ****   */
  46:Drivers/STM32F4xx_HAL_Driver/Src/stm32f4xx_hal.c **** 
  47:Drivers/STM32F4xx_HAL_Driver/Src/stm32f4xx_hal.c **** /* Private typedef -----------------------------------------------------------*/
  48:Drivers/STM32F4xx_HAL_Driver/Src/stm32f4xx_hal.c **** /* Private define ------------------------------------------------------------*/
  49:Drivers/STM32F4xx_HAL_Driver/Src/stm32f4xx_hal.c **** /** @addtogroup HAL_Private_Constants
  50:Drivers/STM32F4xx_HAL_Driver/Src/stm32f4xx_hal.c ****   * @{
  51:Drivers/STM32F4xx_HAL_Driver/Src/stm32f4xx_hal.c ****   */
  52:Drivers/STM32F4xx_HAL_Driver/Src/stm32f4xx_hal.c **** /**
  53:Drivers/STM32F4xx_HAL_Driver/Src/stm32f4xx_hal.c ****   * @brief STM32F4xx HAL Driver version number V1.7.5
  54:Drivers/STM32F4xx_HAL_Driver/Src/stm32f4xx_hal.c ****   */
  55:Drivers/STM32F4xx_HAL_Driver/Src/stm32f4xx_hal.c **** #define __STM32F4xx_HAL_VERSION_MAIN   (0x01U) /*!< [31:24] main version */
  56:Drivers/STM32F4xx_HAL_Driver/Src/stm32f4xx_hal.c **** #define __STM32F4xx_HAL_VERSION_SUB1   (0x07U) /*!< [23:16] sub1 version */
  57:Drivers/STM32F4xx_HAL_Driver/Src/stm32f4xx_hal.c **** #define __STM32F4xx_HAL_VERSION_SUB2   (0x05U) /*!< [15:8]  sub2 version */
  58:Drivers/STM32F4xx_HAL_Driver/Src/stm32f4xx_hal.c **** #define __STM32F4xx_HAL_VERSION_RC     (0x00U) /*!< [7:0]  release candidate */ 
  59:Drivers/STM32F4xx_HAL_Driver/Src/stm32f4xx_hal.c **** #define __STM32F4xx_HAL_VERSION         ((__STM32F4xx_HAL_VERSION_MAIN << 24U)\
  60:Drivers/STM32F4xx_HAL_Driver/Src/stm32f4xx_hal.c ****                                         |(__STM32F4xx_HAL_VERSION_SUB1 << 16U)\
  61:Drivers/STM32F4xx_HAL_Driver/Src/stm32f4xx_hal.c ****                                         |(__STM32F4xx_HAL_VERSION_SUB2 << 8U )\
  62:Drivers/STM32F4xx_HAL_Driver/Src/stm32f4xx_hal.c ****                                         |(__STM32F4xx_HAL_VERSION_RC))
  63:Drivers/STM32F4xx_HAL_Driver/Src/stm32f4xx_hal.c ****                                         
  64:Drivers/STM32F4xx_HAL_Driver/Src/stm32f4xx_hal.c **** #define IDCODE_DEVID_MASK    0x00000FFFU
  65:Drivers/STM32F4xx_HAL_Driver/Src/stm32f4xx_hal.c **** 
  66:Drivers/STM32F4xx_HAL_Driver/Src/stm32f4xx_hal.c **** /* ------------ RCC registers bit address in the alias region ----------- */
  67:Drivers/STM32F4xx_HAL_Driver/Src/stm32f4xx_hal.c **** #define SYSCFG_OFFSET             (SYSCFG_BASE - PERIPH_BASE)
  68:Drivers/STM32F4xx_HAL_Driver/Src/stm32f4xx_hal.c **** /* ---  MEMRMP Register ---*/ 
  69:Drivers/STM32F4xx_HAL_Driver/Src/stm32f4xx_hal.c **** /* Alias word address of UFB_MODE bit */ 
  70:Drivers/STM32F4xx_HAL_Driver/Src/stm32f4xx_hal.c **** #define MEMRMP_OFFSET             SYSCFG_OFFSET 
  71:Drivers/STM32F4xx_HAL_Driver/Src/stm32f4xx_hal.c **** #define UFB_MODE_BIT_NUMBER       SYSCFG_MEMRMP_UFB_MODE_Pos
  72:Drivers/STM32F4xx_HAL_Driver/Src/stm32f4xx_hal.c **** #define UFB_MODE_BB               (uint32_t)(PERIPH_BB_BASE + (MEMRMP_OFFSET * 32U) + (UFB_MODE_BIT
  73:Drivers/STM32F4xx_HAL_Driver/Src/stm32f4xx_hal.c **** 
  74:Drivers/STM32F4xx_HAL_Driver/Src/stm32f4xx_hal.c **** /* ---  CMPCR Register ---*/ 
  75:Drivers/STM32F4xx_HAL_Driver/Src/stm32f4xx_hal.c **** /* Alias word address of CMP_PD bit */ 
  76:Drivers/STM32F4xx_HAL_Driver/Src/stm32f4xx_hal.c **** #define CMPCR_OFFSET              (SYSCFG_OFFSET + 0x20U) 
  77:Drivers/STM32F4xx_HAL_Driver/Src/stm32f4xx_hal.c **** #define CMP_PD_BIT_NUMBER         SYSCFG_CMPCR_CMP_PD_Pos
  78:Drivers/STM32F4xx_HAL_Driver/Src/stm32f4xx_hal.c **** #define CMPCR_CMP_PD_BB           (uint32_t)(PERIPH_BB_BASE + (CMPCR_OFFSET * 32U) + (CMP_PD_BIT_NU
  79:Drivers/STM32F4xx_HAL_Driver/Src/stm32f4xx_hal.c **** 
  80:Drivers/STM32F4xx_HAL_Driver/Src/stm32f4xx_hal.c **** /* ---  MCHDLYCR Register ---*/ 
  81:Drivers/STM32F4xx_HAL_Driver/Src/stm32f4xx_hal.c **** /* Alias word address of BSCKSEL bit */ 
  82:Drivers/STM32F4xx_HAL_Driver/Src/stm32f4xx_hal.c **** #define MCHDLYCR_OFFSET            (SYSCFG_OFFSET + 0x30U) 
  83:Drivers/STM32F4xx_HAL_Driver/Src/stm32f4xx_hal.c **** #define BSCKSEL_BIT_NUMBER         SYSCFG_MCHDLYCR_BSCKSEL_Pos
  84:Drivers/STM32F4xx_HAL_Driver/Src/stm32f4xx_hal.c **** #define MCHDLYCR_BSCKSEL_BB        (uint32_t)(PERIPH_BB_BASE + (MCHDLYCR_OFFSET * 32U) + (BSCKSEL_B
  85:Drivers/STM32F4xx_HAL_Driver/Src/stm32f4xx_hal.c **** /**
  86:Drivers/STM32F4xx_HAL_Driver/Src/stm32f4xx_hal.c ****   * @}
  87:Drivers/STM32F4xx_HAL_Driver/Src/stm32f4xx_hal.c ****   */
ARM GAS  C:\Users\ncer\AppData\Local\Temp\cc7ITsvN.s 			page 3


  88:Drivers/STM32F4xx_HAL_Driver/Src/stm32f4xx_hal.c **** 
  89:Drivers/STM32F4xx_HAL_Driver/Src/stm32f4xx_hal.c **** /* Private macro -------------------------------------------------------------*/
  90:Drivers/STM32F4xx_HAL_Driver/Src/stm32f4xx_hal.c **** /* Private variables ---------------------------------------------------------*/
  91:Drivers/STM32F4xx_HAL_Driver/Src/stm32f4xx_hal.c **** /** @addtogroup HAL_Private_Variables
  92:Drivers/STM32F4xx_HAL_Driver/Src/stm32f4xx_hal.c ****   * @{
  93:Drivers/STM32F4xx_HAL_Driver/Src/stm32f4xx_hal.c ****   */
  94:Drivers/STM32F4xx_HAL_Driver/Src/stm32f4xx_hal.c **** __IO uint32_t uwTick;
  95:Drivers/STM32F4xx_HAL_Driver/Src/stm32f4xx_hal.c **** uint32_t uwTickPrio   = (1UL << __NVIC_PRIO_BITS); /* Invalid PRIO */
  96:Drivers/STM32F4xx_HAL_Driver/Src/stm32f4xx_hal.c **** HAL_TickFreqTypeDef uwTickFreq = HAL_TICK_FREQ_DEFAULT;  /* 1KHz */
  97:Drivers/STM32F4xx_HAL_Driver/Src/stm32f4xx_hal.c **** /**
  98:Drivers/STM32F4xx_HAL_Driver/Src/stm32f4xx_hal.c ****   * @}
  99:Drivers/STM32F4xx_HAL_Driver/Src/stm32f4xx_hal.c ****   */
 100:Drivers/STM32F4xx_HAL_Driver/Src/stm32f4xx_hal.c **** /* Private function prototypes -----------------------------------------------*/
 101:Drivers/STM32F4xx_HAL_Driver/Src/stm32f4xx_hal.c **** /* Private functions ---------------------------------------------------------*/
 102:Drivers/STM32F4xx_HAL_Driver/Src/stm32f4xx_hal.c **** 
 103:Drivers/STM32F4xx_HAL_Driver/Src/stm32f4xx_hal.c **** /** @defgroup HAL_Exported_Functions HAL Exported Functions
 104:Drivers/STM32F4xx_HAL_Driver/Src/stm32f4xx_hal.c ****   * @{
 105:Drivers/STM32F4xx_HAL_Driver/Src/stm32f4xx_hal.c ****   */
 106:Drivers/STM32F4xx_HAL_Driver/Src/stm32f4xx_hal.c **** 
 107:Drivers/STM32F4xx_HAL_Driver/Src/stm32f4xx_hal.c **** /** @defgroup HAL_Exported_Functions_Group1 Initialization and de-initialization Functions 
 108:Drivers/STM32F4xx_HAL_Driver/Src/stm32f4xx_hal.c ****  *  @brief    Initialization and de-initialization functions
 109:Drivers/STM32F4xx_HAL_Driver/Src/stm32f4xx_hal.c ****  *
 110:Drivers/STM32F4xx_HAL_Driver/Src/stm32f4xx_hal.c **** @verbatim    
 111:Drivers/STM32F4xx_HAL_Driver/Src/stm32f4xx_hal.c ****  ===============================================================================
 112:Drivers/STM32F4xx_HAL_Driver/Src/stm32f4xx_hal.c ****               ##### Initialization and Configuration functions #####
 113:Drivers/STM32F4xx_HAL_Driver/Src/stm32f4xx_hal.c ****  ===============================================================================
 114:Drivers/STM32F4xx_HAL_Driver/Src/stm32f4xx_hal.c ****     [..]  This section provides functions allowing to:
 115:Drivers/STM32F4xx_HAL_Driver/Src/stm32f4xx_hal.c ****       (+) Initializes the Flash interface the NVIC allocation and initial clock 
 116:Drivers/STM32F4xx_HAL_Driver/Src/stm32f4xx_hal.c ****           configuration. It initializes the systick also when timeout is needed 
 117:Drivers/STM32F4xx_HAL_Driver/Src/stm32f4xx_hal.c ****           and the backup domain when enabled.
 118:Drivers/STM32F4xx_HAL_Driver/Src/stm32f4xx_hal.c ****       (+) De-Initializes common part of the HAL.
 119:Drivers/STM32F4xx_HAL_Driver/Src/stm32f4xx_hal.c ****       (+) Configure the time base source to have 1ms time base with a dedicated 
 120:Drivers/STM32F4xx_HAL_Driver/Src/stm32f4xx_hal.c ****           Tick interrupt priority. 
 121:Drivers/STM32F4xx_HAL_Driver/Src/stm32f4xx_hal.c ****         (++) SysTick timer is used by default as source of time base, but user
 122:Drivers/STM32F4xx_HAL_Driver/Src/stm32f4xx_hal.c ****              can eventually implement his proper time base source (a general purpose 
 123:Drivers/STM32F4xx_HAL_Driver/Src/stm32f4xx_hal.c ****              timer for example or other time source), keeping in mind that Time base 
 124:Drivers/STM32F4xx_HAL_Driver/Src/stm32f4xx_hal.c ****              duration should be kept 1ms since PPP_TIMEOUT_VALUEs are defined and 
 125:Drivers/STM32F4xx_HAL_Driver/Src/stm32f4xx_hal.c ****              handled in milliseconds basis.
 126:Drivers/STM32F4xx_HAL_Driver/Src/stm32f4xx_hal.c ****         (++) Time base configuration function (HAL_InitTick ()) is called automatically 
 127:Drivers/STM32F4xx_HAL_Driver/Src/stm32f4xx_hal.c ****              at the beginning of the program after reset by HAL_Init() or at any time 
 128:Drivers/STM32F4xx_HAL_Driver/Src/stm32f4xx_hal.c ****              when clock is configured, by HAL_RCC_ClockConfig(). 
 129:Drivers/STM32F4xx_HAL_Driver/Src/stm32f4xx_hal.c ****         (++) Source of time base is configured  to generate interrupts at regular 
 130:Drivers/STM32F4xx_HAL_Driver/Src/stm32f4xx_hal.c ****              time intervals. Care must be taken if HAL_Delay() is called from a 
 131:Drivers/STM32F4xx_HAL_Driver/Src/stm32f4xx_hal.c ****              peripheral ISR process, the Tick interrupt line must have higher priority 
 132:Drivers/STM32F4xx_HAL_Driver/Src/stm32f4xx_hal.c ****             (numerically lower) than the peripheral interrupt. Otherwise the caller 
 133:Drivers/STM32F4xx_HAL_Driver/Src/stm32f4xx_hal.c ****             ISR process will be blocked. 
 134:Drivers/STM32F4xx_HAL_Driver/Src/stm32f4xx_hal.c ****        (++) functions affecting time base configurations are declared as __weak  
 135:Drivers/STM32F4xx_HAL_Driver/Src/stm32f4xx_hal.c ****              to make  override possible  in case of other  implementations in user file.
 136:Drivers/STM32F4xx_HAL_Driver/Src/stm32f4xx_hal.c **** @endverbatim
 137:Drivers/STM32F4xx_HAL_Driver/Src/stm32f4xx_hal.c ****   * @{
 138:Drivers/STM32F4xx_HAL_Driver/Src/stm32f4xx_hal.c ****   */
 139:Drivers/STM32F4xx_HAL_Driver/Src/stm32f4xx_hal.c **** 
 140:Drivers/STM32F4xx_HAL_Driver/Src/stm32f4xx_hal.c **** /**
 141:Drivers/STM32F4xx_HAL_Driver/Src/stm32f4xx_hal.c ****   * @brief  This function is used to initialize the HAL Library; it must be the first 
 142:Drivers/STM32F4xx_HAL_Driver/Src/stm32f4xx_hal.c ****   *         instruction to be executed in the main program (before to call any other
 143:Drivers/STM32F4xx_HAL_Driver/Src/stm32f4xx_hal.c ****   *         HAL function), it performs the following:
 144:Drivers/STM32F4xx_HAL_Driver/Src/stm32f4xx_hal.c ****   *           Configure the Flash prefetch, instruction and Data caches.
ARM GAS  C:\Users\ncer\AppData\Local\Temp\cc7ITsvN.s 			page 4


 145:Drivers/STM32F4xx_HAL_Driver/Src/stm32f4xx_hal.c ****   *           Configures the SysTick to generate an interrupt each 1 millisecond,
 146:Drivers/STM32F4xx_HAL_Driver/Src/stm32f4xx_hal.c ****   *           which is clocked by the HSI (at this stage, the clock is not yet
 147:Drivers/STM32F4xx_HAL_Driver/Src/stm32f4xx_hal.c ****   *           configured and thus the system is running from the internal HSI at 16 MHz).
 148:Drivers/STM32F4xx_HAL_Driver/Src/stm32f4xx_hal.c ****   *           Set NVIC Group Priority to 4.
 149:Drivers/STM32F4xx_HAL_Driver/Src/stm32f4xx_hal.c ****   *           Calls the HAL_MspInit() callback function defined in user file 
 150:Drivers/STM32F4xx_HAL_Driver/Src/stm32f4xx_hal.c ****   *           "stm32f4xx_hal_msp.c" to do the global low level hardware initialization 
 151:Drivers/STM32F4xx_HAL_Driver/Src/stm32f4xx_hal.c ****   *            
 152:Drivers/STM32F4xx_HAL_Driver/Src/stm32f4xx_hal.c ****   * @note   SysTick is used as time base for the HAL_Delay() function, the application
 153:Drivers/STM32F4xx_HAL_Driver/Src/stm32f4xx_hal.c ****   *         need to ensure that the SysTick time base is always set to 1 millisecond
 154:Drivers/STM32F4xx_HAL_Driver/Src/stm32f4xx_hal.c ****   *         to have correct HAL operation.
 155:Drivers/STM32F4xx_HAL_Driver/Src/stm32f4xx_hal.c ****   * @retval HAL status
 156:Drivers/STM32F4xx_HAL_Driver/Src/stm32f4xx_hal.c ****   */
 157:Drivers/STM32F4xx_HAL_Driver/Src/stm32f4xx_hal.c **** HAL_StatusTypeDef HAL_Init(void)
 158:Drivers/STM32F4xx_HAL_Driver/Src/stm32f4xx_hal.c **** {
 159:Drivers/STM32F4xx_HAL_Driver/Src/stm32f4xx_hal.c ****   /* Configure Flash prefetch, Instruction cache, Data cache */ 
 160:Drivers/STM32F4xx_HAL_Driver/Src/stm32f4xx_hal.c **** #if (INSTRUCTION_CACHE_ENABLE != 0U)
 161:Drivers/STM32F4xx_HAL_Driver/Src/stm32f4xx_hal.c ****   __HAL_FLASH_INSTRUCTION_CACHE_ENABLE();
 162:Drivers/STM32F4xx_HAL_Driver/Src/stm32f4xx_hal.c **** #endif /* INSTRUCTION_CACHE_ENABLE */
 163:Drivers/STM32F4xx_HAL_Driver/Src/stm32f4xx_hal.c **** 
 164:Drivers/STM32F4xx_HAL_Driver/Src/stm32f4xx_hal.c **** #if (DATA_CACHE_ENABLE != 0U)
 165:Drivers/STM32F4xx_HAL_Driver/Src/stm32f4xx_hal.c ****   __HAL_FLASH_DATA_CACHE_ENABLE();
 166:Drivers/STM32F4xx_HAL_Driver/Src/stm32f4xx_hal.c **** #endif /* DATA_CACHE_ENABLE */
 167:Drivers/STM32F4xx_HAL_Driver/Src/stm32f4xx_hal.c **** 
 168:Drivers/STM32F4xx_HAL_Driver/Src/stm32f4xx_hal.c **** #if (PREFETCH_ENABLE != 0U)
 169:Drivers/STM32F4xx_HAL_Driver/Src/stm32f4xx_hal.c ****   __HAL_FLASH_PREFETCH_BUFFER_ENABLE();
 170:Drivers/STM32F4xx_HAL_Driver/Src/stm32f4xx_hal.c **** #endif /* PREFETCH_ENABLE */
 171:Drivers/STM32F4xx_HAL_Driver/Src/stm32f4xx_hal.c **** 
 172:Drivers/STM32F4xx_HAL_Driver/Src/stm32f4xx_hal.c ****   /* Set Interrupt Group Priority */
 173:Drivers/STM32F4xx_HAL_Driver/Src/stm32f4xx_hal.c ****   HAL_NVIC_SetPriorityGrouping(NVIC_PRIORITYGROUP_4);
 174:Drivers/STM32F4xx_HAL_Driver/Src/stm32f4xx_hal.c **** 
 175:Drivers/STM32F4xx_HAL_Driver/Src/stm32f4xx_hal.c ****   /* Use systick as time base source and configure 1ms tick (default clock after Reset is HSI) */
 176:Drivers/STM32F4xx_HAL_Driver/Src/stm32f4xx_hal.c ****   HAL_InitTick(TICK_INT_PRIORITY);
 177:Drivers/STM32F4xx_HAL_Driver/Src/stm32f4xx_hal.c **** 
 178:Drivers/STM32F4xx_HAL_Driver/Src/stm32f4xx_hal.c ****   /* Init the low level hardware */
 179:Drivers/STM32F4xx_HAL_Driver/Src/stm32f4xx_hal.c ****   HAL_MspInit();
 180:Drivers/STM32F4xx_HAL_Driver/Src/stm32f4xx_hal.c **** 
 181:Drivers/STM32F4xx_HAL_Driver/Src/stm32f4xx_hal.c ****   /* Return function status */
 182:Drivers/STM32F4xx_HAL_Driver/Src/stm32f4xx_hal.c ****   return HAL_OK;
 183:Drivers/STM32F4xx_HAL_Driver/Src/stm32f4xx_hal.c **** }
 184:Drivers/STM32F4xx_HAL_Driver/Src/stm32f4xx_hal.c **** 
 185:Drivers/STM32F4xx_HAL_Driver/Src/stm32f4xx_hal.c **** /**
 186:Drivers/STM32F4xx_HAL_Driver/Src/stm32f4xx_hal.c ****   * @brief  This function de-Initializes common part of the HAL and stops the systick.
 187:Drivers/STM32F4xx_HAL_Driver/Src/stm32f4xx_hal.c ****   *         This function is optional.   
 188:Drivers/STM32F4xx_HAL_Driver/Src/stm32f4xx_hal.c ****   * @retval HAL status
 189:Drivers/STM32F4xx_HAL_Driver/Src/stm32f4xx_hal.c ****   */
 190:Drivers/STM32F4xx_HAL_Driver/Src/stm32f4xx_hal.c **** HAL_StatusTypeDef HAL_DeInit(void)
 191:Drivers/STM32F4xx_HAL_Driver/Src/stm32f4xx_hal.c **** {
 192:Drivers/STM32F4xx_HAL_Driver/Src/stm32f4xx_hal.c ****   /* Reset of all peripherals */
 193:Drivers/STM32F4xx_HAL_Driver/Src/stm32f4xx_hal.c ****   __HAL_RCC_APB1_FORCE_RESET();
 194:Drivers/STM32F4xx_HAL_Driver/Src/stm32f4xx_hal.c ****   __HAL_RCC_APB1_RELEASE_RESET();
 195:Drivers/STM32F4xx_HAL_Driver/Src/stm32f4xx_hal.c **** 
 196:Drivers/STM32F4xx_HAL_Driver/Src/stm32f4xx_hal.c ****   __HAL_RCC_APB2_FORCE_RESET();
 197:Drivers/STM32F4xx_HAL_Driver/Src/stm32f4xx_hal.c ****   __HAL_RCC_APB2_RELEASE_RESET();
 198:Drivers/STM32F4xx_HAL_Driver/Src/stm32f4xx_hal.c **** 
 199:Drivers/STM32F4xx_HAL_Driver/Src/stm32f4xx_hal.c ****   __HAL_RCC_AHB1_FORCE_RESET();
 200:Drivers/STM32F4xx_HAL_Driver/Src/stm32f4xx_hal.c ****   __HAL_RCC_AHB1_RELEASE_RESET();
 201:Drivers/STM32F4xx_HAL_Driver/Src/stm32f4xx_hal.c **** 
ARM GAS  C:\Users\ncer\AppData\Local\Temp\cc7ITsvN.s 			page 5


 202:Drivers/STM32F4xx_HAL_Driver/Src/stm32f4xx_hal.c ****   __HAL_RCC_AHB2_FORCE_RESET();
 203:Drivers/STM32F4xx_HAL_Driver/Src/stm32f4xx_hal.c ****   __HAL_RCC_AHB2_RELEASE_RESET();
 204:Drivers/STM32F4xx_HAL_Driver/Src/stm32f4xx_hal.c **** 
 205:Drivers/STM32F4xx_HAL_Driver/Src/stm32f4xx_hal.c ****   __HAL_RCC_AHB3_FORCE_RESET();
 206:Drivers/STM32F4xx_HAL_Driver/Src/stm32f4xx_hal.c ****   __HAL_RCC_AHB3_RELEASE_RESET();
 207:Drivers/STM32F4xx_HAL_Driver/Src/stm32f4xx_hal.c **** 
 208:Drivers/STM32F4xx_HAL_Driver/Src/stm32f4xx_hal.c ****   /* De-Init the low level hardware */
 209:Drivers/STM32F4xx_HAL_Driver/Src/stm32f4xx_hal.c ****   HAL_MspDeInit();
 210:Drivers/STM32F4xx_HAL_Driver/Src/stm32f4xx_hal.c ****     
 211:Drivers/STM32F4xx_HAL_Driver/Src/stm32f4xx_hal.c ****   /* Return function status */
 212:Drivers/STM32F4xx_HAL_Driver/Src/stm32f4xx_hal.c ****   return HAL_OK;
 213:Drivers/STM32F4xx_HAL_Driver/Src/stm32f4xx_hal.c **** }
 214:Drivers/STM32F4xx_HAL_Driver/Src/stm32f4xx_hal.c **** 
 215:Drivers/STM32F4xx_HAL_Driver/Src/stm32f4xx_hal.c **** /**
 216:Drivers/STM32F4xx_HAL_Driver/Src/stm32f4xx_hal.c ****   * @brief  Initialize the MSP.
 217:Drivers/STM32F4xx_HAL_Driver/Src/stm32f4xx_hal.c ****   * @retval None
 218:Drivers/STM32F4xx_HAL_Driver/Src/stm32f4xx_hal.c ****   */
 219:Drivers/STM32F4xx_HAL_Driver/Src/stm32f4xx_hal.c **** __weak void HAL_MspInit(void)
 220:Drivers/STM32F4xx_HAL_Driver/Src/stm32f4xx_hal.c **** {
  29              		.loc 1 220 1 view -0
  30              		.cfi_startproc
  31              		@ args = 0, pretend = 0, frame = 0
  32              		@ frame_needed = 0, uses_anonymous_args = 0
  33              		@ link register save eliminated.
 221:Drivers/STM32F4xx_HAL_Driver/Src/stm32f4xx_hal.c ****   /* NOTE : This function should not be modified, when the callback is needed,
 222:Drivers/STM32F4xx_HAL_Driver/Src/stm32f4xx_hal.c ****             the HAL_MspInit could be implemented in the user file
 223:Drivers/STM32F4xx_HAL_Driver/Src/stm32f4xx_hal.c ****    */
 224:Drivers/STM32F4xx_HAL_Driver/Src/stm32f4xx_hal.c **** }
  34              		.loc 1 224 1 view .LVU1
  35 0000 7047     		bx	lr
  36              		.cfi_endproc
  37              	.LFE132:
  39              		.section	.text.HAL_MspDeInit,"ax",%progbits
  40              		.align	1
  41              		.weak	HAL_MspDeInit
  42              		.syntax unified
  43              		.thumb
  44              		.thumb_func
  45              		.fpu fpv4-sp-d16
  47              	HAL_MspDeInit:
  48              	.LFB133:
 225:Drivers/STM32F4xx_HAL_Driver/Src/stm32f4xx_hal.c **** 
 226:Drivers/STM32F4xx_HAL_Driver/Src/stm32f4xx_hal.c **** /**
 227:Drivers/STM32F4xx_HAL_Driver/Src/stm32f4xx_hal.c ****   * @brief  DeInitializes the MSP.
 228:Drivers/STM32F4xx_HAL_Driver/Src/stm32f4xx_hal.c ****   * @retval None
 229:Drivers/STM32F4xx_HAL_Driver/Src/stm32f4xx_hal.c ****   */
 230:Drivers/STM32F4xx_HAL_Driver/Src/stm32f4xx_hal.c **** __weak void HAL_MspDeInit(void)
 231:Drivers/STM32F4xx_HAL_Driver/Src/stm32f4xx_hal.c **** {
  49              		.loc 1 231 1 view -0
  50              		.cfi_startproc
  51              		@ args = 0, pretend = 0, frame = 0
  52              		@ frame_needed = 0, uses_anonymous_args = 0
  53              		@ link register save eliminated.
 232:Drivers/STM32F4xx_HAL_Driver/Src/stm32f4xx_hal.c ****   /* NOTE : This function should not be modified, when the callback is needed,
 233:Drivers/STM32F4xx_HAL_Driver/Src/stm32f4xx_hal.c ****             the HAL_MspDeInit could be implemented in the user file
 234:Drivers/STM32F4xx_HAL_Driver/Src/stm32f4xx_hal.c ****    */ 
 235:Drivers/STM32F4xx_HAL_Driver/Src/stm32f4xx_hal.c **** }
ARM GAS  C:\Users\ncer\AppData\Local\Temp\cc7ITsvN.s 			page 6


  54              		.loc 1 235 1 view .LVU3
  55 0000 7047     		bx	lr
  56              		.cfi_endproc
  57              	.LFE133:
  59              		.section	.text.HAL_DeInit,"ax",%progbits
  60              		.align	1
  61              		.global	HAL_DeInit
  62              		.syntax unified
  63              		.thumb
  64              		.thumb_func
  65              		.fpu fpv4-sp-d16
  67              	HAL_DeInit:
  68              	.LFB131:
 191:Drivers/STM32F4xx_HAL_Driver/Src/stm32f4xx_hal.c ****   /* Reset of all peripherals */
  69              		.loc 1 191 1 view -0
  70              		.cfi_startproc
  71              		@ args = 0, pretend = 0, frame = 0
  72              		@ frame_needed = 0, uses_anonymous_args = 0
  73 0000 10B5     		push	{r4, lr}
  74              	.LCFI0:
  75              		.cfi_def_cfa_offset 8
  76              		.cfi_offset 4, -8
  77              		.cfi_offset 14, -4
 193:Drivers/STM32F4xx_HAL_Driver/Src/stm32f4xx_hal.c ****   __HAL_RCC_APB1_RELEASE_RESET();
  78              		.loc 1 193 3 view .LVU5
  79 0002 094B     		ldr	r3, .L5
  80 0004 4FF0FF32 		mov	r2, #-1
  81 0008 1A62     		str	r2, [r3, #32]
 194:Drivers/STM32F4xx_HAL_Driver/Src/stm32f4xx_hal.c **** 
  82              		.loc 1 194 3 view .LVU6
  83 000a 0024     		movs	r4, #0
  84 000c 1C62     		str	r4, [r3, #32]
 196:Drivers/STM32F4xx_HAL_Driver/Src/stm32f4xx_hal.c ****   __HAL_RCC_APB2_RELEASE_RESET();
  85              		.loc 1 196 3 view .LVU7
  86 000e 5A62     		str	r2, [r3, #36]
 197:Drivers/STM32F4xx_HAL_Driver/Src/stm32f4xx_hal.c **** 
  87              		.loc 1 197 3 view .LVU8
  88 0010 5C62     		str	r4, [r3, #36]
 199:Drivers/STM32F4xx_HAL_Driver/Src/stm32f4xx_hal.c ****   __HAL_RCC_AHB1_RELEASE_RESET();
  89              		.loc 1 199 3 view .LVU9
  90 0012 1A61     		str	r2, [r3, #16]
 200:Drivers/STM32F4xx_HAL_Driver/Src/stm32f4xx_hal.c **** 
  91              		.loc 1 200 3 view .LVU10
  92 0014 1C61     		str	r4, [r3, #16]
 202:Drivers/STM32F4xx_HAL_Driver/Src/stm32f4xx_hal.c ****   __HAL_RCC_AHB2_RELEASE_RESET();
  93              		.loc 1 202 3 view .LVU11
  94 0016 5A61     		str	r2, [r3, #20]
 203:Drivers/STM32F4xx_HAL_Driver/Src/stm32f4xx_hal.c **** 
  95              		.loc 1 203 3 view .LVU12
  96 0018 5C61     		str	r4, [r3, #20]
 205:Drivers/STM32F4xx_HAL_Driver/Src/stm32f4xx_hal.c ****   __HAL_RCC_AHB3_RELEASE_RESET();
  97              		.loc 1 205 3 view .LVU13
  98 001a 9A61     		str	r2, [r3, #24]
 206:Drivers/STM32F4xx_HAL_Driver/Src/stm32f4xx_hal.c **** 
  99              		.loc 1 206 3 view .LVU14
 100 001c 9C61     		str	r4, [r3, #24]
 209:Drivers/STM32F4xx_HAL_Driver/Src/stm32f4xx_hal.c ****     
ARM GAS  C:\Users\ncer\AppData\Local\Temp\cc7ITsvN.s 			page 7


 101              		.loc 1 209 3 view .LVU15
 102 001e FFF7FEFF 		bl	HAL_MspDeInit
 103              	.LVL0:
 212:Drivers/STM32F4xx_HAL_Driver/Src/stm32f4xx_hal.c **** }
 104              		.loc 1 212 3 view .LVU16
 213:Drivers/STM32F4xx_HAL_Driver/Src/stm32f4xx_hal.c **** 
 105              		.loc 1 213 1 is_stmt 0 view .LVU17
 106 0022 2046     		mov	r0, r4
 107 0024 10BD     		pop	{r4, pc}
 108              	.L6:
 109 0026 00BF     		.align	2
 110              	.L5:
 111 0028 00380240 		.word	1073887232
 112              		.cfi_endproc
 113              	.LFE131:
 115              		.section	.text.HAL_InitTick,"ax",%progbits
 116              		.align	1
 117              		.weak	HAL_InitTick
 118              		.syntax unified
 119              		.thumb
 120              		.thumb_func
 121              		.fpu fpv4-sp-d16
 123              	HAL_InitTick:
 124              	.LVL1:
 125              	.LFB134:
 236:Drivers/STM32F4xx_HAL_Driver/Src/stm32f4xx_hal.c **** 
 237:Drivers/STM32F4xx_HAL_Driver/Src/stm32f4xx_hal.c **** /**
 238:Drivers/STM32F4xx_HAL_Driver/Src/stm32f4xx_hal.c ****   * @brief This function configures the source of the time base.
 239:Drivers/STM32F4xx_HAL_Driver/Src/stm32f4xx_hal.c ****   *        The time source is configured  to have 1ms time base with a dedicated 
 240:Drivers/STM32F4xx_HAL_Driver/Src/stm32f4xx_hal.c ****   *        Tick interrupt priority.
 241:Drivers/STM32F4xx_HAL_Driver/Src/stm32f4xx_hal.c ****   * @note This function is called  automatically at the beginning of program after
 242:Drivers/STM32F4xx_HAL_Driver/Src/stm32f4xx_hal.c ****   *       reset by HAL_Init() or at any time when clock is reconfigured  by HAL_RCC_ClockConfig().
 243:Drivers/STM32F4xx_HAL_Driver/Src/stm32f4xx_hal.c ****   * @note In the default implementation, SysTick timer is the source of time base. 
 244:Drivers/STM32F4xx_HAL_Driver/Src/stm32f4xx_hal.c ****   *       It is used to generate interrupts at regular time intervals. 
 245:Drivers/STM32F4xx_HAL_Driver/Src/stm32f4xx_hal.c ****   *       Care must be taken if HAL_Delay() is called from a peripheral ISR process, 
 246:Drivers/STM32F4xx_HAL_Driver/Src/stm32f4xx_hal.c ****   *       The SysTick interrupt must have higher priority (numerically lower)
 247:Drivers/STM32F4xx_HAL_Driver/Src/stm32f4xx_hal.c ****   *       than the peripheral interrupt. Otherwise the caller ISR process will be blocked.
 248:Drivers/STM32F4xx_HAL_Driver/Src/stm32f4xx_hal.c ****   *       The function is declared as __weak  to be overwritten  in case of other
 249:Drivers/STM32F4xx_HAL_Driver/Src/stm32f4xx_hal.c ****   *       implementation  in user file.
 250:Drivers/STM32F4xx_HAL_Driver/Src/stm32f4xx_hal.c ****   * @param TickPriority Tick interrupt priority.
 251:Drivers/STM32F4xx_HAL_Driver/Src/stm32f4xx_hal.c ****   * @retval HAL status
 252:Drivers/STM32F4xx_HAL_Driver/Src/stm32f4xx_hal.c ****   */
 253:Drivers/STM32F4xx_HAL_Driver/Src/stm32f4xx_hal.c **** __weak HAL_StatusTypeDef HAL_InitTick(uint32_t TickPriority)
 254:Drivers/STM32F4xx_HAL_Driver/Src/stm32f4xx_hal.c **** {
 126              		.loc 1 254 1 is_stmt 1 view -0
 127              		.cfi_startproc
 128              		@ args = 0, pretend = 0, frame = 0
 129              		@ frame_needed = 0, uses_anonymous_args = 0
 130              		.loc 1 254 1 is_stmt 0 view .LVU19
 131 0000 10B5     		push	{r4, lr}
 132              	.LCFI1:
 133              		.cfi_def_cfa_offset 8
 134              		.cfi_offset 4, -8
 135              		.cfi_offset 14, -4
 136 0002 0446     		mov	r4, r0
 255:Drivers/STM32F4xx_HAL_Driver/Src/stm32f4xx_hal.c ****   /* Configure the SysTick to have interrupt in 1ms time basis*/
 256:Drivers/STM32F4xx_HAL_Driver/Src/stm32f4xx_hal.c ****   if (HAL_SYSTICK_Config(SystemCoreClock / (1000U / uwTickFreq)) > 0U)
ARM GAS  C:\Users\ncer\AppData\Local\Temp\cc7ITsvN.s 			page 8


 137              		.loc 1 256 3 is_stmt 1 view .LVU20
 138              		.loc 1 256 51 is_stmt 0 view .LVU21
 139 0004 0E4B     		ldr	r3, .L13
 140 0006 1878     		ldrb	r0, [r3]	@ zero_extendqisi2
 141              	.LVL2:
 142              		.loc 1 256 51 view .LVU22
 143 0008 4FF47A73 		mov	r3, #1000
 144 000c B3FBF0F3 		udiv	r3, r3, r0
 145              		.loc 1 256 7 view .LVU23
 146 0010 0C4A     		ldr	r2, .L13+4
 147 0012 1068     		ldr	r0, [r2]
 148 0014 B0FBF3F0 		udiv	r0, r0, r3
 149 0018 FFF7FEFF 		bl	HAL_SYSTICK_Config
 150              	.LVL3:
 151              		.loc 1 256 6 view .LVU24
 152 001c 68B9     		cbnz	r0, .L9
 257:Drivers/STM32F4xx_HAL_Driver/Src/stm32f4xx_hal.c ****   {
 258:Drivers/STM32F4xx_HAL_Driver/Src/stm32f4xx_hal.c ****     return HAL_ERROR;
 259:Drivers/STM32F4xx_HAL_Driver/Src/stm32f4xx_hal.c ****   }
 260:Drivers/STM32F4xx_HAL_Driver/Src/stm32f4xx_hal.c **** 
 261:Drivers/STM32F4xx_HAL_Driver/Src/stm32f4xx_hal.c ****   /* Configure the SysTick IRQ priority */
 262:Drivers/STM32F4xx_HAL_Driver/Src/stm32f4xx_hal.c ****   if (TickPriority < (1UL << __NVIC_PRIO_BITS))
 153              		.loc 1 262 3 is_stmt 1 view .LVU25
 154              		.loc 1 262 6 is_stmt 0 view .LVU26
 155 001e 0F2C     		cmp	r4, #15
 156 0020 01D9     		bls	.L12
 263:Drivers/STM32F4xx_HAL_Driver/Src/stm32f4xx_hal.c ****   {
 264:Drivers/STM32F4xx_HAL_Driver/Src/stm32f4xx_hal.c ****     HAL_NVIC_SetPriority(SysTick_IRQn, TickPriority, 0U);
 265:Drivers/STM32F4xx_HAL_Driver/Src/stm32f4xx_hal.c ****     uwTickPrio = TickPriority;
 266:Drivers/STM32F4xx_HAL_Driver/Src/stm32f4xx_hal.c ****   }
 267:Drivers/STM32F4xx_HAL_Driver/Src/stm32f4xx_hal.c ****   else
 268:Drivers/STM32F4xx_HAL_Driver/Src/stm32f4xx_hal.c ****   {
 269:Drivers/STM32F4xx_HAL_Driver/Src/stm32f4xx_hal.c ****     return HAL_ERROR;
 157              		.loc 1 269 12 view .LVU27
 158 0022 0120     		movs	r0, #1
 159 0024 0AE0     		b	.L8
 160              	.L12:
 264:Drivers/STM32F4xx_HAL_Driver/Src/stm32f4xx_hal.c ****     uwTickPrio = TickPriority;
 161              		.loc 1 264 5 is_stmt 1 view .LVU28
 162 0026 0022     		movs	r2, #0
 163 0028 2146     		mov	r1, r4
 164 002a 4FF0FF30 		mov	r0, #-1
 165 002e FFF7FEFF 		bl	HAL_NVIC_SetPriority
 166              	.LVL4:
 265:Drivers/STM32F4xx_HAL_Driver/Src/stm32f4xx_hal.c ****   }
 167              		.loc 1 265 5 view .LVU29
 265:Drivers/STM32F4xx_HAL_Driver/Src/stm32f4xx_hal.c ****   }
 168              		.loc 1 265 16 is_stmt 0 view .LVU30
 169 0032 054B     		ldr	r3, .L13+8
 170 0034 1C60     		str	r4, [r3]
 270:Drivers/STM32F4xx_HAL_Driver/Src/stm32f4xx_hal.c ****   }
 271:Drivers/STM32F4xx_HAL_Driver/Src/stm32f4xx_hal.c **** 
 272:Drivers/STM32F4xx_HAL_Driver/Src/stm32f4xx_hal.c ****   /* Return function status */
 273:Drivers/STM32F4xx_HAL_Driver/Src/stm32f4xx_hal.c ****   return HAL_OK;
 171              		.loc 1 273 3 is_stmt 1 view .LVU31
 172              		.loc 1 273 10 is_stmt 0 view .LVU32
 173 0036 0020     		movs	r0, #0
ARM GAS  C:\Users\ncer\AppData\Local\Temp\cc7ITsvN.s 			page 9


 174 0038 00E0     		b	.L8
 175              	.L9:
 258:Drivers/STM32F4xx_HAL_Driver/Src/stm32f4xx_hal.c ****   }
 176              		.loc 1 258 12 view .LVU33
 177 003a 0120     		movs	r0, #1
 178              	.L8:
 274:Drivers/STM32F4xx_HAL_Driver/Src/stm32f4xx_hal.c **** }
 179              		.loc 1 274 1 view .LVU34
 180 003c 10BD     		pop	{r4, pc}
 181              	.LVL5:
 182              	.L14:
 183              		.loc 1 274 1 view .LVU35
 184 003e 00BF     		.align	2
 185              	.L13:
 186 0040 00000000 		.word	.LANCHOR0
 187 0044 00000000 		.word	SystemCoreClock
 188 0048 00000000 		.word	.LANCHOR1
 189              		.cfi_endproc
 190              	.LFE134:
 192              		.section	.text.HAL_Init,"ax",%progbits
 193              		.align	1
 194              		.global	HAL_Init
 195              		.syntax unified
 196              		.thumb
 197              		.thumb_func
 198              		.fpu fpv4-sp-d16
 200              	HAL_Init:
 201              	.LFB130:
 158:Drivers/STM32F4xx_HAL_Driver/Src/stm32f4xx_hal.c ****   /* Configure Flash prefetch, Instruction cache, Data cache */ 
 202              		.loc 1 158 1 is_stmt 1 view -0
 203              		.cfi_startproc
 204              		@ args = 0, pretend = 0, frame = 0
 205              		@ frame_needed = 0, uses_anonymous_args = 0
 206 0000 08B5     		push	{r3, lr}
 207              	.LCFI2:
 208              		.cfi_def_cfa_offset 8
 209              		.cfi_offset 3, -8
 210              		.cfi_offset 14, -4
 161:Drivers/STM32F4xx_HAL_Driver/Src/stm32f4xx_hal.c **** #endif /* INSTRUCTION_CACHE_ENABLE */
 211              		.loc 1 161 3 view .LVU37
 212 0002 0B4B     		ldr	r3, .L17
 213 0004 1A68     		ldr	r2, [r3]
 214 0006 42F40072 		orr	r2, r2, #512
 215 000a 1A60     		str	r2, [r3]
 165:Drivers/STM32F4xx_HAL_Driver/Src/stm32f4xx_hal.c **** #endif /* DATA_CACHE_ENABLE */
 216              		.loc 1 165 3 view .LVU38
 217 000c 1A68     		ldr	r2, [r3]
 218 000e 42F48062 		orr	r2, r2, #1024
 219 0012 1A60     		str	r2, [r3]
 169:Drivers/STM32F4xx_HAL_Driver/Src/stm32f4xx_hal.c **** #endif /* PREFETCH_ENABLE */
 220              		.loc 1 169 3 view .LVU39
 221 0014 1A68     		ldr	r2, [r3]
 222 0016 42F48072 		orr	r2, r2, #256
 223 001a 1A60     		str	r2, [r3]
 173:Drivers/STM32F4xx_HAL_Driver/Src/stm32f4xx_hal.c **** 
 224              		.loc 1 173 3 view .LVU40
 225 001c 0320     		movs	r0, #3
ARM GAS  C:\Users\ncer\AppData\Local\Temp\cc7ITsvN.s 			page 10


 226 001e FFF7FEFF 		bl	HAL_NVIC_SetPriorityGrouping
 227              	.LVL6:
 176:Drivers/STM32F4xx_HAL_Driver/Src/stm32f4xx_hal.c **** 
 228              		.loc 1 176 3 view .LVU41
 229 0022 0020     		movs	r0, #0
 230 0024 FFF7FEFF 		bl	HAL_InitTick
 231              	.LVL7:
 179:Drivers/STM32F4xx_HAL_Driver/Src/stm32f4xx_hal.c **** 
 232              		.loc 1 179 3 view .LVU42
 233 0028 FFF7FEFF 		bl	HAL_MspInit
 234              	.LVL8:
 182:Drivers/STM32F4xx_HAL_Driver/Src/stm32f4xx_hal.c **** }
 235              		.loc 1 182 3 view .LVU43
 183:Drivers/STM32F4xx_HAL_Driver/Src/stm32f4xx_hal.c **** 
 236              		.loc 1 183 1 is_stmt 0 view .LVU44
 237 002c 0020     		movs	r0, #0
 238 002e 08BD     		pop	{r3, pc}
 239              	.L18:
 240              		.align	2
 241              	.L17:
 242 0030 003C0240 		.word	1073888256
 243              		.cfi_endproc
 244              	.LFE130:
 246              		.section	.text.HAL_IncTick,"ax",%progbits
 247              		.align	1
 248              		.weak	HAL_IncTick
 249              		.syntax unified
 250              		.thumb
 251              		.thumb_func
 252              		.fpu fpv4-sp-d16
 254              	HAL_IncTick:
 255              	.LFB135:
 275:Drivers/STM32F4xx_HAL_Driver/Src/stm32f4xx_hal.c **** 
 276:Drivers/STM32F4xx_HAL_Driver/Src/stm32f4xx_hal.c **** /**
 277:Drivers/STM32F4xx_HAL_Driver/Src/stm32f4xx_hal.c ****   * @}
 278:Drivers/STM32F4xx_HAL_Driver/Src/stm32f4xx_hal.c ****   */
 279:Drivers/STM32F4xx_HAL_Driver/Src/stm32f4xx_hal.c **** 
 280:Drivers/STM32F4xx_HAL_Driver/Src/stm32f4xx_hal.c **** /** @defgroup HAL_Exported_Functions_Group2 HAL Control functions 
 281:Drivers/STM32F4xx_HAL_Driver/Src/stm32f4xx_hal.c ****  *  @brief    HAL Control functions
 282:Drivers/STM32F4xx_HAL_Driver/Src/stm32f4xx_hal.c ****  *
 283:Drivers/STM32F4xx_HAL_Driver/Src/stm32f4xx_hal.c **** @verbatim
 284:Drivers/STM32F4xx_HAL_Driver/Src/stm32f4xx_hal.c ****  ===============================================================================
 285:Drivers/STM32F4xx_HAL_Driver/Src/stm32f4xx_hal.c ****                       ##### HAL Control functions #####
 286:Drivers/STM32F4xx_HAL_Driver/Src/stm32f4xx_hal.c ****  ===============================================================================
 287:Drivers/STM32F4xx_HAL_Driver/Src/stm32f4xx_hal.c ****     [..]  This section provides functions allowing to:
 288:Drivers/STM32F4xx_HAL_Driver/Src/stm32f4xx_hal.c ****       (+) Provide a tick value in millisecond
 289:Drivers/STM32F4xx_HAL_Driver/Src/stm32f4xx_hal.c ****       (+) Provide a blocking delay in millisecond
 290:Drivers/STM32F4xx_HAL_Driver/Src/stm32f4xx_hal.c ****       (+) Suspend the time base source interrupt
 291:Drivers/STM32F4xx_HAL_Driver/Src/stm32f4xx_hal.c ****       (+) Resume the time base source interrupt
 292:Drivers/STM32F4xx_HAL_Driver/Src/stm32f4xx_hal.c ****       (+) Get the HAL API driver version
 293:Drivers/STM32F4xx_HAL_Driver/Src/stm32f4xx_hal.c ****       (+) Get the device identifier
 294:Drivers/STM32F4xx_HAL_Driver/Src/stm32f4xx_hal.c ****       (+) Get the device revision identifier
 295:Drivers/STM32F4xx_HAL_Driver/Src/stm32f4xx_hal.c ****       (+) Enable/Disable Debug module during SLEEP mode
 296:Drivers/STM32F4xx_HAL_Driver/Src/stm32f4xx_hal.c ****       (+) Enable/Disable Debug module during STOP mode
 297:Drivers/STM32F4xx_HAL_Driver/Src/stm32f4xx_hal.c ****       (+) Enable/Disable Debug module during STANDBY mode
 298:Drivers/STM32F4xx_HAL_Driver/Src/stm32f4xx_hal.c **** 
 299:Drivers/STM32F4xx_HAL_Driver/Src/stm32f4xx_hal.c **** @endverbatim
ARM GAS  C:\Users\ncer\AppData\Local\Temp\cc7ITsvN.s 			page 11


 300:Drivers/STM32F4xx_HAL_Driver/Src/stm32f4xx_hal.c ****   * @{
 301:Drivers/STM32F4xx_HAL_Driver/Src/stm32f4xx_hal.c ****   */
 302:Drivers/STM32F4xx_HAL_Driver/Src/stm32f4xx_hal.c **** 
 303:Drivers/STM32F4xx_HAL_Driver/Src/stm32f4xx_hal.c **** /**
 304:Drivers/STM32F4xx_HAL_Driver/Src/stm32f4xx_hal.c ****   * @brief This function is called to increment  a global variable "uwTick"
 305:Drivers/STM32F4xx_HAL_Driver/Src/stm32f4xx_hal.c ****   *        used as application time base.
 306:Drivers/STM32F4xx_HAL_Driver/Src/stm32f4xx_hal.c ****   * @note In the default implementation, this variable is incremented each 1ms
 307:Drivers/STM32F4xx_HAL_Driver/Src/stm32f4xx_hal.c ****   *       in SysTick ISR.
 308:Drivers/STM32F4xx_HAL_Driver/Src/stm32f4xx_hal.c ****  * @note This function is declared as __weak to be overwritten in case of other 
 309:Drivers/STM32F4xx_HAL_Driver/Src/stm32f4xx_hal.c ****   *      implementations in user file.
 310:Drivers/STM32F4xx_HAL_Driver/Src/stm32f4xx_hal.c ****   * @retval None
 311:Drivers/STM32F4xx_HAL_Driver/Src/stm32f4xx_hal.c ****   */
 312:Drivers/STM32F4xx_HAL_Driver/Src/stm32f4xx_hal.c **** __weak void HAL_IncTick(void)
 313:Drivers/STM32F4xx_HAL_Driver/Src/stm32f4xx_hal.c **** {
 256              		.loc 1 313 1 is_stmt 1 view -0
 257              		.cfi_startproc
 258              		@ args = 0, pretend = 0, frame = 0
 259              		@ frame_needed = 0, uses_anonymous_args = 0
 260              		@ link register save eliminated.
 314:Drivers/STM32F4xx_HAL_Driver/Src/stm32f4xx_hal.c ****   uwTick += uwTickFreq;
 261              		.loc 1 314 3 view .LVU46
 262              		.loc 1 314 10 is_stmt 0 view .LVU47
 263 0000 034A     		ldr	r2, .L20
 264 0002 1168     		ldr	r1, [r2]
 265 0004 034B     		ldr	r3, .L20+4
 266 0006 1B78     		ldrb	r3, [r3]	@ zero_extendqisi2
 267 0008 0B44     		add	r3, r3, r1
 268 000a 1360     		str	r3, [r2]
 315:Drivers/STM32F4xx_HAL_Driver/Src/stm32f4xx_hal.c **** }
 269              		.loc 1 315 1 view .LVU48
 270 000c 7047     		bx	lr
 271              	.L21:
 272 000e 00BF     		.align	2
 273              	.L20:
 274 0010 00000000 		.word	uwTick
 275 0014 00000000 		.word	.LANCHOR0
 276              		.cfi_endproc
 277              	.LFE135:
 279              		.section	.text.HAL_GetTick,"ax",%progbits
 280              		.align	1
 281              		.weak	HAL_GetTick
 282              		.syntax unified
 283              		.thumb
 284              		.thumb_func
 285              		.fpu fpv4-sp-d16
 287              	HAL_GetTick:
 288              	.LFB136:
 316:Drivers/STM32F4xx_HAL_Driver/Src/stm32f4xx_hal.c **** 
 317:Drivers/STM32F4xx_HAL_Driver/Src/stm32f4xx_hal.c **** /**
 318:Drivers/STM32F4xx_HAL_Driver/Src/stm32f4xx_hal.c ****   * @brief Provides a tick value in millisecond.
 319:Drivers/STM32F4xx_HAL_Driver/Src/stm32f4xx_hal.c ****   * @note This function is declared as __weak to be overwritten in case of other 
 320:Drivers/STM32F4xx_HAL_Driver/Src/stm32f4xx_hal.c ****   *       implementations in user file.
 321:Drivers/STM32F4xx_HAL_Driver/Src/stm32f4xx_hal.c ****   * @retval tick value
 322:Drivers/STM32F4xx_HAL_Driver/Src/stm32f4xx_hal.c ****   */
 323:Drivers/STM32F4xx_HAL_Driver/Src/stm32f4xx_hal.c **** __weak uint32_t HAL_GetTick(void)
 324:Drivers/STM32F4xx_HAL_Driver/Src/stm32f4xx_hal.c **** {
 289              		.loc 1 324 1 is_stmt 1 view -0
ARM GAS  C:\Users\ncer\AppData\Local\Temp\cc7ITsvN.s 			page 12


 290              		.cfi_startproc
 291              		@ args = 0, pretend = 0, frame = 0
 292              		@ frame_needed = 0, uses_anonymous_args = 0
 293              		@ link register save eliminated.
 325:Drivers/STM32F4xx_HAL_Driver/Src/stm32f4xx_hal.c ****   return uwTick;
 294              		.loc 1 325 3 view .LVU50
 295              		.loc 1 325 10 is_stmt 0 view .LVU51
 296 0000 014B     		ldr	r3, .L23
 297 0002 1868     		ldr	r0, [r3]
 326:Drivers/STM32F4xx_HAL_Driver/Src/stm32f4xx_hal.c **** }
 298              		.loc 1 326 1 view .LVU52
 299 0004 7047     		bx	lr
 300              	.L24:
 301 0006 00BF     		.align	2
 302              	.L23:
 303 0008 00000000 		.word	uwTick
 304              		.cfi_endproc
 305              	.LFE136:
 307              		.section	.text.HAL_GetTickPrio,"ax",%progbits
 308              		.align	1
 309              		.global	HAL_GetTickPrio
 310              		.syntax unified
 311              		.thumb
 312              		.thumb_func
 313              		.fpu fpv4-sp-d16
 315              	HAL_GetTickPrio:
 316              	.LFB137:
 327:Drivers/STM32F4xx_HAL_Driver/Src/stm32f4xx_hal.c **** 
 328:Drivers/STM32F4xx_HAL_Driver/Src/stm32f4xx_hal.c **** /**
 329:Drivers/STM32F4xx_HAL_Driver/Src/stm32f4xx_hal.c ****   * @brief This function returns a tick priority.
 330:Drivers/STM32F4xx_HAL_Driver/Src/stm32f4xx_hal.c ****   * @retval tick priority
 331:Drivers/STM32F4xx_HAL_Driver/Src/stm32f4xx_hal.c ****   */
 332:Drivers/STM32F4xx_HAL_Driver/Src/stm32f4xx_hal.c **** uint32_t HAL_GetTickPrio(void)
 333:Drivers/STM32F4xx_HAL_Driver/Src/stm32f4xx_hal.c **** {
 317              		.loc 1 333 1 is_stmt 1 view -0
 318              		.cfi_startproc
 319              		@ args = 0, pretend = 0, frame = 0
 320              		@ frame_needed = 0, uses_anonymous_args = 0
 321              		@ link register save eliminated.
 334:Drivers/STM32F4xx_HAL_Driver/Src/stm32f4xx_hal.c ****   return uwTickPrio;
 322              		.loc 1 334 3 view .LVU54
 335:Drivers/STM32F4xx_HAL_Driver/Src/stm32f4xx_hal.c **** }
 323              		.loc 1 335 1 is_stmt 0 view .LVU55
 324 0000 014B     		ldr	r3, .L26
 325 0002 1868     		ldr	r0, [r3]
 326 0004 7047     		bx	lr
 327              	.L27:
 328 0006 00BF     		.align	2
 329              	.L26:
 330 0008 00000000 		.word	.LANCHOR1
 331              		.cfi_endproc
 332              	.LFE137:
 334              		.section	.text.HAL_SetTickFreq,"ax",%progbits
 335              		.align	1
 336              		.global	HAL_SetTickFreq
 337              		.syntax unified
 338              		.thumb
ARM GAS  C:\Users\ncer\AppData\Local\Temp\cc7ITsvN.s 			page 13


 339              		.thumb_func
 340              		.fpu fpv4-sp-d16
 342              	HAL_SetTickFreq:
 343              	.LVL9:
 344              	.LFB138:
 336:Drivers/STM32F4xx_HAL_Driver/Src/stm32f4xx_hal.c **** 
 337:Drivers/STM32F4xx_HAL_Driver/Src/stm32f4xx_hal.c **** /**
 338:Drivers/STM32F4xx_HAL_Driver/Src/stm32f4xx_hal.c ****   * @brief Set new tick Freq.
 339:Drivers/STM32F4xx_HAL_Driver/Src/stm32f4xx_hal.c ****   * @retval Status
 340:Drivers/STM32F4xx_HAL_Driver/Src/stm32f4xx_hal.c ****   */
 341:Drivers/STM32F4xx_HAL_Driver/Src/stm32f4xx_hal.c **** HAL_StatusTypeDef HAL_SetTickFreq(HAL_TickFreqTypeDef Freq)
 342:Drivers/STM32F4xx_HAL_Driver/Src/stm32f4xx_hal.c **** {
 345              		.loc 1 342 1 is_stmt 1 view -0
 346              		.cfi_startproc
 347              		@ args = 0, pretend = 0, frame = 0
 348              		@ frame_needed = 0, uses_anonymous_args = 0
 349              		.loc 1 342 1 is_stmt 0 view .LVU57
 350 0000 08B5     		push	{r3, lr}
 351              	.LCFI3:
 352              		.cfi_def_cfa_offset 8
 353              		.cfi_offset 3, -8
 354              		.cfi_offset 14, -4
 343:Drivers/STM32F4xx_HAL_Driver/Src/stm32f4xx_hal.c ****   HAL_StatusTypeDef status  = HAL_OK;
 355              		.loc 1 343 3 is_stmt 1 view .LVU58
 356              	.LVL10:
 344:Drivers/STM32F4xx_HAL_Driver/Src/stm32f4xx_hal.c ****   assert_param(IS_TICKFREQ(Freq));
 357              		.loc 1 344 3 view .LVU59
 345:Drivers/STM32F4xx_HAL_Driver/Src/stm32f4xx_hal.c **** 
 346:Drivers/STM32F4xx_HAL_Driver/Src/stm32f4xx_hal.c ****   if (uwTickFreq != Freq)
 358              		.loc 1 346 3 view .LVU60
 359              		.loc 1 346 18 is_stmt 0 view .LVU61
 360 0002 064B     		ldr	r3, .L33
 361 0004 1B78     		ldrb	r3, [r3]	@ zero_extendqisi2
 362              		.loc 1 346 6 view .LVU62
 363 0006 8342     		cmp	r3, r0
 364 0008 01D1     		bne	.L32
 343:Drivers/STM32F4xx_HAL_Driver/Src/stm32f4xx_hal.c ****   assert_param(IS_TICKFREQ(Freq));
 365              		.loc 1 343 21 view .LVU63
 366 000a 0020     		movs	r0, #0
 367              	.LVL11:
 368              	.L29:
 347:Drivers/STM32F4xx_HAL_Driver/Src/stm32f4xx_hal.c ****   {
 348:Drivers/STM32F4xx_HAL_Driver/Src/stm32f4xx_hal.c ****     uwTickFreq = Freq;
 349:Drivers/STM32F4xx_HAL_Driver/Src/stm32f4xx_hal.c **** 
 350:Drivers/STM32F4xx_HAL_Driver/Src/stm32f4xx_hal.c ****     /* Apply the new tick Freq  */
 351:Drivers/STM32F4xx_HAL_Driver/Src/stm32f4xx_hal.c ****     status = HAL_InitTick(uwTickPrio);
 352:Drivers/STM32F4xx_HAL_Driver/Src/stm32f4xx_hal.c ****   }
 353:Drivers/STM32F4xx_HAL_Driver/Src/stm32f4xx_hal.c **** 
 354:Drivers/STM32F4xx_HAL_Driver/Src/stm32f4xx_hal.c ****   return status;
 369              		.loc 1 354 3 is_stmt 1 view .LVU64
 355:Drivers/STM32F4xx_HAL_Driver/Src/stm32f4xx_hal.c **** }
 370              		.loc 1 355 1 is_stmt 0 view .LVU65
 371 000c 08BD     		pop	{r3, pc}
 372              	.LVL12:
 373              	.L32:
 348:Drivers/STM32F4xx_HAL_Driver/Src/stm32f4xx_hal.c **** 
 374              		.loc 1 348 5 is_stmt 1 view .LVU66
ARM GAS  C:\Users\ncer\AppData\Local\Temp\cc7ITsvN.s 			page 14


 348:Drivers/STM32F4xx_HAL_Driver/Src/stm32f4xx_hal.c **** 
 375              		.loc 1 348 16 is_stmt 0 view .LVU67
 376 000e 034B     		ldr	r3, .L33
 377 0010 1870     		strb	r0, [r3]
 351:Drivers/STM32F4xx_HAL_Driver/Src/stm32f4xx_hal.c ****   }
 378              		.loc 1 351 5 is_stmt 1 view .LVU68
 351:Drivers/STM32F4xx_HAL_Driver/Src/stm32f4xx_hal.c ****   }
 379              		.loc 1 351 14 is_stmt 0 view .LVU69
 380 0012 034B     		ldr	r3, .L33+4
 381 0014 1868     		ldr	r0, [r3]
 382              	.LVL13:
 351:Drivers/STM32F4xx_HAL_Driver/Src/stm32f4xx_hal.c ****   }
 383              		.loc 1 351 14 view .LVU70
 384 0016 FFF7FEFF 		bl	HAL_InitTick
 385              	.LVL14:
 351:Drivers/STM32F4xx_HAL_Driver/Src/stm32f4xx_hal.c ****   }
 386              		.loc 1 351 14 view .LVU71
 387 001a F7E7     		b	.L29
 388              	.L34:
 389              		.align	2
 390              	.L33:
 391 001c 00000000 		.word	.LANCHOR0
 392 0020 00000000 		.word	.LANCHOR1
 393              		.cfi_endproc
 394              	.LFE138:
 396              		.section	.text.HAL_GetTickFreq,"ax",%progbits
 397              		.align	1
 398              		.global	HAL_GetTickFreq
 399              		.syntax unified
 400              		.thumb
 401              		.thumb_func
 402              		.fpu fpv4-sp-d16
 404              	HAL_GetTickFreq:
 405              	.LFB139:
 356:Drivers/STM32F4xx_HAL_Driver/Src/stm32f4xx_hal.c **** 
 357:Drivers/STM32F4xx_HAL_Driver/Src/stm32f4xx_hal.c **** /**
 358:Drivers/STM32F4xx_HAL_Driver/Src/stm32f4xx_hal.c ****   * @brief Return tick frequency.
 359:Drivers/STM32F4xx_HAL_Driver/Src/stm32f4xx_hal.c ****   * @retval tick period in Hz
 360:Drivers/STM32F4xx_HAL_Driver/Src/stm32f4xx_hal.c ****   */
 361:Drivers/STM32F4xx_HAL_Driver/Src/stm32f4xx_hal.c **** HAL_TickFreqTypeDef HAL_GetTickFreq(void)
 362:Drivers/STM32F4xx_HAL_Driver/Src/stm32f4xx_hal.c **** {
 406              		.loc 1 362 1 is_stmt 1 view -0
 407              		.cfi_startproc
 408              		@ args = 0, pretend = 0, frame = 0
 409              		@ frame_needed = 0, uses_anonymous_args = 0
 410              		@ link register save eliminated.
 363:Drivers/STM32F4xx_HAL_Driver/Src/stm32f4xx_hal.c ****   return uwTickFreq;
 411              		.loc 1 363 3 view .LVU73
 364:Drivers/STM32F4xx_HAL_Driver/Src/stm32f4xx_hal.c **** }
 412              		.loc 1 364 1 is_stmt 0 view .LVU74
 413 0000 014B     		ldr	r3, .L36
 414 0002 1878     		ldrb	r0, [r3]	@ zero_extendqisi2
 415 0004 7047     		bx	lr
 416              	.L37:
 417 0006 00BF     		.align	2
 418              	.L36:
 419 0008 00000000 		.word	.LANCHOR0
ARM GAS  C:\Users\ncer\AppData\Local\Temp\cc7ITsvN.s 			page 15


 420              		.cfi_endproc
 421              	.LFE139:
 423              		.section	.text.HAL_Delay,"ax",%progbits
 424              		.align	1
 425              		.weak	HAL_Delay
 426              		.syntax unified
 427              		.thumb
 428              		.thumb_func
 429              		.fpu fpv4-sp-d16
 431              	HAL_Delay:
 432              	.LVL15:
 433              	.LFB140:
 365:Drivers/STM32F4xx_HAL_Driver/Src/stm32f4xx_hal.c **** 
 366:Drivers/STM32F4xx_HAL_Driver/Src/stm32f4xx_hal.c **** /**
 367:Drivers/STM32F4xx_HAL_Driver/Src/stm32f4xx_hal.c ****   * @brief This function provides minimum delay (in milliseconds) based 
 368:Drivers/STM32F4xx_HAL_Driver/Src/stm32f4xx_hal.c ****   *        on variable incremented.
 369:Drivers/STM32F4xx_HAL_Driver/Src/stm32f4xx_hal.c ****   * @note In the default implementation , SysTick timer is the source of time base.
 370:Drivers/STM32F4xx_HAL_Driver/Src/stm32f4xx_hal.c ****   *       It is used to generate interrupts at regular time intervals where uwTick
 371:Drivers/STM32F4xx_HAL_Driver/Src/stm32f4xx_hal.c ****   *       is incremented.
 372:Drivers/STM32F4xx_HAL_Driver/Src/stm32f4xx_hal.c ****   * @note This function is declared as __weak to be overwritten in case of other
 373:Drivers/STM32F4xx_HAL_Driver/Src/stm32f4xx_hal.c ****   *       implementations in user file.
 374:Drivers/STM32F4xx_HAL_Driver/Src/stm32f4xx_hal.c ****   * @param Delay specifies the delay time length, in milliseconds.
 375:Drivers/STM32F4xx_HAL_Driver/Src/stm32f4xx_hal.c ****   * @retval None
 376:Drivers/STM32F4xx_HAL_Driver/Src/stm32f4xx_hal.c ****   */
 377:Drivers/STM32F4xx_HAL_Driver/Src/stm32f4xx_hal.c **** __weak void HAL_Delay(uint32_t Delay)
 378:Drivers/STM32F4xx_HAL_Driver/Src/stm32f4xx_hal.c **** {
 434              		.loc 1 378 1 is_stmt 1 view -0
 435              		.cfi_startproc
 436              		@ args = 0, pretend = 0, frame = 0
 437              		@ frame_needed = 0, uses_anonymous_args = 0
 438              		.loc 1 378 1 is_stmt 0 view .LVU76
 439 0000 38B5     		push	{r3, r4, r5, lr}
 440              	.LCFI4:
 441              		.cfi_def_cfa_offset 16
 442              		.cfi_offset 3, -16
 443              		.cfi_offset 4, -12
 444              		.cfi_offset 5, -8
 445              		.cfi_offset 14, -4
 446 0002 0446     		mov	r4, r0
 379:Drivers/STM32F4xx_HAL_Driver/Src/stm32f4xx_hal.c ****   uint32_t tickstart = HAL_GetTick();
 447              		.loc 1 379 3 is_stmt 1 view .LVU77
 448              		.loc 1 379 24 is_stmt 0 view .LVU78
 449 0004 FFF7FEFF 		bl	HAL_GetTick
 450              	.LVL16:
 451              		.loc 1 379 24 view .LVU79
 452 0008 0546     		mov	r5, r0
 453              	.LVL17:
 380:Drivers/STM32F4xx_HAL_Driver/Src/stm32f4xx_hal.c ****   uint32_t wait = Delay;
 454              		.loc 1 380 3 is_stmt 1 view .LVU80
 381:Drivers/STM32F4xx_HAL_Driver/Src/stm32f4xx_hal.c **** 
 382:Drivers/STM32F4xx_HAL_Driver/Src/stm32f4xx_hal.c ****   /* Add a freq to guarantee minimum wait */
 383:Drivers/STM32F4xx_HAL_Driver/Src/stm32f4xx_hal.c ****   if (wait < HAL_MAX_DELAY)
 455              		.loc 1 383 3 view .LVU81
 456              		.loc 1 383 6 is_stmt 0 view .LVU82
 457 000a B4F1FF3F 		cmp	r4, #-1
 458 000e 02D0     		beq	.L40
 384:Drivers/STM32F4xx_HAL_Driver/Src/stm32f4xx_hal.c ****   {
ARM GAS  C:\Users\ncer\AppData\Local\Temp\cc7ITsvN.s 			page 16


 385:Drivers/STM32F4xx_HAL_Driver/Src/stm32f4xx_hal.c ****     wait += (uint32_t)(uwTickFreq);
 459              		.loc 1 385 5 is_stmt 1 view .LVU83
 460              		.loc 1 385 13 is_stmt 0 view .LVU84
 461 0010 044B     		ldr	r3, .L42
 462 0012 1B78     		ldrb	r3, [r3]	@ zero_extendqisi2
 463              		.loc 1 385 10 view .LVU85
 464 0014 1C44     		add	r4, r4, r3
 465              	.LVL18:
 466              	.L40:
 386:Drivers/STM32F4xx_HAL_Driver/Src/stm32f4xx_hal.c ****   }
 387:Drivers/STM32F4xx_HAL_Driver/Src/stm32f4xx_hal.c **** 
 388:Drivers/STM32F4xx_HAL_Driver/Src/stm32f4xx_hal.c ****   while((HAL_GetTick() - tickstart) < wait)
 389:Drivers/STM32F4xx_HAL_Driver/Src/stm32f4xx_hal.c ****   {
 390:Drivers/STM32F4xx_HAL_Driver/Src/stm32f4xx_hal.c ****   }
 467              		.loc 1 390 3 is_stmt 1 discriminator 1 view .LVU86
 388:Drivers/STM32F4xx_HAL_Driver/Src/stm32f4xx_hal.c ****   {
 468              		.loc 1 388 8 discriminator 1 view .LVU87
 388:Drivers/STM32F4xx_HAL_Driver/Src/stm32f4xx_hal.c ****   {
 469              		.loc 1 388 10 is_stmt 0 discriminator 1 view .LVU88
 470 0016 FFF7FEFF 		bl	HAL_GetTick
 471              	.LVL19:
 388:Drivers/STM32F4xx_HAL_Driver/Src/stm32f4xx_hal.c ****   {
 472              		.loc 1 388 24 discriminator 1 view .LVU89
 473 001a 401B     		subs	r0, r0, r5
 388:Drivers/STM32F4xx_HAL_Driver/Src/stm32f4xx_hal.c ****   {
 474              		.loc 1 388 8 discriminator 1 view .LVU90
 475 001c A042     		cmp	r0, r4
 476 001e FAD3     		bcc	.L40
 391:Drivers/STM32F4xx_HAL_Driver/Src/stm32f4xx_hal.c **** }
 477              		.loc 1 391 1 view .LVU91
 478 0020 38BD     		pop	{r3, r4, r5, pc}
 479              	.LVL20:
 480              	.L43:
 481              		.loc 1 391 1 view .LVU92
 482 0022 00BF     		.align	2
 483              	.L42:
 484 0024 00000000 		.word	.LANCHOR0
 485              		.cfi_endproc
 486              	.LFE140:
 488              		.section	.text.HAL_SuspendTick,"ax",%progbits
 489              		.align	1
 490              		.weak	HAL_SuspendTick
 491              		.syntax unified
 492              		.thumb
 493              		.thumb_func
 494              		.fpu fpv4-sp-d16
 496              	HAL_SuspendTick:
 497              	.LFB141:
 392:Drivers/STM32F4xx_HAL_Driver/Src/stm32f4xx_hal.c **** 
 393:Drivers/STM32F4xx_HAL_Driver/Src/stm32f4xx_hal.c **** /**
 394:Drivers/STM32F4xx_HAL_Driver/Src/stm32f4xx_hal.c ****   * @brief Suspend Tick increment.
 395:Drivers/STM32F4xx_HAL_Driver/Src/stm32f4xx_hal.c ****   * @note In the default implementation , SysTick timer is the source of time base. It is
 396:Drivers/STM32F4xx_HAL_Driver/Src/stm32f4xx_hal.c ****   *       used to generate interrupts at regular time intervals. Once HAL_SuspendTick()
 397:Drivers/STM32F4xx_HAL_Driver/Src/stm32f4xx_hal.c ****   *       is called, the SysTick interrupt will be disabled and so Tick increment 
 398:Drivers/STM32F4xx_HAL_Driver/Src/stm32f4xx_hal.c ****   *       is suspended.
 399:Drivers/STM32F4xx_HAL_Driver/Src/stm32f4xx_hal.c ****   * @note This function is declared as __weak to be overwritten in case of other
 400:Drivers/STM32F4xx_HAL_Driver/Src/stm32f4xx_hal.c ****   *       implementations in user file.
ARM GAS  C:\Users\ncer\AppData\Local\Temp\cc7ITsvN.s 			page 17


 401:Drivers/STM32F4xx_HAL_Driver/Src/stm32f4xx_hal.c ****   * @retval None
 402:Drivers/STM32F4xx_HAL_Driver/Src/stm32f4xx_hal.c ****   */
 403:Drivers/STM32F4xx_HAL_Driver/Src/stm32f4xx_hal.c **** __weak void HAL_SuspendTick(void)
 404:Drivers/STM32F4xx_HAL_Driver/Src/stm32f4xx_hal.c **** {
 498              		.loc 1 404 1 is_stmt 1 view -0
 499              		.cfi_startproc
 500              		@ args = 0, pretend = 0, frame = 0
 501              		@ frame_needed = 0, uses_anonymous_args = 0
 502              		@ link register save eliminated.
 405:Drivers/STM32F4xx_HAL_Driver/Src/stm32f4xx_hal.c ****   /* Disable SysTick Interrupt */
 406:Drivers/STM32F4xx_HAL_Driver/Src/stm32f4xx_hal.c ****   SysTick->CTRL &= ~SysTick_CTRL_TICKINT_Msk;
 503              		.loc 1 406 3 view .LVU94
 504              		.loc 1 406 17 is_stmt 0 view .LVU95
 505 0000 024A     		ldr	r2, .L45
 506 0002 1368     		ldr	r3, [r2]
 507 0004 23F00203 		bic	r3, r3, #2
 508 0008 1360     		str	r3, [r2]
 407:Drivers/STM32F4xx_HAL_Driver/Src/stm32f4xx_hal.c **** }
 509              		.loc 1 407 1 view .LVU96
 510 000a 7047     		bx	lr
 511              	.L46:
 512              		.align	2
 513              	.L45:
 514 000c 10E000E0 		.word	-536813552
 515              		.cfi_endproc
 516              	.LFE141:
 518              		.section	.text.HAL_ResumeTick,"ax",%progbits
 519              		.align	1
 520              		.weak	HAL_ResumeTick
 521              		.syntax unified
 522              		.thumb
 523              		.thumb_func
 524              		.fpu fpv4-sp-d16
 526              	HAL_ResumeTick:
 527              	.LFB142:
 408:Drivers/STM32F4xx_HAL_Driver/Src/stm32f4xx_hal.c **** 
 409:Drivers/STM32F4xx_HAL_Driver/Src/stm32f4xx_hal.c **** /**
 410:Drivers/STM32F4xx_HAL_Driver/Src/stm32f4xx_hal.c ****   * @brief Resume Tick increment.
 411:Drivers/STM32F4xx_HAL_Driver/Src/stm32f4xx_hal.c ****   * @note In the default implementation , SysTick timer is the source of time base. It is
 412:Drivers/STM32F4xx_HAL_Driver/Src/stm32f4xx_hal.c ****   *       used to generate interrupts at regular time intervals. Once HAL_ResumeTick()
 413:Drivers/STM32F4xx_HAL_Driver/Src/stm32f4xx_hal.c ****   *       is called, the SysTick interrupt will be enabled and so Tick increment 
 414:Drivers/STM32F4xx_HAL_Driver/Src/stm32f4xx_hal.c ****   *       is resumed.
 415:Drivers/STM32F4xx_HAL_Driver/Src/stm32f4xx_hal.c ****   * @note This function is declared as __weak to be overwritten in case of other
 416:Drivers/STM32F4xx_HAL_Driver/Src/stm32f4xx_hal.c ****   *       implementations in user file.
 417:Drivers/STM32F4xx_HAL_Driver/Src/stm32f4xx_hal.c ****   * @retval None
 418:Drivers/STM32F4xx_HAL_Driver/Src/stm32f4xx_hal.c ****   */
 419:Drivers/STM32F4xx_HAL_Driver/Src/stm32f4xx_hal.c **** __weak void HAL_ResumeTick(void)
 420:Drivers/STM32F4xx_HAL_Driver/Src/stm32f4xx_hal.c **** {
 528              		.loc 1 420 1 is_stmt 1 view -0
 529              		.cfi_startproc
 530              		@ args = 0, pretend = 0, frame = 0
 531              		@ frame_needed = 0, uses_anonymous_args = 0
 532              		@ link register save eliminated.
 421:Drivers/STM32F4xx_HAL_Driver/Src/stm32f4xx_hal.c ****   /* Enable SysTick Interrupt */
 422:Drivers/STM32F4xx_HAL_Driver/Src/stm32f4xx_hal.c ****   SysTick->CTRL  |= SysTick_CTRL_TICKINT_Msk;
 533              		.loc 1 422 3 view .LVU98
 534              		.loc 1 422 18 is_stmt 0 view .LVU99
ARM GAS  C:\Users\ncer\AppData\Local\Temp\cc7ITsvN.s 			page 18


 535 0000 024A     		ldr	r2, .L48
 536 0002 1368     		ldr	r3, [r2]
 537 0004 43F00203 		orr	r3, r3, #2
 538 0008 1360     		str	r3, [r2]
 423:Drivers/STM32F4xx_HAL_Driver/Src/stm32f4xx_hal.c **** }
 539              		.loc 1 423 1 view .LVU100
 540 000a 7047     		bx	lr
 541              	.L49:
 542              		.align	2
 543              	.L48:
 544 000c 10E000E0 		.word	-536813552
 545              		.cfi_endproc
 546              	.LFE142:
 548              		.section	.text.HAL_GetHalVersion,"ax",%progbits
 549              		.align	1
 550              		.global	HAL_GetHalVersion
 551              		.syntax unified
 552              		.thumb
 553              		.thumb_func
 554              		.fpu fpv4-sp-d16
 556              	HAL_GetHalVersion:
 557              	.LFB143:
 424:Drivers/STM32F4xx_HAL_Driver/Src/stm32f4xx_hal.c **** 
 425:Drivers/STM32F4xx_HAL_Driver/Src/stm32f4xx_hal.c **** /**
 426:Drivers/STM32F4xx_HAL_Driver/Src/stm32f4xx_hal.c ****   * @brief  Returns the HAL revision
 427:Drivers/STM32F4xx_HAL_Driver/Src/stm32f4xx_hal.c ****   * @retval version : 0xXYZR (8bits for each decimal, R for RC)
 428:Drivers/STM32F4xx_HAL_Driver/Src/stm32f4xx_hal.c ****   */
 429:Drivers/STM32F4xx_HAL_Driver/Src/stm32f4xx_hal.c **** uint32_t HAL_GetHalVersion(void)
 430:Drivers/STM32F4xx_HAL_Driver/Src/stm32f4xx_hal.c **** {
 558              		.loc 1 430 1 is_stmt 1 view -0
 559              		.cfi_startproc
 560              		@ args = 0, pretend = 0, frame = 0
 561              		@ frame_needed = 0, uses_anonymous_args = 0
 562              		@ link register save eliminated.
 431:Drivers/STM32F4xx_HAL_Driver/Src/stm32f4xx_hal.c ****   return __STM32F4xx_HAL_VERSION;
 563              		.loc 1 431 3 view .LVU102
 432:Drivers/STM32F4xx_HAL_Driver/Src/stm32f4xx_hal.c **** }
 564              		.loc 1 432 1 is_stmt 0 view .LVU103
 565 0000 0048     		ldr	r0, .L51
 566 0002 7047     		bx	lr
 567              	.L52:
 568              		.align	2
 569              	.L51:
 570 0004 00050701 		.word	17237248
 571              		.cfi_endproc
 572              	.LFE143:
 574              		.section	.text.HAL_GetREVID,"ax",%progbits
 575              		.align	1
 576              		.global	HAL_GetREVID
 577              		.syntax unified
 578              		.thumb
 579              		.thumb_func
 580              		.fpu fpv4-sp-d16
 582              	HAL_GetREVID:
 583              	.LFB144:
 433:Drivers/STM32F4xx_HAL_Driver/Src/stm32f4xx_hal.c **** 
 434:Drivers/STM32F4xx_HAL_Driver/Src/stm32f4xx_hal.c **** /**
ARM GAS  C:\Users\ncer\AppData\Local\Temp\cc7ITsvN.s 			page 19


 435:Drivers/STM32F4xx_HAL_Driver/Src/stm32f4xx_hal.c ****   * @brief  Returns the device revision identifier.
 436:Drivers/STM32F4xx_HAL_Driver/Src/stm32f4xx_hal.c ****   * @retval Device revision identifier
 437:Drivers/STM32F4xx_HAL_Driver/Src/stm32f4xx_hal.c ****   */
 438:Drivers/STM32F4xx_HAL_Driver/Src/stm32f4xx_hal.c **** uint32_t HAL_GetREVID(void)
 439:Drivers/STM32F4xx_HAL_Driver/Src/stm32f4xx_hal.c **** {
 584              		.loc 1 439 1 is_stmt 1 view -0
 585              		.cfi_startproc
 586              		@ args = 0, pretend = 0, frame = 0
 587              		@ frame_needed = 0, uses_anonymous_args = 0
 588              		@ link register save eliminated.
 440:Drivers/STM32F4xx_HAL_Driver/Src/stm32f4xx_hal.c ****   return((DBGMCU->IDCODE) >> 16U);
 589              		.loc 1 440 3 view .LVU105
 590              		.loc 1 440 17 is_stmt 0 view .LVU106
 591 0000 014B     		ldr	r3, .L54
 592 0002 1868     		ldr	r0, [r3]
 441:Drivers/STM32F4xx_HAL_Driver/Src/stm32f4xx_hal.c **** }
 593              		.loc 1 441 1 view .LVU107
 594 0004 000C     		lsrs	r0, r0, #16
 595 0006 7047     		bx	lr
 596              	.L55:
 597              		.align	2
 598              	.L54:
 599 0008 002004E0 		.word	-536600576
 600              		.cfi_endproc
 601              	.LFE144:
 603              		.section	.text.HAL_GetDEVID,"ax",%progbits
 604              		.align	1
 605              		.global	HAL_GetDEVID
 606              		.syntax unified
 607              		.thumb
 608              		.thumb_func
 609              		.fpu fpv4-sp-d16
 611              	HAL_GetDEVID:
 612              	.LFB145:
 442:Drivers/STM32F4xx_HAL_Driver/Src/stm32f4xx_hal.c **** 
 443:Drivers/STM32F4xx_HAL_Driver/Src/stm32f4xx_hal.c **** /**
 444:Drivers/STM32F4xx_HAL_Driver/Src/stm32f4xx_hal.c ****   * @brief  Returns the device identifier.
 445:Drivers/STM32F4xx_HAL_Driver/Src/stm32f4xx_hal.c ****   * @retval Device identifier
 446:Drivers/STM32F4xx_HAL_Driver/Src/stm32f4xx_hal.c ****   */
 447:Drivers/STM32F4xx_HAL_Driver/Src/stm32f4xx_hal.c **** uint32_t HAL_GetDEVID(void)
 448:Drivers/STM32F4xx_HAL_Driver/Src/stm32f4xx_hal.c **** {
 613              		.loc 1 448 1 is_stmt 1 view -0
 614              		.cfi_startproc
 615              		@ args = 0, pretend = 0, frame = 0
 616              		@ frame_needed = 0, uses_anonymous_args = 0
 617              		@ link register save eliminated.
 449:Drivers/STM32F4xx_HAL_Driver/Src/stm32f4xx_hal.c ****   return((DBGMCU->IDCODE) & IDCODE_DEVID_MASK);
 618              		.loc 1 449 3 view .LVU109
 619              		.loc 1 449 17 is_stmt 0 view .LVU110
 620 0000 024B     		ldr	r3, .L57
 621 0002 1868     		ldr	r0, [r3]
 450:Drivers/STM32F4xx_HAL_Driver/Src/stm32f4xx_hal.c **** }
 622              		.loc 1 450 1 view .LVU111
 623 0004 C0F30B00 		ubfx	r0, r0, #0, #12
 624 0008 7047     		bx	lr
 625              	.L58:
 626 000a 00BF     		.align	2
ARM GAS  C:\Users\ncer\AppData\Local\Temp\cc7ITsvN.s 			page 20


 627              	.L57:
 628 000c 002004E0 		.word	-536600576
 629              		.cfi_endproc
 630              	.LFE145:
 632              		.section	.text.HAL_DBGMCU_EnableDBGSleepMode,"ax",%progbits
 633              		.align	1
 634              		.global	HAL_DBGMCU_EnableDBGSleepMode
 635              		.syntax unified
 636              		.thumb
 637              		.thumb_func
 638              		.fpu fpv4-sp-d16
 640              	HAL_DBGMCU_EnableDBGSleepMode:
 641              	.LFB146:
 451:Drivers/STM32F4xx_HAL_Driver/Src/stm32f4xx_hal.c **** 
 452:Drivers/STM32F4xx_HAL_Driver/Src/stm32f4xx_hal.c **** /**
 453:Drivers/STM32F4xx_HAL_Driver/Src/stm32f4xx_hal.c ****   * @brief  Enable the Debug Module during SLEEP mode
 454:Drivers/STM32F4xx_HAL_Driver/Src/stm32f4xx_hal.c ****   * @retval None
 455:Drivers/STM32F4xx_HAL_Driver/Src/stm32f4xx_hal.c ****   */
 456:Drivers/STM32F4xx_HAL_Driver/Src/stm32f4xx_hal.c **** void HAL_DBGMCU_EnableDBGSleepMode(void)
 457:Drivers/STM32F4xx_HAL_Driver/Src/stm32f4xx_hal.c **** {
 642              		.loc 1 457 1 is_stmt 1 view -0
 643              		.cfi_startproc
 644              		@ args = 0, pretend = 0, frame = 0
 645              		@ frame_needed = 0, uses_anonymous_args = 0
 646              		@ link register save eliminated.
 458:Drivers/STM32F4xx_HAL_Driver/Src/stm32f4xx_hal.c ****   SET_BIT(DBGMCU->CR, DBGMCU_CR_DBG_SLEEP);
 647              		.loc 1 458 3 view .LVU113
 648 0000 024A     		ldr	r2, .L60
 649 0002 5368     		ldr	r3, [r2, #4]
 650 0004 43F00103 		orr	r3, r3, #1
 651 0008 5360     		str	r3, [r2, #4]
 459:Drivers/STM32F4xx_HAL_Driver/Src/stm32f4xx_hal.c **** }
 652              		.loc 1 459 1 is_stmt 0 view .LVU114
 653 000a 7047     		bx	lr
 654              	.L61:
 655              		.align	2
 656              	.L60:
 657 000c 002004E0 		.word	-536600576
 658              		.cfi_endproc
 659              	.LFE146:
 661              		.section	.text.HAL_DBGMCU_DisableDBGSleepMode,"ax",%progbits
 662              		.align	1
 663              		.global	HAL_DBGMCU_DisableDBGSleepMode
 664              		.syntax unified
 665              		.thumb
 666              		.thumb_func
 667              		.fpu fpv4-sp-d16
 669              	HAL_DBGMCU_DisableDBGSleepMode:
 670              	.LFB147:
 460:Drivers/STM32F4xx_HAL_Driver/Src/stm32f4xx_hal.c **** 
 461:Drivers/STM32F4xx_HAL_Driver/Src/stm32f4xx_hal.c **** /**
 462:Drivers/STM32F4xx_HAL_Driver/Src/stm32f4xx_hal.c ****   * @brief  Disable the Debug Module during SLEEP mode
 463:Drivers/STM32F4xx_HAL_Driver/Src/stm32f4xx_hal.c ****   * @retval None
 464:Drivers/STM32F4xx_HAL_Driver/Src/stm32f4xx_hal.c ****   */
 465:Drivers/STM32F4xx_HAL_Driver/Src/stm32f4xx_hal.c **** void HAL_DBGMCU_DisableDBGSleepMode(void)
 466:Drivers/STM32F4xx_HAL_Driver/Src/stm32f4xx_hal.c **** {
 671              		.loc 1 466 1 is_stmt 1 view -0
ARM GAS  C:\Users\ncer\AppData\Local\Temp\cc7ITsvN.s 			page 21


 672              		.cfi_startproc
 673              		@ args = 0, pretend = 0, frame = 0
 674              		@ frame_needed = 0, uses_anonymous_args = 0
 675              		@ link register save eliminated.
 467:Drivers/STM32F4xx_HAL_Driver/Src/stm32f4xx_hal.c ****   CLEAR_BIT(DBGMCU->CR, DBGMCU_CR_DBG_SLEEP);
 676              		.loc 1 467 3 view .LVU116
 677 0000 024A     		ldr	r2, .L63
 678 0002 5368     		ldr	r3, [r2, #4]
 679 0004 23F00103 		bic	r3, r3, #1
 680 0008 5360     		str	r3, [r2, #4]
 468:Drivers/STM32F4xx_HAL_Driver/Src/stm32f4xx_hal.c **** }
 681              		.loc 1 468 1 is_stmt 0 view .LVU117
 682 000a 7047     		bx	lr
 683              	.L64:
 684              		.align	2
 685              	.L63:
 686 000c 002004E0 		.word	-536600576
 687              		.cfi_endproc
 688              	.LFE147:
 690              		.section	.text.HAL_DBGMCU_EnableDBGStopMode,"ax",%progbits
 691              		.align	1
 692              		.global	HAL_DBGMCU_EnableDBGStopMode
 693              		.syntax unified
 694              		.thumb
 695              		.thumb_func
 696              		.fpu fpv4-sp-d16
 698              	HAL_DBGMCU_EnableDBGStopMode:
 699              	.LFB148:
 469:Drivers/STM32F4xx_HAL_Driver/Src/stm32f4xx_hal.c **** 
 470:Drivers/STM32F4xx_HAL_Driver/Src/stm32f4xx_hal.c **** /**
 471:Drivers/STM32F4xx_HAL_Driver/Src/stm32f4xx_hal.c ****   * @brief  Enable the Debug Module during STOP mode
 472:Drivers/STM32F4xx_HAL_Driver/Src/stm32f4xx_hal.c ****   * @retval None
 473:Drivers/STM32F4xx_HAL_Driver/Src/stm32f4xx_hal.c ****   */
 474:Drivers/STM32F4xx_HAL_Driver/Src/stm32f4xx_hal.c **** void HAL_DBGMCU_EnableDBGStopMode(void)
 475:Drivers/STM32F4xx_HAL_Driver/Src/stm32f4xx_hal.c **** {
 700              		.loc 1 475 1 is_stmt 1 view -0
 701              		.cfi_startproc
 702              		@ args = 0, pretend = 0, frame = 0
 703              		@ frame_needed = 0, uses_anonymous_args = 0
 704              		@ link register save eliminated.
 476:Drivers/STM32F4xx_HAL_Driver/Src/stm32f4xx_hal.c ****   SET_BIT(DBGMCU->CR, DBGMCU_CR_DBG_STOP);
 705              		.loc 1 476 3 view .LVU119
 706 0000 024A     		ldr	r2, .L66
 707 0002 5368     		ldr	r3, [r2, #4]
 708 0004 43F00203 		orr	r3, r3, #2
 709 0008 5360     		str	r3, [r2, #4]
 477:Drivers/STM32F4xx_HAL_Driver/Src/stm32f4xx_hal.c **** }
 710              		.loc 1 477 1 is_stmt 0 view .LVU120
 711 000a 7047     		bx	lr
 712              	.L67:
 713              		.align	2
 714              	.L66:
 715 000c 002004E0 		.word	-536600576
 716              		.cfi_endproc
 717              	.LFE148:
 719              		.section	.text.HAL_DBGMCU_DisableDBGStopMode,"ax",%progbits
 720              		.align	1
ARM GAS  C:\Users\ncer\AppData\Local\Temp\cc7ITsvN.s 			page 22


 721              		.global	HAL_DBGMCU_DisableDBGStopMode
 722              		.syntax unified
 723              		.thumb
 724              		.thumb_func
 725              		.fpu fpv4-sp-d16
 727              	HAL_DBGMCU_DisableDBGStopMode:
 728              	.LFB149:
 478:Drivers/STM32F4xx_HAL_Driver/Src/stm32f4xx_hal.c **** 
 479:Drivers/STM32F4xx_HAL_Driver/Src/stm32f4xx_hal.c **** /**
 480:Drivers/STM32F4xx_HAL_Driver/Src/stm32f4xx_hal.c ****   * @brief  Disable the Debug Module during STOP mode
 481:Drivers/STM32F4xx_HAL_Driver/Src/stm32f4xx_hal.c ****   * @retval None
 482:Drivers/STM32F4xx_HAL_Driver/Src/stm32f4xx_hal.c ****   */
 483:Drivers/STM32F4xx_HAL_Driver/Src/stm32f4xx_hal.c **** void HAL_DBGMCU_DisableDBGStopMode(void)
 484:Drivers/STM32F4xx_HAL_Driver/Src/stm32f4xx_hal.c **** {
 729              		.loc 1 484 1 is_stmt 1 view -0
 730              		.cfi_startproc
 731              		@ args = 0, pretend = 0, frame = 0
 732              		@ frame_needed = 0, uses_anonymous_args = 0
 733              		@ link register save eliminated.
 485:Drivers/STM32F4xx_HAL_Driver/Src/stm32f4xx_hal.c ****   CLEAR_BIT(DBGMCU->CR, DBGMCU_CR_DBG_STOP);
 734              		.loc 1 485 3 view .LVU122
 735 0000 024A     		ldr	r2, .L69
 736 0002 5368     		ldr	r3, [r2, #4]
 737 0004 23F00203 		bic	r3, r3, #2
 738 0008 5360     		str	r3, [r2, #4]
 486:Drivers/STM32F4xx_HAL_Driver/Src/stm32f4xx_hal.c **** }
 739              		.loc 1 486 1 is_stmt 0 view .LVU123
 740 000a 7047     		bx	lr
 741              	.L70:
 742              		.align	2
 743              	.L69:
 744 000c 002004E0 		.word	-536600576
 745              		.cfi_endproc
 746              	.LFE149:
 748              		.section	.text.HAL_DBGMCU_EnableDBGStandbyMode,"ax",%progbits
 749              		.align	1
 750              		.global	HAL_DBGMCU_EnableDBGStandbyMode
 751              		.syntax unified
 752              		.thumb
 753              		.thumb_func
 754              		.fpu fpv4-sp-d16
 756              	HAL_DBGMCU_EnableDBGStandbyMode:
 757              	.LFB150:
 487:Drivers/STM32F4xx_HAL_Driver/Src/stm32f4xx_hal.c **** 
 488:Drivers/STM32F4xx_HAL_Driver/Src/stm32f4xx_hal.c **** /**
 489:Drivers/STM32F4xx_HAL_Driver/Src/stm32f4xx_hal.c ****   * @brief  Enable the Debug Module during STANDBY mode
 490:Drivers/STM32F4xx_HAL_Driver/Src/stm32f4xx_hal.c ****   * @retval None
 491:Drivers/STM32F4xx_HAL_Driver/Src/stm32f4xx_hal.c ****   */
 492:Drivers/STM32F4xx_HAL_Driver/Src/stm32f4xx_hal.c **** void HAL_DBGMCU_EnableDBGStandbyMode(void)
 493:Drivers/STM32F4xx_HAL_Driver/Src/stm32f4xx_hal.c **** {
 758              		.loc 1 493 1 is_stmt 1 view -0
 759              		.cfi_startproc
 760              		@ args = 0, pretend = 0, frame = 0
 761              		@ frame_needed = 0, uses_anonymous_args = 0
 762              		@ link register save eliminated.
 494:Drivers/STM32F4xx_HAL_Driver/Src/stm32f4xx_hal.c ****   SET_BIT(DBGMCU->CR, DBGMCU_CR_DBG_STANDBY);
 763              		.loc 1 494 3 view .LVU125
ARM GAS  C:\Users\ncer\AppData\Local\Temp\cc7ITsvN.s 			page 23


 764 0000 024A     		ldr	r2, .L72
 765 0002 5368     		ldr	r3, [r2, #4]
 766 0004 43F00403 		orr	r3, r3, #4
 767 0008 5360     		str	r3, [r2, #4]
 495:Drivers/STM32F4xx_HAL_Driver/Src/stm32f4xx_hal.c **** }
 768              		.loc 1 495 1 is_stmt 0 view .LVU126
 769 000a 7047     		bx	lr
 770              	.L73:
 771              		.align	2
 772              	.L72:
 773 000c 002004E0 		.word	-536600576
 774              		.cfi_endproc
 775              	.LFE150:
 777              		.section	.text.HAL_DBGMCU_DisableDBGStandbyMode,"ax",%progbits
 778              		.align	1
 779              		.global	HAL_DBGMCU_DisableDBGStandbyMode
 780              		.syntax unified
 781              		.thumb
 782              		.thumb_func
 783              		.fpu fpv4-sp-d16
 785              	HAL_DBGMCU_DisableDBGStandbyMode:
 786              	.LFB151:
 496:Drivers/STM32F4xx_HAL_Driver/Src/stm32f4xx_hal.c **** 
 497:Drivers/STM32F4xx_HAL_Driver/Src/stm32f4xx_hal.c **** /**
 498:Drivers/STM32F4xx_HAL_Driver/Src/stm32f4xx_hal.c ****   * @brief  Disable the Debug Module during STANDBY mode
 499:Drivers/STM32F4xx_HAL_Driver/Src/stm32f4xx_hal.c ****   * @retval None
 500:Drivers/STM32F4xx_HAL_Driver/Src/stm32f4xx_hal.c ****   */
 501:Drivers/STM32F4xx_HAL_Driver/Src/stm32f4xx_hal.c **** void HAL_DBGMCU_DisableDBGStandbyMode(void)
 502:Drivers/STM32F4xx_HAL_Driver/Src/stm32f4xx_hal.c **** {
 787              		.loc 1 502 1 is_stmt 1 view -0
 788              		.cfi_startproc
 789              		@ args = 0, pretend = 0, frame = 0
 790              		@ frame_needed = 0, uses_anonymous_args = 0
 791              		@ link register save eliminated.
 503:Drivers/STM32F4xx_HAL_Driver/Src/stm32f4xx_hal.c ****   CLEAR_BIT(DBGMCU->CR, DBGMCU_CR_DBG_STANDBY);
 792              		.loc 1 503 3 view .LVU128
 793 0000 024A     		ldr	r2, .L75
 794 0002 5368     		ldr	r3, [r2, #4]
 795 0004 23F00403 		bic	r3, r3, #4
 796 0008 5360     		str	r3, [r2, #4]
 504:Drivers/STM32F4xx_HAL_Driver/Src/stm32f4xx_hal.c **** }
 797              		.loc 1 504 1 is_stmt 0 view .LVU129
 798 000a 7047     		bx	lr
 799              	.L76:
 800              		.align	2
 801              	.L75:
 802 000c 002004E0 		.word	-536600576
 803              		.cfi_endproc
 804              	.LFE151:
 806              		.section	.text.HAL_EnableCompensationCell,"ax",%progbits
 807              		.align	1
 808              		.global	HAL_EnableCompensationCell
 809              		.syntax unified
 810              		.thumb
 811              		.thumb_func
 812              		.fpu fpv4-sp-d16
 814              	HAL_EnableCompensationCell:
ARM GAS  C:\Users\ncer\AppData\Local\Temp\cc7ITsvN.s 			page 24


 815              	.LFB152:
 505:Drivers/STM32F4xx_HAL_Driver/Src/stm32f4xx_hal.c **** 
 506:Drivers/STM32F4xx_HAL_Driver/Src/stm32f4xx_hal.c **** /**
 507:Drivers/STM32F4xx_HAL_Driver/Src/stm32f4xx_hal.c ****   * @brief  Enables the I/O Compensation Cell.
 508:Drivers/STM32F4xx_HAL_Driver/Src/stm32f4xx_hal.c ****   * @note   The I/O compensation cell can be used only when the device supply
 509:Drivers/STM32F4xx_HAL_Driver/Src/stm32f4xx_hal.c ****   *         voltage ranges from 2.4 to 3.6 V.  
 510:Drivers/STM32F4xx_HAL_Driver/Src/stm32f4xx_hal.c ****   * @retval None
 511:Drivers/STM32F4xx_HAL_Driver/Src/stm32f4xx_hal.c ****   */
 512:Drivers/STM32F4xx_HAL_Driver/Src/stm32f4xx_hal.c **** void HAL_EnableCompensationCell(void)
 513:Drivers/STM32F4xx_HAL_Driver/Src/stm32f4xx_hal.c **** {
 816              		.loc 1 513 1 is_stmt 1 view -0
 817              		.cfi_startproc
 818              		@ args = 0, pretend = 0, frame = 0
 819              		@ frame_needed = 0, uses_anonymous_args = 0
 820              		@ link register save eliminated.
 514:Drivers/STM32F4xx_HAL_Driver/Src/stm32f4xx_hal.c ****   *(__IO uint32_t *)CMPCR_CMP_PD_BB = (uint32_t)ENABLE;
 821              		.loc 1 514 3 view .LVU131
 822              		.loc 1 514 37 is_stmt 0 view .LVU132
 823 0000 014B     		ldr	r3, .L78
 824 0002 0122     		movs	r2, #1
 825 0004 1A60     		str	r2, [r3]
 515:Drivers/STM32F4xx_HAL_Driver/Src/stm32f4xx_hal.c **** }
 826              		.loc 1 515 1 view .LVU133
 827 0006 7047     		bx	lr
 828              	.L79:
 829              		.align	2
 830              	.L78:
 831 0008 00042742 		.word	1109853184
 832              		.cfi_endproc
 833              	.LFE152:
 835              		.section	.text.HAL_DisableCompensationCell,"ax",%progbits
 836              		.align	1
 837              		.global	HAL_DisableCompensationCell
 838              		.syntax unified
 839              		.thumb
 840              		.thumb_func
 841              		.fpu fpv4-sp-d16
 843              	HAL_DisableCompensationCell:
 844              	.LFB153:
 516:Drivers/STM32F4xx_HAL_Driver/Src/stm32f4xx_hal.c **** 
 517:Drivers/STM32F4xx_HAL_Driver/Src/stm32f4xx_hal.c **** /**
 518:Drivers/STM32F4xx_HAL_Driver/Src/stm32f4xx_hal.c ****   * @brief  Power-down the I/O Compensation Cell.
 519:Drivers/STM32F4xx_HAL_Driver/Src/stm32f4xx_hal.c ****   * @note   The I/O compensation cell can be used only when the device supply
 520:Drivers/STM32F4xx_HAL_Driver/Src/stm32f4xx_hal.c ****   *         voltage ranges from 2.4 to 3.6 V.  
 521:Drivers/STM32F4xx_HAL_Driver/Src/stm32f4xx_hal.c ****   * @retval None
 522:Drivers/STM32F4xx_HAL_Driver/Src/stm32f4xx_hal.c ****   */
 523:Drivers/STM32F4xx_HAL_Driver/Src/stm32f4xx_hal.c **** void HAL_DisableCompensationCell(void)
 524:Drivers/STM32F4xx_HAL_Driver/Src/stm32f4xx_hal.c **** {
 845              		.loc 1 524 1 is_stmt 1 view -0
 846              		.cfi_startproc
 847              		@ args = 0, pretend = 0, frame = 0
 848              		@ frame_needed = 0, uses_anonymous_args = 0
 849              		@ link register save eliminated.
 525:Drivers/STM32F4xx_HAL_Driver/Src/stm32f4xx_hal.c ****   *(__IO uint32_t *)CMPCR_CMP_PD_BB = (uint32_t)DISABLE;
 850              		.loc 1 525 3 view .LVU135
 851              		.loc 1 525 37 is_stmt 0 view .LVU136
 852 0000 014B     		ldr	r3, .L81
ARM GAS  C:\Users\ncer\AppData\Local\Temp\cc7ITsvN.s 			page 25


 853 0002 0022     		movs	r2, #0
 854 0004 1A60     		str	r2, [r3]
 526:Drivers/STM32F4xx_HAL_Driver/Src/stm32f4xx_hal.c **** }
 855              		.loc 1 526 1 view .LVU137
 856 0006 7047     		bx	lr
 857              	.L82:
 858              		.align	2
 859              	.L81:
 860 0008 00042742 		.word	1109853184
 861              		.cfi_endproc
 862              	.LFE153:
 864              		.section	.text.HAL_GetUIDw0,"ax",%progbits
 865              		.align	1
 866              		.global	HAL_GetUIDw0
 867              		.syntax unified
 868              		.thumb
 869              		.thumb_func
 870              		.fpu fpv4-sp-d16
 872              	HAL_GetUIDw0:
 873              	.LFB154:
 527:Drivers/STM32F4xx_HAL_Driver/Src/stm32f4xx_hal.c **** 
 528:Drivers/STM32F4xx_HAL_Driver/Src/stm32f4xx_hal.c **** /**
 529:Drivers/STM32F4xx_HAL_Driver/Src/stm32f4xx_hal.c ****   * @brief  Returns first word of the unique device identifier (UID based on 96 bits)
 530:Drivers/STM32F4xx_HAL_Driver/Src/stm32f4xx_hal.c ****   * @retval Device identifier
 531:Drivers/STM32F4xx_HAL_Driver/Src/stm32f4xx_hal.c ****   */
 532:Drivers/STM32F4xx_HAL_Driver/Src/stm32f4xx_hal.c **** uint32_t HAL_GetUIDw0(void)
 533:Drivers/STM32F4xx_HAL_Driver/Src/stm32f4xx_hal.c **** {
 874              		.loc 1 533 1 is_stmt 1 view -0
 875              		.cfi_startproc
 876              		@ args = 0, pretend = 0, frame = 0
 877              		@ frame_needed = 0, uses_anonymous_args = 0
 878              		@ link register save eliminated.
 534:Drivers/STM32F4xx_HAL_Driver/Src/stm32f4xx_hal.c ****   return (READ_REG(*((uint32_t *)UID_BASE)));
 879              		.loc 1 534 3 view .LVU139
 535:Drivers/STM32F4xx_HAL_Driver/Src/stm32f4xx_hal.c **** }
 880              		.loc 1 535 1 is_stmt 0 view .LVU140
 881 0000 014B     		ldr	r3, .L84
 882 0002 1868     		ldr	r0, [r3]
 883 0004 7047     		bx	lr
 884              	.L85:
 885 0006 00BF     		.align	2
 886              	.L84:
 887 0008 107AFF1F 		.word	536836624
 888              		.cfi_endproc
 889              	.LFE154:
 891              		.section	.text.HAL_GetUIDw1,"ax",%progbits
 892              		.align	1
 893              		.global	HAL_GetUIDw1
 894              		.syntax unified
 895              		.thumb
 896              		.thumb_func
 897              		.fpu fpv4-sp-d16
 899              	HAL_GetUIDw1:
 900              	.LFB155:
 536:Drivers/STM32F4xx_HAL_Driver/Src/stm32f4xx_hal.c **** 
 537:Drivers/STM32F4xx_HAL_Driver/Src/stm32f4xx_hal.c **** /**
 538:Drivers/STM32F4xx_HAL_Driver/Src/stm32f4xx_hal.c ****   * @brief  Returns second word of the unique device identifier (UID based on 96 bits)
ARM GAS  C:\Users\ncer\AppData\Local\Temp\cc7ITsvN.s 			page 26


 539:Drivers/STM32F4xx_HAL_Driver/Src/stm32f4xx_hal.c ****   * @retval Device identifier
 540:Drivers/STM32F4xx_HAL_Driver/Src/stm32f4xx_hal.c ****   */
 541:Drivers/STM32F4xx_HAL_Driver/Src/stm32f4xx_hal.c **** uint32_t HAL_GetUIDw1(void)
 542:Drivers/STM32F4xx_HAL_Driver/Src/stm32f4xx_hal.c **** {
 901              		.loc 1 542 1 is_stmt 1 view -0
 902              		.cfi_startproc
 903              		@ args = 0, pretend = 0, frame = 0
 904              		@ frame_needed = 0, uses_anonymous_args = 0
 905              		@ link register save eliminated.
 543:Drivers/STM32F4xx_HAL_Driver/Src/stm32f4xx_hal.c ****   return (READ_REG(*((uint32_t *)(UID_BASE + 4U))));
 906              		.loc 1 543 3 view .LVU142
 544:Drivers/STM32F4xx_HAL_Driver/Src/stm32f4xx_hal.c **** }
 907              		.loc 1 544 1 is_stmt 0 view .LVU143
 908 0000 014B     		ldr	r3, .L87
 909 0002 1868     		ldr	r0, [r3]
 910 0004 7047     		bx	lr
 911              	.L88:
 912 0006 00BF     		.align	2
 913              	.L87:
 914 0008 147AFF1F 		.word	536836628
 915              		.cfi_endproc
 916              	.LFE155:
 918              		.section	.text.HAL_GetUIDw2,"ax",%progbits
 919              		.align	1
 920              		.global	HAL_GetUIDw2
 921              		.syntax unified
 922              		.thumb
 923              		.thumb_func
 924              		.fpu fpv4-sp-d16
 926              	HAL_GetUIDw2:
 927              	.LFB156:
 545:Drivers/STM32F4xx_HAL_Driver/Src/stm32f4xx_hal.c **** 
 546:Drivers/STM32F4xx_HAL_Driver/Src/stm32f4xx_hal.c **** /**
 547:Drivers/STM32F4xx_HAL_Driver/Src/stm32f4xx_hal.c ****   * @brief  Returns third word of the unique device identifier (UID based on 96 bits)
 548:Drivers/STM32F4xx_HAL_Driver/Src/stm32f4xx_hal.c ****   * @retval Device identifier
 549:Drivers/STM32F4xx_HAL_Driver/Src/stm32f4xx_hal.c ****   */
 550:Drivers/STM32F4xx_HAL_Driver/Src/stm32f4xx_hal.c **** uint32_t HAL_GetUIDw2(void)
 551:Drivers/STM32F4xx_HAL_Driver/Src/stm32f4xx_hal.c **** {
 928              		.loc 1 551 1 is_stmt 1 view -0
 929              		.cfi_startproc
 930              		@ args = 0, pretend = 0, frame = 0
 931              		@ frame_needed = 0, uses_anonymous_args = 0
 932              		@ link register save eliminated.
 552:Drivers/STM32F4xx_HAL_Driver/Src/stm32f4xx_hal.c ****   return (READ_REG(*((uint32_t *)(UID_BASE + 8U))));
 933              		.loc 1 552 3 view .LVU145
 553:Drivers/STM32F4xx_HAL_Driver/Src/stm32f4xx_hal.c **** }
 934              		.loc 1 553 1 is_stmt 0 view .LVU146
 935 0000 014B     		ldr	r3, .L90
 936 0002 1868     		ldr	r0, [r3]
 937 0004 7047     		bx	lr
 938              	.L91:
 939 0006 00BF     		.align	2
 940              	.L90:
 941 0008 187AFF1F 		.word	536836632
 942              		.cfi_endproc
 943              	.LFE156:
 945              		.global	uwTickFreq
ARM GAS  C:\Users\ncer\AppData\Local\Temp\cc7ITsvN.s 			page 27


 946              		.global	uwTickPrio
 947              		.comm	uwTick,4,4
 948              		.section	.data.uwTickFreq,"aw"
 949              		.set	.LANCHOR0,. + 0
 952              	uwTickFreq:
 953 0000 01       		.byte	1
 954              		.section	.data.uwTickPrio,"aw"
 955              		.align	2
 956              		.set	.LANCHOR1,. + 0
 959              	uwTickPrio:
 960 0000 10000000 		.word	16
 961              		.text
 962              	.Letext0:
 963              		.file 2 "c:\\arm_gcc\\arm-none-eabi\\include\\machine\\_default_types.h"
 964              		.file 3 "c:\\arm_gcc\\arm-none-eabi\\include\\sys\\_stdint.h"
 965              		.file 4 "Drivers/CMSIS/Include/core_cm4.h"
 966              		.file 5 "Drivers/CMSIS/Device/ST/STM32F4xx/Include/system_stm32f4xx.h"
 967              		.file 6 "Drivers/CMSIS/Device/ST/STM32F4xx/Include/stm32f405xx.h"
 968              		.file 7 "Drivers/CMSIS/Device/ST/STM32F4xx/Include/stm32f4xx.h"
 969              		.file 8 "Drivers/STM32F4xx_HAL_Driver/Inc/stm32f4xx_hal_def.h"
 970              		.file 9 "Drivers/STM32F4xx_HAL_Driver/Inc/stm32f4xx_hal.h"
 971              		.file 10 "Drivers/STM32F4xx_HAL_Driver/Inc/stm32f4xx_hal_cortex.h"
ARM GAS  C:\Users\ncer\AppData\Local\Temp\cc7ITsvN.s 			page 28


DEFINED SYMBOLS
                            *ABS*:00000000 stm32f4xx_hal.c
C:\Users\ncer\AppData\Local\Temp\cc7ITsvN.s:18     .text.HAL_MspInit:00000000 $t
C:\Users\ncer\AppData\Local\Temp\cc7ITsvN.s:26     .text.HAL_MspInit:00000000 HAL_MspInit
C:\Users\ncer\AppData\Local\Temp\cc7ITsvN.s:40     .text.HAL_MspDeInit:00000000 $t
C:\Users\ncer\AppData\Local\Temp\cc7ITsvN.s:47     .text.HAL_MspDeInit:00000000 HAL_MspDeInit
C:\Users\ncer\AppData\Local\Temp\cc7ITsvN.s:60     .text.HAL_DeInit:00000000 $t
C:\Users\ncer\AppData\Local\Temp\cc7ITsvN.s:67     .text.HAL_DeInit:00000000 HAL_DeInit
C:\Users\ncer\AppData\Local\Temp\cc7ITsvN.s:111    .text.HAL_DeInit:00000028 $d
C:\Users\ncer\AppData\Local\Temp\cc7ITsvN.s:116    .text.HAL_InitTick:00000000 $t
C:\Users\ncer\AppData\Local\Temp\cc7ITsvN.s:123    .text.HAL_InitTick:00000000 HAL_InitTick
C:\Users\ncer\AppData\Local\Temp\cc7ITsvN.s:186    .text.HAL_InitTick:00000040 $d
C:\Users\ncer\AppData\Local\Temp\cc7ITsvN.s:193    .text.HAL_Init:00000000 $t
C:\Users\ncer\AppData\Local\Temp\cc7ITsvN.s:200    .text.HAL_Init:00000000 HAL_Init
C:\Users\ncer\AppData\Local\Temp\cc7ITsvN.s:242    .text.HAL_Init:00000030 $d
C:\Users\ncer\AppData\Local\Temp\cc7ITsvN.s:247    .text.HAL_IncTick:00000000 $t
C:\Users\ncer\AppData\Local\Temp\cc7ITsvN.s:254    .text.HAL_IncTick:00000000 HAL_IncTick
C:\Users\ncer\AppData\Local\Temp\cc7ITsvN.s:274    .text.HAL_IncTick:00000010 $d
                            *COM*:00000004 uwTick
C:\Users\ncer\AppData\Local\Temp\cc7ITsvN.s:280    .text.HAL_GetTick:00000000 $t
C:\Users\ncer\AppData\Local\Temp\cc7ITsvN.s:287    .text.HAL_GetTick:00000000 HAL_GetTick
C:\Users\ncer\AppData\Local\Temp\cc7ITsvN.s:303    .text.HAL_GetTick:00000008 $d
C:\Users\ncer\AppData\Local\Temp\cc7ITsvN.s:308    .text.HAL_GetTickPrio:00000000 $t
C:\Users\ncer\AppData\Local\Temp\cc7ITsvN.s:315    .text.HAL_GetTickPrio:00000000 HAL_GetTickPrio
C:\Users\ncer\AppData\Local\Temp\cc7ITsvN.s:330    .text.HAL_GetTickPrio:00000008 $d
C:\Users\ncer\AppData\Local\Temp\cc7ITsvN.s:335    .text.HAL_SetTickFreq:00000000 $t
C:\Users\ncer\AppData\Local\Temp\cc7ITsvN.s:342    .text.HAL_SetTickFreq:00000000 HAL_SetTickFreq
C:\Users\ncer\AppData\Local\Temp\cc7ITsvN.s:391    .text.HAL_SetTickFreq:0000001c $d
C:\Users\ncer\AppData\Local\Temp\cc7ITsvN.s:397    .text.HAL_GetTickFreq:00000000 $t
C:\Users\ncer\AppData\Local\Temp\cc7ITsvN.s:404    .text.HAL_GetTickFreq:00000000 HAL_GetTickFreq
C:\Users\ncer\AppData\Local\Temp\cc7ITsvN.s:419    .text.HAL_GetTickFreq:00000008 $d
C:\Users\ncer\AppData\Local\Temp\cc7ITsvN.s:424    .text.HAL_Delay:00000000 $t
C:\Users\ncer\AppData\Local\Temp\cc7ITsvN.s:431    .text.HAL_Delay:00000000 HAL_Delay
C:\Users\ncer\AppData\Local\Temp\cc7ITsvN.s:484    .text.HAL_Delay:00000024 $d
C:\Users\ncer\AppData\Local\Temp\cc7ITsvN.s:489    .text.HAL_SuspendTick:00000000 $t
C:\Users\ncer\AppData\Local\Temp\cc7ITsvN.s:496    .text.HAL_SuspendTick:00000000 HAL_SuspendTick
C:\Users\ncer\AppData\Local\Temp\cc7ITsvN.s:514    .text.HAL_SuspendTick:0000000c $d
C:\Users\ncer\AppData\Local\Temp\cc7ITsvN.s:519    .text.HAL_ResumeTick:00000000 $t
C:\Users\ncer\AppData\Local\Temp\cc7ITsvN.s:526    .text.HAL_ResumeTick:00000000 HAL_ResumeTick
C:\Users\ncer\AppData\Local\Temp\cc7ITsvN.s:544    .text.HAL_ResumeTick:0000000c $d
C:\Users\ncer\AppData\Local\Temp\cc7ITsvN.s:549    .text.HAL_GetHalVersion:00000000 $t
C:\Users\ncer\AppData\Local\Temp\cc7ITsvN.s:556    .text.HAL_GetHalVersion:00000000 HAL_GetHalVersion
C:\Users\ncer\AppData\Local\Temp\cc7ITsvN.s:570    .text.HAL_GetHalVersion:00000004 $d
C:\Users\ncer\AppData\Local\Temp\cc7ITsvN.s:575    .text.HAL_GetREVID:00000000 $t
C:\Users\ncer\AppData\Local\Temp\cc7ITsvN.s:582    .text.HAL_GetREVID:00000000 HAL_GetREVID
C:\Users\ncer\AppData\Local\Temp\cc7ITsvN.s:599    .text.HAL_GetREVID:00000008 $d
C:\Users\ncer\AppData\Local\Temp\cc7ITsvN.s:604    .text.HAL_GetDEVID:00000000 $t
C:\Users\ncer\AppData\Local\Temp\cc7ITsvN.s:611    .text.HAL_GetDEVID:00000000 HAL_GetDEVID
C:\Users\ncer\AppData\Local\Temp\cc7ITsvN.s:628    .text.HAL_GetDEVID:0000000c $d
C:\Users\ncer\AppData\Local\Temp\cc7ITsvN.s:633    .text.HAL_DBGMCU_EnableDBGSleepMode:00000000 $t
C:\Users\ncer\AppData\Local\Temp\cc7ITsvN.s:640    .text.HAL_DBGMCU_EnableDBGSleepMode:00000000 HAL_DBGMCU_EnableDBGSleepMode
C:\Users\ncer\AppData\Local\Temp\cc7ITsvN.s:657    .text.HAL_DBGMCU_EnableDBGSleepMode:0000000c $d
C:\Users\ncer\AppData\Local\Temp\cc7ITsvN.s:662    .text.HAL_DBGMCU_DisableDBGSleepMode:00000000 $t
C:\Users\ncer\AppData\Local\Temp\cc7ITsvN.s:669    .text.HAL_DBGMCU_DisableDBGSleepMode:00000000 HAL_DBGMCU_DisableDBGSleepMode
C:\Users\ncer\AppData\Local\Temp\cc7ITsvN.s:686    .text.HAL_DBGMCU_DisableDBGSleepMode:0000000c $d
C:\Users\ncer\AppData\Local\Temp\cc7ITsvN.s:691    .text.HAL_DBGMCU_EnableDBGStopMode:00000000 $t
C:\Users\ncer\AppData\Local\Temp\cc7ITsvN.s:698    .text.HAL_DBGMCU_EnableDBGStopMode:00000000 HAL_DBGMCU_EnableDBGStopMode
ARM GAS  C:\Users\ncer\AppData\Local\Temp\cc7ITsvN.s 			page 29


C:\Users\ncer\AppData\Local\Temp\cc7ITsvN.s:715    .text.HAL_DBGMCU_EnableDBGStopMode:0000000c $d
C:\Users\ncer\AppData\Local\Temp\cc7ITsvN.s:720    .text.HAL_DBGMCU_DisableDBGStopMode:00000000 $t
C:\Users\ncer\AppData\Local\Temp\cc7ITsvN.s:727    .text.HAL_DBGMCU_DisableDBGStopMode:00000000 HAL_DBGMCU_DisableDBGStopMode
C:\Users\ncer\AppData\Local\Temp\cc7ITsvN.s:744    .text.HAL_DBGMCU_DisableDBGStopMode:0000000c $d
C:\Users\ncer\AppData\Local\Temp\cc7ITsvN.s:749    .text.HAL_DBGMCU_EnableDBGStandbyMode:00000000 $t
C:\Users\ncer\AppData\Local\Temp\cc7ITsvN.s:756    .text.HAL_DBGMCU_EnableDBGStandbyMode:00000000 HAL_DBGMCU_EnableDBGStandbyMode
C:\Users\ncer\AppData\Local\Temp\cc7ITsvN.s:773    .text.HAL_DBGMCU_EnableDBGStandbyMode:0000000c $d
C:\Users\ncer\AppData\Local\Temp\cc7ITsvN.s:778    .text.HAL_DBGMCU_DisableDBGStandbyMode:00000000 $t
C:\Users\ncer\AppData\Local\Temp\cc7ITsvN.s:785    .text.HAL_DBGMCU_DisableDBGStandbyMode:00000000 HAL_DBGMCU_DisableDBGStandbyMode
C:\Users\ncer\AppData\Local\Temp\cc7ITsvN.s:802    .text.HAL_DBGMCU_DisableDBGStandbyMode:0000000c $d
C:\Users\ncer\AppData\Local\Temp\cc7ITsvN.s:807    .text.HAL_EnableCompensationCell:00000000 $t
C:\Users\ncer\AppData\Local\Temp\cc7ITsvN.s:814    .text.HAL_EnableCompensationCell:00000000 HAL_EnableCompensationCell
C:\Users\ncer\AppData\Local\Temp\cc7ITsvN.s:831    .text.HAL_EnableCompensationCell:00000008 $d
C:\Users\ncer\AppData\Local\Temp\cc7ITsvN.s:836    .text.HAL_DisableCompensationCell:00000000 $t
C:\Users\ncer\AppData\Local\Temp\cc7ITsvN.s:843    .text.HAL_DisableCompensationCell:00000000 HAL_DisableCompensationCell
C:\Users\ncer\AppData\Local\Temp\cc7ITsvN.s:860    .text.HAL_DisableCompensationCell:00000008 $d
C:\Users\ncer\AppData\Local\Temp\cc7ITsvN.s:865    .text.HAL_GetUIDw0:00000000 $t
C:\Users\ncer\AppData\Local\Temp\cc7ITsvN.s:872    .text.HAL_GetUIDw0:00000000 HAL_GetUIDw0
C:\Users\ncer\AppData\Local\Temp\cc7ITsvN.s:887    .text.HAL_GetUIDw0:00000008 $d
C:\Users\ncer\AppData\Local\Temp\cc7ITsvN.s:892    .text.HAL_GetUIDw1:00000000 $t
C:\Users\ncer\AppData\Local\Temp\cc7ITsvN.s:899    .text.HAL_GetUIDw1:00000000 HAL_GetUIDw1
C:\Users\ncer\AppData\Local\Temp\cc7ITsvN.s:914    .text.HAL_GetUIDw1:00000008 $d
C:\Users\ncer\AppData\Local\Temp\cc7ITsvN.s:919    .text.HAL_GetUIDw2:00000000 $t
C:\Users\ncer\AppData\Local\Temp\cc7ITsvN.s:926    .text.HAL_GetUIDw2:00000000 HAL_GetUIDw2
C:\Users\ncer\AppData\Local\Temp\cc7ITsvN.s:941    .text.HAL_GetUIDw2:00000008 $d
C:\Users\ncer\AppData\Local\Temp\cc7ITsvN.s:952    .data.uwTickFreq:00000000 uwTickFreq
C:\Users\ncer\AppData\Local\Temp\cc7ITsvN.s:959    .data.uwTickPrio:00000000 uwTickPrio
C:\Users\ncer\AppData\Local\Temp\cc7ITsvN.s:955    .data.uwTickPrio:00000000 $d

UNDEFINED SYMBOLS
HAL_SYSTICK_Config
HAL_NVIC_SetPriority
SystemCoreClock
HAL_NVIC_SetPriorityGrouping
